---------------------------------------------------------------
[ 2020-03-03T09:52:15+08:00 ] 49.83.237.46 GET hqlyma.jinzhifm.com/
[运行时间：0.838587s] [吞吐率：1.19req/s] [内存消耗：2,502.68kb] [文件加载：99]
[ info ] [ LANG ] /www/wwwroot/rent.niuguagua.com/framework/lang/zh-cn.php
[ info ] [ ROUTE ] array (
)
[ info ] [ HEADER ] array (
  'accept-language' => 'zh-CN,zh;q=0.9',
  'accept-encoding' => 'gzip, deflate',
  'referer' => 'http://118.190.135.107:8888/site',
  'accept' => 'text/html,application/xhtml+xml,application/xml;q=0.9,image/webp,image/apng,*/*;q=0.8,application/signed-exchange;v=b3;q=0.9',
  'user-agent' => 'Mozilla/5.0 (Windows NT 10.0; WOW64) AppleWebKit/537.36 (KHTML, like Gecko) Chrome/80.0.3970.5 Safari/537.36',
  'upgrade-insecure-requests' => '1',
  'connection' => 'keep-alive',
  'host' => 'hqlyma.jinzhifm.com',
  'content-type' => '',
  'content-length' => '',
)
[ info ] [ PARAM ] array (
)
[ info ] [ BEHAVIOR ] Run app\admin\behavior\AdminLog->run @app_end [ RunTime:0.023426s ]
---------------------------------------------------------------
[ 2020-03-03T09:52:15+08:00 ] 49.83.237.46 GET hqlyma.jinzhifm.com/login/login
[运行时间：0.152756s] [吞吐率：6.55req/s] [内存消耗：3,573.36kb] [文件加载：114]
[ info ] [ LANG ] /www/wwwroot/rent.niuguagua.com/framework/lang/zh-cn.php
[ info ] [ ROUTE ] array (
)
[ info ] [ HEADER ] array (
  'cookie' => 'PHPSESSID=eiml7gi9omf0r66fqss9tk0ckt',
  'accept-language' => 'zh-CN,zh;q=0.9',
  'accept-encoding' => 'gzip, deflate',
  'referer' => 'http://118.190.135.107:8888/site',
  'accept' => 'text/html,application/xhtml+xml,application/xml;q=0.9,image/webp,image/apng,*/*;q=0.8,application/signed-exchange;v=b3;q=0.9',
  'user-agent' => 'Mozilla/5.0 (Windows NT 10.0; WOW64) AppleWebKit/537.36 (KHTML, like Gecko) Chrome/80.0.3970.5 Safari/537.36',
  'upgrade-insecure-requests' => '1',
  'connection' => 'keep-alive',
  'host' => 'hqlyma.jinzhifm.com',
  'content-type' => '',
  'content-length' => '',
)
[ info ] [ PARAM ] array (
)
[ info ] [ DB ] INIT mysql
[ info ] [ VIEW ] /www/wwwroot/rent.niuguagua.com/application/admin/view/login/login.html [ array (
  0 => 'captcha',
) ]
[ info ] [ BEHAVIOR ] Run app\admin\behavior\AdminLog->run @app_end [ RunTime:0.000294s ]
---------------------------------------------------------------
[ 2020-03-03T09:52:15+08:00 ] 49.83.237.46 GET hqlyma.jinzhifm.com/captcha
[运行时间：0.104580s] [吞吐率：9.56req/s] [内存消耗：1,965.96kb] [文件加载：81]
[ info ] [ LANG ] /www/wwwroot/rent.niuguagua.com/framework/lang/zh-cn.php
[ info ] [ ROUTE ] array (
  'rule' => 'captcha/<id?>',
  'route' => '\\think\\captcha\\CaptchaController@index',
  'option' => 
  array (
    'merge_rule_regex' => false,
  ),
  'var' => 
  array (
  ),
)
[ info ] [ HEADER ] array (
  'cookie' => 'PHPSESSID=eiml7gi9omf0r66fqss9tk0ckt',
  'accept-language' => 'zh-CN,zh;q=0.9',
  'accept-encoding' => 'gzip, deflate',
  'referer' => 'http://hqlyma.jinzhifm.com/login/login',
  'accept' => 'image/webp,image/apng,image/*,*/*;q=0.8',
  'user-agent' => 'Mozilla/5.0 (Windows NT 10.0; WOW64) AppleWebKit/537.36 (KHTML, like Gecko) Chrome/80.0.3970.5 Safari/537.36',
  'connection' => 'keep-alive',
  'host' => 'hqlyma.jinzhifm.com',
  'content-type' => '',
  'content-length' => '',
)
[ info ] [ PARAM ] array (
)
---------------------------------------------------------------
[ 2020-03-03T09:52:16+08:00 ] 49.83.237.46 GET hqlyapp.jinzhifm.com/
[运行时间：0.097791s] [吞吐率：10.23req/s] [内存消耗：2,498.85kb] [文件加载：96]
[ info ] [ LANG ] /www/wwwroot/rent.niuguagua.com/framework/lang/zh-cn.php
[ info ] [ ROUTE ] array (
)
[ info ] [ HEADER ] array (
  'accept-language' => 'zh-CN,zh;q=0.9',
  'accept-encoding' => 'gzip, deflate',
  'referer' => 'http://118.190.135.107:8888/site',
  'accept' => 'text/html,application/xhtml+xml,application/xml;q=0.9,image/webp,image/apng,*/*;q=0.8,application/signed-exchange;v=b3;q=0.9',
  'user-agent' => 'Mozilla/5.0 (Windows NT 10.0; WOW64) AppleWebKit/537.36 (KHTML, like Gecko) Chrome/80.0.3970.5 Safari/537.36',
  'upgrade-insecure-requests' => '1',
  'connection' => 'keep-alive',
  'host' => 'hqlyapp.jinzhifm.com',
  'content-type' => '',
  'content-length' => '',
)
[ info ] [ PARAM ] array (
)
---------------------------------------------------------------
[ 2020-03-03T09:52:16+08:00 ] 49.83.237.46 GET hqlyapp.jinzhifm.com/login/login
[运行时间：0.137209s] [吞吐率：7.29req/s] [内存消耗：3,334.01kb] [文件加载：102]
[ info ] [ LANG ] /www/wwwroot/rent.niuguagua.com/framework/lang/zh-cn.php
[ info ] [ ROUTE ] array (
)
[ info ] [ HEADER ] array (
  'cookie' => 'PHPSESSID=0li6m29h2lbd4rcv1dk06c5192',
  'accept-language' => 'zh-CN,zh;q=0.9',
  'accept-encoding' => 'gzip, deflate',
  'referer' => 'http://118.190.135.107:8888/site',
  'accept' => 'text/html,application/xhtml+xml,application/xml;q=0.9,image/webp,image/apng,*/*;q=0.8,application/signed-exchange;v=b3;q=0.9',
  'user-agent' => 'Mozilla/5.0 (Windows NT 10.0; WOW64) AppleWebKit/537.36 (KHTML, like Gecko) Chrome/80.0.3970.5 Safari/537.36',
  'upgrade-insecure-requests' => '1',
  'connection' => 'keep-alive',
  'host' => 'hqlyapp.jinzhifm.com',
  'content-type' => '',
  'content-length' => '',
)
[ info ] [ PARAM ] array (
)
[ info ] [ DB ] INIT mysql
[ info ] [ LANG ] ../application/common/lang/zh-cn.php
[ info ] [ VIEW ] /www/wwwroot/rent.niuguagua.com/application/index/view/login/login.html [ array (
) ]
---------------------------------------------------------------
[ 2020-03-03T10:37:58+08:00 ] 47.101.33.93 GET hqlyapp.jinzhifm.com/
[运行时间：0.040233s] [吞吐率：24.86req/s] [内存消耗：2,475.97kb] [文件加载：95]
[ info ] [ ROUTE ] array (
)
[ info ] [ HEADER ] array (
  'accept-encoding' => 'gzip',
  'connection' => 'Keep-Alive',
  'host' => 'hqlyapp.jinzhifm.com',
  'user-agent' => 'Mozilla/5.0 (X11; Ubuntu; Linux x86_64; rv:36.0) Gecko/20100101 Firefox/36.0',
  'content-type' => '',
  'content-length' => '',
)
[ info ] [ PARAM ] array (
)
---------------------------------------------------------------
[ 2020-03-03T10:37:58+08:00 ] 47.101.33.93 GET hqlyapp.jinzhifm.com/login/login
[运行时间：0.049529s] [吞吐率：20.19req/s] [内存消耗：3,319.06kb] [文件加载：101]
[ info ] [ ROUTE ] array (
)
[ info ] [ HEADER ] array (
  'accept-encoding' => 'gzip',
  'connection' => 'Keep-Alive',
  'host' => 'hqlyapp.jinzhifm.com',
  'user-agent' => 'Mozilla/5.0 (X11; Ubuntu; Linux x86_64; rv:36.0) Gecko/20100101 Firefox/36.0',
  'content-type' => '',
  'content-length' => '',
)
[ info ] [ PARAM ] array (
)
[ info ] [ DB ] INIT mysql
[ info ] [ LANG ] ../application/common/lang/zh-cn.php
[ info ] [ VIEW ] /www/wwwroot/rent.niuguagua.com/application/index/view/login/login.html [ array (
) ]
---------------------------------------------------------------
[ 2020-03-03T10:38:00+08:00 ] 47.101.33.93 GET hqlyapp.jinzhifm.com/login/firstlogin
[运行时间：0.048070s] [吞吐率：20.80req/s] [内存消耗：3,317.25kb] [文件加载：101]
[ info ] [ ROUTE ] array (
)
[ info ] [ HEADER ] array (
  'accept-encoding' => 'gzip',
  'connection' => 'Keep-Alive',
  'host' => 'hqlyapp.jinzhifm.com',
  'user-agent' => 'Mozilla/5.0 (X11; Ubuntu; Linux x86_64; rv:36.0) Gecko/20100101 Firefox/36.0',
  'content-type' => '',
  'content-length' => '',
)
[ info ] [ PARAM ] array (
)
[ info ] [ DB ] INIT mysql
[ info ] [ LANG ] ../application/common/lang/zh-cn.php
---------------------------------------------------------------
[ 2020-03-03T10:38:00+08:00 ] 47.101.33.93 GET hqlyapp.jinzhifm.com/index/index
[运行时间：0.039971s] [吞吐率：25.02req/s] [内存消耗：2,476.75kb] [文件加载：95]
[ info ] [ ROUTE ] array (
)
[ info ] [ HEADER ] array (
  'accept-encoding' => 'gzip',
  'connection' => 'Keep-Alive',
  'host' => 'hqlyapp.jinzhifm.com',
  'user-agent' => 'Mozilla/5.0 (X11; Ubuntu; Linux x86_64; rv:36.0) Gecko/20100101 Firefox/36.0',
  'content-type' => '',
  'content-length' => '',
)
[ info ] [ PARAM ] array (
)
---------------------------------------------------------------
[ 2020-03-03T10:38:00+08:00 ] 47.101.33.93 GET hqlyapp.jinzhifm.com/login/login
[运行时间：0.047559s] [吞吐率：21.03req/s] [内存消耗：3,319.06kb] [文件加载：101]
[ info ] [ ROUTE ] array (
)
[ info ] [ HEADER ] array (
  'accept-encoding' => 'gzip',
  'connection' => 'Keep-Alive',
  'host' => 'hqlyapp.jinzhifm.com',
  'user-agent' => 'Mozilla/5.0 (X11; Ubuntu; Linux x86_64; rv:36.0) Gecko/20100101 Firefox/36.0',
  'content-type' => '',
  'content-length' => '',
)
[ info ] [ PARAM ] array (
)
[ info ] [ DB ] INIT mysql
[ info ] [ LANG ] ../application/common/lang/zh-cn.php
[ info ] [ VIEW ] /www/wwwroot/rent.niuguagua.com/application/index/view/login/login.html [ array (
) ]
---------------------------------------------------------------
[ 2020-03-03T10:38:00+08:00 ] 47.101.33.93 GET hqlyapp.jinzhifm.com/login/login
[运行时间：0.050172s] [吞吐率：19.93req/s] [内存消耗：3,319.06kb] [文件加载：101]
[ info ] [ ROUTE ] array (
)
[ info ] [ HEADER ] array (
  'accept-encoding' => 'gzip',
  'connection' => 'Keep-Alive',
  'host' => 'hqlyapp.jinzhifm.com',
  'user-agent' => 'Mozilla/5.0 (X11; Ubuntu; Linux x86_64; rv:36.0) Gecko/20100101 Firefox/36.0',
  'content-type' => '',
  'content-length' => '',
)
[ info ] [ PARAM ] array (
)
[ info ] [ DB ] INIT mysql
[ info ] [ LANG ] ../application/common/lang/zh-cn.php
[ info ] [ VIEW ] /www/wwwroot/rent.niuguagua.com/application/index/view/login/login.html [ array (
) ]
---------------------------------------------------------------
[ 2020-03-03T10:51:39+08:00 ] 101.132.113.224 GET hqlyma.jinzhifm.com/
[运行时间：0.040142s] [吞吐率：24.91req/s] [内存消耗：2,479.80kb] [文件加载：98]
[ info ] [ ROUTE ] array (
)
[ info ] [ HEADER ] array (
  'accept-encoding' => 'gzip',
  'connection' => 'Keep-Alive',
  'host' => 'hqlyma.jinzhifm.com',
  'user-agent' => 'Mozilla/5.0 (X11; Ubuntu; Linux x86_64; rv:36.0) Gecko/20100101 Firefox/36.0',
  'content-type' => '',
  'content-length' => '',
)
[ info ] [ PARAM ] array (
)
[ info ] [ BEHAVIOR ] Run app\admin\behavior\AdminLog->run @app_end [ RunTime:0.000257s ]
---------------------------------------------------------------
[ 2020-03-03T10:51:39+08:00 ] 101.132.113.224 GET hqlyma.jinzhifm.com/login/login
[运行时间：0.054519s] [吞吐率：18.34req/s] [内存消耗：3,550.11kb] [文件加载：113]
[ info ] [ ROUTE ] array (
)
[ info ] [ HEADER ] array (
  'accept-encoding' => 'gzip',
  'connection' => 'Keep-Alive',
  'host' => 'hqlyma.jinzhifm.com',
  'user-agent' => 'Mozilla/5.0 (X11; Ubuntu; Linux x86_64; rv:36.0) Gecko/20100101 Firefox/36.0',
  'content-type' => '',
  'content-length' => '',
)
[ info ] [ PARAM ] array (
)
[ info ] [ DB ] INIT mysql
[ info ] [ VIEW ] /www/wwwroot/rent.niuguagua.com/application/admin/view/login/login.html [ array (
  0 => 'captcha',
) ]
[ info ] [ BEHAVIOR ] Run app\admin\behavior\AdminLog->run @app_end [ RunTime:0.000277s ]
---------------------------------------------------------------
[ 2020-03-03T10:51:41+08:00 ] 101.132.113.224 GET hqlyma.jinzhifm.com/captcha
[运行时间：0.061460s] [吞吐率：16.27req/s] [内存消耗：1,943.39kb] [文件加载：80]
[ info ] [ ROUTE ] array (
  'rule' => 'captcha/<id?>',
  'route' => '\\think\\captcha\\CaptchaController@index',
  'option' => 
  array (
    'merge_rule_regex' => false,
  ),
  'var' => 
  array (
  ),
)
[ info ] [ HEADER ] array (
  'accept-encoding' => 'gzip',
  'connection' => 'Keep-Alive',
  'host' => 'hqlyma.jinzhifm.com',
  'user-agent' => 'Mozilla/5.0 (X11; Ubuntu; Linux x86_64; rv:36.0) Gecko/20100101 Firefox/36.0',
  'content-type' => '',
  'content-length' => '',
)
[ info ] [ PARAM ] array (
)
