---------------------------------------------------------------
[ 2020-03-18T05:30:03+08:00 ] 47.101.198.81 GET hqlyapp.jinzhifm.com/
[运行时间：0.042001s] [吞吐率：23.81req/s] [内存消耗：2,474.07kb] [文件加载：95]
[ info ] [ ROUTE ] array (
)
[ info ] [ HEADER ] array (
  'accept-encoding' => 'gzip',
  'connection' => 'Keep-Alive',
  'host' => 'hqlyapp.jinzhifm.com',
  'user-agent' => 'Mozilla/5.0 (X11; Ubuntu; Linux x86_64; rv:36.0) Gecko/20100101 Firefox/36.0',
  'content-type' => '',
  'content-length' => '',
)
[ info ] [ PARAM ] array (
)
---------------------------------------------------------------
[ 2020-03-18T05:30:03+08:00 ] 47.101.198.81 GET hqlyapp.jinzhifm.com/login/login
[运行时间：0.044661s] [吞吐率：22.39req/s] [内存消耗：3,319.06kb] [文件加载：101]
[ info ] [ ROUTE ] array (
)
[ info ] [ HEADER ] array (
  'accept-encoding' => 'gzip',
  'connection' => 'Keep-Alive',
  'host' => 'hqlyapp.jinzhifm.com',
  'user-agent' => 'Mozilla/5.0 (X11; Ubuntu; Linux x86_64; rv:36.0) Gecko/20100101 Firefox/36.0',
  'content-type' => '',
  'content-length' => '',
)
[ info ] [ PARAM ] array (
)
[ info ] [ DB ] INIT mysql
[ info ] [ LANG ] ../application/common/lang/zh-cn.php
[ info ] [ VIEW ] /www/wwwroot/rent.niuguagua.com/application/index/view/login/login.html [ array (
) ]
---------------------------------------------------------------
[ 2020-03-18T05:30:04+08:00 ] 47.101.198.81 GET hqlyapp.jinzhifm.com/index/index
[运行时间：0.037536s] [吞吐率：26.64req/s] [内存消耗：2,474.86kb] [文件加载：95]
[ info ] [ ROUTE ] array (
)
[ info ] [ HEADER ] array (
  'accept-encoding' => 'gzip',
  'connection' => 'Keep-Alive',
  'host' => 'hqlyapp.jinzhifm.com',
  'user-agent' => 'Mozilla/5.0 (X11; Ubuntu; Linux x86_64; rv:36.0) Gecko/20100101 Firefox/36.0',
  'content-type' => '',
  'content-length' => '',
)
[ info ] [ PARAM ] array (
)
---------------------------------------------------------------
[ 2020-03-18T05:30:04+08:00 ] 47.101.198.81 GET hqlyapp.jinzhifm.com/login/firstlogin
[运行时间：0.055794s] [吞吐率：17.92req/s] [内存消耗：3,317.25kb] [文件加载：101]
[ info ] [ ROUTE ] array (
)
[ info ] [ HEADER ] array (
  'accept-encoding' => 'gzip',
  'connection' => 'Keep-Alive',
  'host' => 'hqlyapp.jinzhifm.com',
  'user-agent' => 'Mozilla/5.0 (X11; Ubuntu; Linux x86_64; rv:36.0) Gecko/20100101 Firefox/36.0',
  'content-type' => '',
  'content-length' => '',
)
[ info ] [ PARAM ] array (
)
[ info ] [ DB ] INIT mysql
[ info ] [ LANG ] ../application/common/lang/zh-cn.php
---------------------------------------------------------------
[ 2020-03-18T05:30:04+08:00 ] 47.101.198.81 GET hqlyapp.jinzhifm.com/login/login
[运行时间：0.057142s] [吞吐率：17.50req/s] [内存消耗：3,319.06kb] [文件加载：101]
[ info ] [ ROUTE ] array (
)
[ info ] [ HEADER ] array (
  'accept-encoding' => 'gzip',
  'connection' => 'Keep-Alive',
  'host' => 'hqlyapp.jinzhifm.com',
  'user-agent' => 'Mozilla/5.0 (X11; Ubuntu; Linux x86_64; rv:36.0) Gecko/20100101 Firefox/36.0',
  'content-type' => '',
  'content-length' => '',
)
[ info ] [ PARAM ] array (
)
[ info ] [ DB ] INIT mysql
[ info ] [ LANG ] ../application/common/lang/zh-cn.php
[ info ] [ VIEW ] /www/wwwroot/rent.niuguagua.com/application/index/view/login/login.html [ array (
) ]
---------------------------------------------------------------
[ 2020-03-18T05:30:04+08:00 ] 47.101.198.81 GET hqlyapp.jinzhifm.com/login/login
[运行时间：0.045831s] [吞吐率：21.82req/s] [内存消耗：3,319.06kb] [文件加载：101]
[ info ] [ ROUTE ] array (
)
[ info ] [ HEADER ] array (
  'accept-encoding' => 'gzip',
  'connection' => 'Keep-Alive',
  'host' => 'hqlyapp.jinzhifm.com',
  'user-agent' => 'Mozilla/5.0 (X11; Ubuntu; Linux x86_64; rv:36.0) Gecko/20100101 Firefox/36.0',
  'content-type' => '',
  'content-length' => '',
)
[ info ] [ PARAM ] array (
)
[ info ] [ DB ] INIT mysql
[ info ] [ LANG ] ../application/common/lang/zh-cn.php
[ info ] [ VIEW ] /www/wwwroot/rent.niuguagua.com/application/index/view/login/login.html [ array (
) ]
---------------------------------------------------------------
[ 2020-03-18T08:55:45+08:00 ] 101.132.102.18 GET hqlyma.jinzhifm.com/
[运行时间：0.037779s] [吞吐率：26.47req/s] [内存消耗：2,479.80kb] [文件加载：98]
[ info ] [ ROUTE ] array (
)
[ info ] [ HEADER ] array (
  'accept-encoding' => 'gzip',
  'connection' => 'Keep-Alive',
  'host' => 'hqlyma.jinzhifm.com',
  'user-agent' => 'Mozilla/5.0 (X11; Ubuntu; Linux x86_64; rv:36.0) Gecko/20100101 Firefox/36.0',
  'content-type' => '',
  'content-length' => '',
)
[ info ] [ PARAM ] array (
)
[ info ] [ BEHAVIOR ] Run app\admin\behavior\AdminLog->run @app_end [ RunTime:0.000258s ]
---------------------------------------------------------------
[ 2020-03-18T08:55:45+08:00 ] 101.132.102.18 GET hqlyma.jinzhifm.com/login/login
[运行时间：0.059288s] [吞吐率：16.87req/s] [内存消耗：3,550.11kb] [文件加载：113]
[ info ] [ ROUTE ] array (
)
[ info ] [ HEADER ] array (
  'accept-encoding' => 'gzip',
  'connection' => 'Keep-Alive',
  'host' => 'hqlyma.jinzhifm.com',
  'user-agent' => 'Mozilla/5.0 (X11; Ubuntu; Linux x86_64; rv:36.0) Gecko/20100101 Firefox/36.0',
  'content-type' => '',
  'content-length' => '',
)
[ info ] [ PARAM ] array (
)
[ info ] [ DB ] INIT mysql
[ info ] [ VIEW ] /www/wwwroot/rent.niuguagua.com/application/admin/view/login/login.html [ array (
  0 => 'captcha',
) ]
[ info ] [ BEHAVIOR ] Run app\admin\behavior\AdminLog->run @app_end [ RunTime:0.000253s ]
---------------------------------------------------------------
[ 2020-03-18T08:55:46+08:00 ] 101.132.102.18 GET hqlyma.jinzhifm.com/captcha
[运行时间：0.035701s] [吞吐率：28.01req/s] [内存消耗：1,943.39kb] [文件加载：80]
[ info ] [ ROUTE ] array (
  'rule' => 'captcha/<id?>',
  'route' => '\\think\\captcha\\CaptchaController@index',
  'option' => 
  array (
    'merge_rule_regex' => false,
  ),
  'var' => 
  array (
  ),
)
[ info ] [ HEADER ] array (
  'accept-encoding' => 'gzip',
  'connection' => 'Keep-Alive',
  'host' => 'hqlyma.jinzhifm.com',
  'user-agent' => 'Mozilla/5.0 (X11; Ubuntu; Linux x86_64; rv:36.0) Gecko/20100101 Firefox/36.0',
  'content-type' => '',
  'content-length' => '',
)
[ info ] [ PARAM ] array (
)
