---------------------------------------------------------------
[ 2020-04-04T06:01:15+08:00 ] 47.101.60.78 GET hqlyapp.jinzhifm.com/
[运行时间：0.038264s] [吞吐率：26.13req/s] [内存消耗：2,496.55kb] [文件加载：95]
[ info ] [ ROUTE ] array (
)
[ info ] [ HEADER ] array (
  'accept-encoding' => 'gzip',
  'connection' => 'Keep-Alive',
  'host' => 'hqlyapp.jinzhifm.com',
  'user-agent' => 'Mozilla/5.0 (iphone safari)iPhone Safari',
  'content-type' => '',
  'content-length' => '',
)
[ info ] [ PARAM ] array (
)
---------------------------------------------------------------
[ 2020-04-04T06:01:15+08:00 ] 47.101.60.78 GET hqlyapp.jinzhifm.com/login/login
[运行时间：0.046071s] [吞吐率：21.71req/s] [内存消耗：3,328.27kb] [文件加载：101]
[ info ] [ ROUTE ] array (
)
[ info ] [ HEADER ] array (
  'accept-encoding' => 'gzip',
  'connection' => 'Keep-Alive',
  'host' => 'hqlyapp.jinzhifm.com',
  'user-agent' => 'Mozilla/5.0 (iphone safari)iPhone Safari',
  'content-type' => '',
  'content-length' => '',
)
[ info ] [ PARAM ] array (
)
[ info ] [ DB ] INIT mysql
[ info ] [ LANG ] ../application/common/lang/zh-cn.php
[ info ] [ VIEW ] /www/wwwroot/rent.niuguagua.com/application/index/view/login/login.html [ array (
) ]
---------------------------------------------------------------
[ 2020-04-04T06:01:17+08:00 ] 47.101.60.78 GET hqlyapp.jinzhifm.com/index/index
[运行时间：0.037804s] [吞吐率：26.45req/s] [内存消耗：2,497.34kb] [文件加载：95]
[ info ] [ ROUTE ] array (
)
[ info ] [ HEADER ] array (
  'accept-encoding' => 'gzip',
  'connection' => 'Keep-Alive',
  'host' => 'hqlyapp.jinzhifm.com',
  'user-agent' => 'Mozilla/5.0 (iphone safari)iPhone Safari',
  'content-type' => '',
  'content-length' => '',
)
[ info ] [ PARAM ] array (
)
---------------------------------------------------------------
[ 2020-04-04T06:01:17+08:00 ] 47.101.60.78 GET hqlyapp.jinzhifm.com/login/firstlogin
[运行时间：0.050734s] [吞吐率：19.71req/s] [内存消耗：3,326.46kb] [文件加载：101]
[ info ] [ ROUTE ] array (
)
[ info ] [ HEADER ] array (
  'accept-encoding' => 'gzip',
  'connection' => 'Keep-Alive',
  'host' => 'hqlyapp.jinzhifm.com',
  'user-agent' => 'Mozilla/5.0 (iphone safari)iPhone Safari',
  'content-type' => '',
  'content-length' => '',
)
[ info ] [ PARAM ] array (
)
[ info ] [ DB ] INIT mysql
[ info ] [ LANG ] ../application/common/lang/zh-cn.php
---------------------------------------------------------------
[ 2020-04-04T06:01:17+08:00 ] 47.101.60.78 GET hqlyapp.jinzhifm.com/login/login
[运行时间：0.047017s] [吞吐率：21.27req/s] [内存消耗：3,328.27kb] [文件加载：101]
[ info ] [ ROUTE ] array (
)
[ info ] [ HEADER ] array (
  'accept-encoding' => 'gzip',
  'connection' => 'Keep-Alive',
  'host' => 'hqlyapp.jinzhifm.com',
  'user-agent' => 'Mozilla/5.0 (iphone safari)iPhone Safari',
  'content-type' => '',
  'content-length' => '',
)
[ info ] [ PARAM ] array (
)
[ info ] [ DB ] INIT mysql
[ info ] [ LANG ] ../application/common/lang/zh-cn.php
[ info ] [ VIEW ] /www/wwwroot/rent.niuguagua.com/application/index/view/login/login.html [ array (
) ]
---------------------------------------------------------------
[ 2020-04-04T06:01:17+08:00 ] 47.101.60.78 GET hqlyapp.jinzhifm.com/login/login
[运行时间：0.045439s] [吞吐率：22.01req/s] [内存消耗：3,328.27kb] [文件加载：101]
[ info ] [ ROUTE ] array (
)
[ info ] [ HEADER ] array (
  'accept-encoding' => 'gzip',
  'connection' => 'Keep-Alive',
  'host' => 'hqlyapp.jinzhifm.com',
  'user-agent' => 'Mozilla/5.0 (iphone safari)iPhone Safari',
  'content-type' => '',
  'content-length' => '',
)
[ info ] [ PARAM ] array (
)
[ info ] [ DB ] INIT mysql
[ info ] [ LANG ] ../application/common/lang/zh-cn.php
[ info ] [ VIEW ] /www/wwwroot/rent.niuguagua.com/application/index/view/login/login.html [ array (
) ]
---------------------------------------------------------------
[ 2020-04-04T07:32:24+08:00 ] 115.196.74.191 GET hqlyma.jinzhifm.com/
[运行时间：0.043187s] [吞吐率：23.16req/s] [内存消耗：2,488.88kb] [文件加载：98]
[ info ] [ ROUTE ] array (
)
[ info ] [ HEADER ] array (
  'connection' => 'close',
  'user-agent' => 'Python-urllib/3.7',
  'host' => 'hqlyma.jinzhifm.com',
  'accept-encoding' => 'identity',
  'content-type' => '',
  'content-length' => '',
)
[ info ] [ PARAM ] array (
)
[ info ] [ BEHAVIOR ] Run app\admin\behavior\AdminLog->run @app_end [ RunTime:0.000264s ]
---------------------------------------------------------------
[ 2020-04-04T07:32:24+08:00 ] 115.196.74.191 GET hqlyma.jinzhifm.com/login/login
[运行时间：0.051731s] [吞吐率：19.33req/s] [内存消耗：3,559.26kb] [文件加载：113]
[ info ] [ ROUTE ] array (
)
[ info ] [ HEADER ] array (
  'connection' => 'close',
  'user-agent' => 'Python-urllib/3.7',
  'host' => 'hqlyma.jinzhifm.com',
  'accept-encoding' => 'identity',
  'content-type' => '',
  'content-length' => '',
)
[ info ] [ PARAM ] array (
)
[ info ] [ DB ] INIT mysql
[ info ] [ VIEW ] /www/wwwroot/rent.niuguagua.com/application/admin/view/login/login.html [ array (
  0 => 'captcha',
) ]
[ info ] [ BEHAVIOR ] Run app\admin\behavior\AdminLog->run @app_end [ RunTime:0.000252s ]
---------------------------------------------------------------
[ 2020-04-04T14:32:52+08:00 ] 49.83.235.185 GET hqlyapp.jinzhifm.com/
[运行时间：0.037872s] [吞吐率：26.40req/s] [内存消耗：2,519.34kb] [文件加载：96]
[ info ] [ LANG ] /www/wwwroot/rent.niuguagua.com/framework/lang/zh-cn.php
[ info ] [ ROUTE ] array (
)
[ info ] [ HEADER ] array (
  'cookie' => 'PHPSESSID=pjf650nv8qlhsqnh0j1n5si5rv',
  'accept-language' => 'zh-CN,zh;q=0.9',
  'accept-encoding' => 'gzip, deflate',
  'accept' => 'text/html,application/xhtml+xml,application/xml;q=0.9,image/webp,image/apng,*/*;q=0.8',
  'user-agent' => 'Mozilla/5.0 (Windows NT 10.0; WOW64) AppleWebKit/537.36 (KHTML, like Gecko) Chrome/65.0.3314.0 Safari/537.36 SE 2.X MetaSr 1.0',
  'upgrade-insecure-requests' => '1',
  'connection' => 'keep-alive',
  'host' => 'hqlyapp.jinzhifm.com',
  'content-type' => '',
  'content-length' => '',
)
[ info ] [ PARAM ] array (
)
---------------------------------------------------------------
[ 2020-04-04T14:32:52+08:00 ] 49.83.235.185 GET hqlyapp.jinzhifm.com/login/login
[运行时间：0.046896s] [吞吐率：21.32req/s] [内存消耗：3,343.00kb] [文件加载：102]
[ info ] [ LANG ] /www/wwwroot/rent.niuguagua.com/framework/lang/zh-cn.php
[ info ] [ ROUTE ] array (
)
[ info ] [ HEADER ] array (
  'cookie' => 'PHPSESSID=pjf650nv8qlhsqnh0j1n5si5rv',
  'accept-language' => 'zh-CN,zh;q=0.9',
  'accept-encoding' => 'gzip, deflate',
  'accept' => 'text/html,application/xhtml+xml,application/xml;q=0.9,image/webp,image/apng,*/*;q=0.8',
  'user-agent' => 'Mozilla/5.0 (Windows NT 10.0; WOW64) AppleWebKit/537.36 (KHTML, like Gecko) Chrome/65.0.3314.0 Safari/537.36 SE 2.X MetaSr 1.0',
  'upgrade-insecure-requests' => '1',
  'connection' => 'keep-alive',
  'host' => 'hqlyapp.jinzhifm.com',
  'content-type' => '',
  'content-length' => '',
)
[ info ] [ PARAM ] array (
)
[ info ] [ DB ] INIT mysql
[ info ] [ LANG ] ../application/common/lang/zh-cn.php
[ info ] [ VIEW ] /www/wwwroot/rent.niuguagua.com/application/index/view/login/login.html [ array (
) ]
---------------------------------------------------------------
[ 2020-04-04T14:39:44+08:00 ] 49.83.235.185 GET hqlyapp.jinzhifm.com/
[运行时间：0.042515s] [吞吐率：23.52req/s] [内存消耗：2,519.91kb] [文件加载：96]
[ info ] [ LANG ] /www/wwwroot/rent.niuguagua.com/framework/lang/zh-cn.php
[ info ] [ ROUTE ] array (
)
[ info ] [ HEADER ] array (
  'cookie' => 'Hm_lvt_eaa57ca47dacb4ad4f5a257001a3457c=1585573106,1585612854,1585681006,1585700563',
  'accept-language' => 'zh-CN,zh;q=0.9',
  'accept-encoding' => 'gzip, deflate',
  'purpose' => 'prefetch',
  'accept' => 'text/html,application/xhtml+xml,application/xml;q=0.9,image/webp,image/apng,*/*;q=0.8,application/signed-exchange;v=b3;q=0.9',
  'user-agent' => 'Mozilla/5.0 (Windows NT 10.0; WOW64) AppleWebKit/537.36 (KHTML, like Gecko) Chrome/80.0.3970.5 Safari/537.36',
  'upgrade-insecure-requests' => '1',
  'connection' => 'keep-alive',
  'host' => 'hqlyapp.jinzhifm.com',
  'content-type' => '',
  'content-length' => '',
)
[ info ] [ PARAM ] array (
)
---------------------------------------------------------------
[ 2020-04-04T14:39:44+08:00 ] 49.83.235.185 GET hqlyapp.jinzhifm.com/login/login
[运行时间：0.048446s] [吞吐率：20.64req/s] [内存消耗：3,343.53kb] [文件加载：102]
[ info ] [ LANG ] /www/wwwroot/rent.niuguagua.com/framework/lang/zh-cn.php
[ info ] [ ROUTE ] array (
)
[ info ] [ HEADER ] array (
  'cookie' => 'Hm_lvt_eaa57ca47dacb4ad4f5a257001a3457c=1585573106,1585612854,1585681006,1585700563; PHPSESSID=3fbtsgn7qonb3q6too2o353g43',
  'accept-language' => 'zh-CN,zh;q=0.9',
  'accept-encoding' => 'gzip, deflate',
  'purpose' => 'prefetch',
  'accept' => 'text/html,application/xhtml+xml,application/xml;q=0.9,image/webp,image/apng,*/*;q=0.8,application/signed-exchange;v=b3;q=0.9',
  'user-agent' => 'Mozilla/5.0 (Windows NT 10.0; WOW64) AppleWebKit/537.36 (KHTML, like Gecko) Chrome/80.0.3970.5 Safari/537.36',
  'upgrade-insecure-requests' => '1',
  'connection' => 'keep-alive',
  'host' => 'hqlyapp.jinzhifm.com',
  'content-type' => '',
  'content-length' => '',
)
[ info ] [ PARAM ] array (
)
[ info ] [ DB ] INIT mysql
[ info ] [ LANG ] ../application/common/lang/zh-cn.php
[ info ] [ VIEW ] /www/wwwroot/rent.niuguagua.com/application/index/view/login/login.html [ array (
) ]
---------------------------------------------------------------
[ 2020-04-04T14:39:44+08:00 ] 49.83.235.185 GET hqlyapp.jinzhifm.com/login/login
[运行时间：0.051937s] [吞吐率：19.25req/s] [内存消耗：3,343.66kb] [文件加载：102]
[ info ] [ LANG ] /www/wwwroot/rent.niuguagua.com/framework/lang/zh-cn.php
[ info ] [ ROUTE ] array (
)
[ info ] [ HEADER ] array (
  'cookie' => 'Hm_lvt_eaa57ca47dacb4ad4f5a257001a3457c=1585573106,1585612854,1585681006,1585700563; PHPSESSID=3fbtsgn7qonb3q6too2o353g43',
  'accept-language' => 'zh-CN,zh;q=0.9',
  'accept-encoding' => 'gzip, deflate',
  'accept' => 'text/html,application/xhtml+xml,application/xml;q=0.9,image/webp,image/apng,*/*;q=0.8,application/signed-exchange;v=b3;q=0.9',
  'user-agent' => 'Mozilla/5.0 (Windows NT 10.0; WOW64) AppleWebKit/537.36 (KHTML, like Gecko) Chrome/80.0.3970.5 Safari/537.36',
  'upgrade-insecure-requests' => '1',
  'connection' => 'keep-alive',
  'host' => 'hqlyapp.jinzhifm.com',
  'content-type' => '',
  'content-length' => '',
)
[ info ] [ PARAM ] array (
)
[ info ] [ DB ] INIT mysql
[ info ] [ LANG ] ../application/common/lang/zh-cn.php
[ info ] [ VIEW ] /www/wwwroot/rent.niuguagua.com/application/index/view/login/login.html [ array (
) ]
---------------------------------------------------------------
[ 2020-04-04T14:39:57+08:00 ] 49.83.235.185 POST hqlyapp.jinzhifm.com/login/loginsubmit
[运行时间：0.083797s] [吞吐率：11.93req/s] [内存消耗：3,736.77kb] [文件加载：113]
[ info ] [ LANG ] /www/wwwroot/rent.niuguagua.com/framework/lang/zh-cn.php
[ info ] [ ROUTE ] array (
)
[ info ] [ HEADER ] array (
  'cookie' => 'PHPSESSID=3fbtsgn7qonb3q6too2o353g43; Hm_lvt_eaa57ca47dacb4ad4f5a257001a3457c=1585612854,1585681006,1585700563,1585982389; Hm_lpvt_eaa57ca47dacb4ad4f5a257001a3457c=1585982389',
  'accept-language' => 'zh-CN,zh;q=0.9',
  'accept-encoding' => 'gzip, deflate',
  'referer' => 'http://hqlyapp.jinzhifm.com/login/login',
  'origin' => 'http://hqlyapp.jinzhifm.com',
  'content-type' => 'application/x-www-form-urlencoded; charset=UTF-8',
  'user-agent' => 'Mozilla/5.0 (Windows NT 10.0; WOW64) AppleWebKit/537.36 (KHTML, like Gecko) Chrome/80.0.3970.5 Safari/537.36',
  'x-requested-with' => 'XMLHttpRequest',
  'accept' => '*/*',
  'content-length' => '90',
  'connection' => 'keep-alive',
  'host' => 'hqlyapp.jinzhifm.com',
)
[ info ] [ PARAM ] array (
  'token' => '39d0cd9a08762539552ffed0f0ade493',
  'name' => '15251137102',
  'password' => 'wang666,./',
  'lang' => 'zh-ch',
)
[ info ] [ DB ] INIT mysql
[ info ] [ LANG ] ../application/common/lang/zh-cn.php
[ sql ] [ DB ] CONNECT:[ UseTime:0.000413s ] mysql:host=127.0.0.1;port=3306;dbname=rent;charset=utf8
[ sql ] [ SQL ] SHOW COLUMNS FROM `ecshecom_user` [ RunTime:0.001317s ]
[ sql ] [ SQL ] SELECT `id`,`status`,`is_first_login` FROM `ecshecom_user` WHERE  `moble` = '15251137102' LIMIT 1 [ RunTime:0.000330s ]
[ sql ] [ SQL ] SHOW COLUMNS FROM `ecshecom_user_key` [ RunTime:0.000797s ]
[ sql ] [ SQL ] SELECT * FROM `ecshecom_user_key` WHERE  `userid` = 47 LIMIT 1 [ RunTime:0.000225s ]
[ sql ] [ SQL ] UPDATE `ecshecom_user`  SET `check_code` = 'SOMQIZFAKNBG' , `ip` = '49.83.235.185'  WHERE  `id` = 47 [ RunTime:0.000309s ]
[ sql ] [ SQL ] SHOW COLUMNS FROM `ecshecom_user_login` [ RunTime:0.000897s ]
[ sql ] [ SQL ] INSERT INTO `ecshecom_user_login` (`user_id` , `device` , `platform` , `login_type` , `ip` , `client_version` , `device_name` , `created_at`) VALUES (47 , '' , 1 , 1 , '49.83.235.185' , '' , '' , 1585982397) [ RunTime:0.000277s ]
---------------------------------------------------------------
[ 2020-04-04T14:40:00+08:00 ] 49.83.235.185 GET hqlyapp.jinzhifm.com/index/index
[运行时间：0.077642s] [吞吐率：12.88req/s] [内存消耗：4,180.51kb] [文件加载：119]
[ info ] [ LANG ] /www/wwwroot/rent.niuguagua.com/framework/lang/zh-cn.php
[ info ] [ ROUTE ] array (
)
[ info ] [ HEADER ] array (
  'cookie' => 'PHPSESSID=3fbtsgn7qonb3q6too2o353g43; Hm_lvt_eaa57ca47dacb4ad4f5a257001a3457c=1585612854,1585681006,1585700563,1585982389; Hm_lpvt_eaa57ca47dacb4ad4f5a257001a3457c=1585982389',
  'accept-language' => 'zh-CN,zh;q=0.9',
  'accept-encoding' => 'gzip, deflate',
  'referer' => 'http://hqlyapp.jinzhifm.com/login/login',
  'accept' => 'text/html,application/xhtml+xml,application/xml;q=0.9,image/webp,image/apng,*/*;q=0.8,application/signed-exchange;v=b3;q=0.9',
  'user-agent' => 'Mozilla/5.0 (Windows NT 10.0; WOW64) AppleWebKit/537.36 (KHTML, like Gecko) Chrome/80.0.3970.5 Safari/537.36',
  'upgrade-insecure-requests' => '1',
  'connection' => 'keep-alive',
  'host' => 'hqlyapp.jinzhifm.com',
  'content-type' => '',
  'content-length' => '',
)
[ info ] [ PARAM ] array (
)
[ info ] [ DB ] INIT mysql
[ info ] [ LANG ] ../application/common/lang/zh-cn.php
[ info ] [ VIEW ] /www/wwwroot/rent.niuguagua.com/application/index/view/index/index_finance.html [ array (
  0 => 'username',
  1 => 'userrole',
  2 => 'userStatus',
  3 => 'checkText',
  4 => 'noticeStatus',
  5 => 'pos',
  6 => 'allCountryInfo',
  7 => 'status',
  8 => 'countryid',
  9 => 'type',
  10 => 'name',
  11 => 'person',
  12 => 'notices',
  13 => 'page',
  14 => 'demondInfos',
) ]
[ sql ] [ DB ] CONNECT:[ UseTime:0.000434s ] mysql:host=127.0.0.1;port=3306;dbname=rent;charset=utf8
[ sql ] [ SQL ] SHOW COLUMNS FROM `ecshecom_user` [ RunTime:0.001212s ]
[ sql ] [ SQL ] SELECT `u`.`username`,`u`.`status`,`u`.`check_email_c`,`u`.`level`,`u`.`email`,`u`.`invit_1`,`u`.`country`,`u`.`moble`,`r`.`role_id` FROM `ecshecom_user` `u` INNER JOIN `ecshecom_user_role` `r` ON `u`.`role_id`=`r`.`id` WHERE  `u`.`id` = '47' LIMIT 1 [ RunTime:0.000443s ]
[ sql ] [ SQL ] SHOW COLUMNS FROM `ecshecom_user_notice` [ RunTime:0.000802s ]
[ sql ] [ SQL ] SELECT * FROM `ecshecom_user_notice` WHERE  `user_id` = 47  AND `status` = 0 LIMIT 1 [ RunTime:0.000716s ]
[ sql ] [ SQL ] SHOW COLUMNS FROM `ecshecom_user_role` [ RunTime:0.000751s ]
[ sql ] [ SQL ] SELECT `id` FROM `ecshecom_user_role` WHERE  `role_id` = 0 LIMIT 1 [ RunTime:0.000188s ]
[ sql ] [ SQL ] SELECT `id`,`username` FROM `ecshecom_user` WHERE  `role_id` = 10023 [ RunTime:0.000232s ]
[ sql ] [ SQL ] SHOW COLUMNS FROM `ecshecom_apple` [ RunTime:0.000748s ]
[ sql ] [ SQL ] SELECT COUNT(*) AS tp_count FROM ( SELECT count(*) AS think_count FROM `ecshecom_apple` `a` INNER JOIN `ecshecom_apple_details` `d` ON `a`.`id`=`d`.`apple_id` WHERE  `a`.`user_id` = '47' GROUP BY `d`.`apple_id` ) `_group_count_` LIMIT 1 [ RunTime:0.000629s ]
[ sql ] [ SQL ] SELECT `d`.*,a.updated_at as apple_updated_at,a.created_at as apple_created_at,a.contract_type as apple_contract_type,a.process_type as apple_process_type,a.is_soft_first as apple_is_soft_first,a.is_public_rental as apple_is_public_rental,a.status as apple_status FROM `ecshecom_apple` `a` INNER JOIN `ecshecom_apple_details` `d` ON `a`.`id`=`d`.`apple_id` WHERE  `a`.`user_id` = '47' GROUP BY `d`.`apple_id` ORDER BY `a`.`updated_at` ASC LIMIT 0,30 [ RunTime:0.001748s ]
[ sql ] [ SQL ] SELECT * FROM `ecshecom_user_notice` WHERE  `apple_id` IN (881,882,883,884,886,887,888,889,890,891,892,893,899,900,901,902,903,904) ORDER BY `created_at` DESC LIMIT 10 [ RunTime:0.000524s ]
---------------------------------------------------------------
[ 2020-04-04T14:40:08+08:00 ] 49.83.235.185 GET hqlyapp.jinzhifm.com/Examine/seeDemand?demandId=881
[运行时间：0.074724s] [吞吐率：13.38req/s] [内存消耗：4,177.10kb] [文件加载：114]
[ info ] [ LANG ] /www/wwwroot/rent.niuguagua.com/framework/lang/zh-cn.php
[ info ] [ ROUTE ] array (
)
[ info ] [ HEADER ] array (
  'cookie' => 'PHPSESSID=3fbtsgn7qonb3q6too2o353g43; Hm_lvt_eaa57ca47dacb4ad4f5a257001a3457c=1585612854,1585681006,1585700563,1585982389; Hm_lpvt_eaa57ca47dacb4ad4f5a257001a3457c=1585982405',
  'accept-language' => 'zh-CN,zh;q=0.9',
  'accept-encoding' => 'gzip, deflate',
  'referer' => 'http://hqlyapp.jinzhifm.com/index/index',
  'accept' => 'text/html,application/xhtml+xml,application/xml;q=0.9,image/webp,image/apng,*/*;q=0.8,application/signed-exchange;v=b3;q=0.9',
  'user-agent' => 'Mozilla/5.0 (Windows NT 10.0; WOW64) AppleWebKit/537.36 (KHTML, like Gecko) Chrome/80.0.3970.5 Safari/537.36',
  'upgrade-insecure-requests' => '1',
  'connection' => 'keep-alive',
  'host' => 'hqlyapp.jinzhifm.com',
  'content-type' => '',
  'content-length' => '',
)
[ info ] [ PARAM ] array (
  'demandId' => '881',
)
[ info ] [ DB ] INIT mysql
[ info ] [ LANG ] ../application/common/lang/zh-cn.php
[ info ] [ VIEW ] /www/wwwroot/rent.niuguagua.com/application/index/view/examine/see_demand.html [ array (
  0 => 'username',
  1 => 'userrole',
  2 => 'userStatus',
  3 => 'checkText',
  4 => 'noticeStatus',
  5 => 'pos',
  6 => 'demondInfo',
  7 => 'examineInfo',
  8 => 'role',
) ]
[ sql ] [ DB ] CONNECT:[ UseTime:0.000443s ] mysql:host=127.0.0.1;port=3306;dbname=rent;charset=utf8
[ sql ] [ SQL ] SHOW COLUMNS FROM `ecshecom_user` [ RunTime:0.001227s ]
[ sql ] [ SQL ] SELECT `u`.`username`,`u`.`status`,`u`.`check_email_c`,`u`.`level`,`u`.`email`,`u`.`invit_1`,`u`.`country`,`u`.`moble`,`r`.`role_id` FROM `ecshecom_user` `u` INNER JOIN `ecshecom_user_role` `r` ON `u`.`role_id`=`r`.`id` WHERE  `u`.`id` = '47' LIMIT 1 [ RunTime:0.000321s ]
[ sql ] [ SQL ] SHOW COLUMNS FROM `ecshecom_user_notice` [ RunTime:0.000803s ]
[ sql ] [ SQL ] SELECT * FROM `ecshecom_user_notice` WHERE  `user_id` = 47  AND `status` = 0 LIMIT 1 [ RunTime:0.000233s ]
[ sql ] [ SQL ] SHOW COLUMNS FROM `ecshecom_apple` [ RunTime:0.000779s ]
[ sql ] [ SQL ] SELECT `d`.*,`a`.`created_at`,a.updated_at as apple_updated_at,a.created_at as apple_created_at,a.contract_type as apple_contract_type,a.process_type as apple_process_type,a.is_soft_first as apple_is_soft_first,a.is_public_rental as apple_is_public_rental,a.status as apple_status FROM `ecshecom_apple` `a` INNER JOIN `ecshecom_apple_details` `d` ON `a`.`id`=`d`.`apple_id` WHERE  `a`.`id` = '881' ORDER BY `d`.`created_at` DESC LIMIT 1 [ RunTime:0.000894s ]
[ sql ] [ SQL ] SHOW COLUMNS FROM `ecshecom_examine` [ RunTime:0.001266s ]
[ sql ] [ SQL ] SELECT * FROM `ecshecom_examine` WHERE  `apple_id` = 881 ORDER BY `created_at` DESC LIMIT 1 [ RunTime:0.000564s ]
---------------------------------------------------------------
[ 2020-04-04T14:40:11+08:00 ] 49.83.235.185 GET hqlyapp.jinzhifm.com/wap/js/bootstrap.min.js.map
[运行时间：0.042816s] [吞吐率：23.36req/s] [内存消耗：2,342.20kb] [文件加载：92]
[ info ] [ LANG ] /www/wwwroot/rent.niuguagua.com/framework/lang/zh-cn.php
[ info ] [ ROUTE ] array (
)
[ info ] [ HEADER ] array (
  'cookie' => 'PHPSESSID=3fbtsgn7qonb3q6too2o353g43; Hm_lvt_eaa57ca47dacb4ad4f5a257001a3457c=1585612854,1585681006,1585700563,1585982389; Hm_lpvt_eaa57ca47dacb4ad4f5a257001a3457c=1585982405',
  'accept-language' => 'zh-CN,zh;q=0.9',
  'accept-encoding' => 'gzip, deflate',
  'user-agent' => 'Mozilla/5.0 (iPhone; CPU iPhone OS 10_3_1 like Mac OS X) AppleWebKit/603.1.30 (KHTML, like Gecko) Version/10.0 Mobile/14E304 Safari/602.1',
  'connection' => 'keep-alive',
  'host' => 'hqlyapp.jinzhifm.com',
  'content-type' => '',
  'content-length' => '',
)
[ info ] [ PARAM ] array (
)
---------------------------------------------------------------
[ 2020-04-04T14:40:11+08:00 ] 49.83.235.185 GET hqlyapp.jinzhifm.com/wap/css/bootstrap.css.map
[运行时间：0.039211s] [吞吐率：25.50req/s] [内存消耗：2,342.20kb] [文件加载：92]
[ info ] [ LANG ] /www/wwwroot/rent.niuguagua.com/framework/lang/zh-cn.php
[ info ] [ ROUTE ] array (
)
[ info ] [ HEADER ] array (
  'cookie' => 'PHPSESSID=3fbtsgn7qonb3q6too2o353g43; Hm_lvt_eaa57ca47dacb4ad4f5a257001a3457c=1585612854,1585681006,1585700563,1585982389; Hm_lpvt_eaa57ca47dacb4ad4f5a257001a3457c=1585982405',
  'accept-language' => 'zh-CN,zh;q=0.9',
  'accept-encoding' => 'gzip, deflate',
  'user-agent' => 'Mozilla/5.0 (iPhone; CPU iPhone OS 10_3_1 like Mac OS X) AppleWebKit/603.1.30 (KHTML, like Gecko) Version/10.0 Mobile/14E304 Safari/602.1',
  'connection' => 'keep-alive',
  'host' => 'hqlyapp.jinzhifm.com',
  'content-type' => '',
  'content-length' => '',
)
[ info ] [ PARAM ] array (
)
---------------------------------------------------------------
[ 2020-04-04T14:40:25+08:00 ] 49.83.235.185 GET hqlyapp.jinzhifm.com/Examine/seeDemand?demandId=881
[运行时间：0.072030s] [吞吐率：13.88req/s] [内存消耗：4,177.14kb] [文件加载：114]
[ info ] [ LANG ] /www/wwwroot/rent.niuguagua.com/framework/lang/zh-cn.php
[ info ] [ ROUTE ] array (
)
[ info ] [ HEADER ] array (
  'cookie' => 'PHPSESSID=3fbtsgn7qonb3q6too2o353g43; Hm_lvt_eaa57ca47dacb4ad4f5a257001a3457c=1585612854,1585681006,1585700563,1585982389; Hm_lpvt_eaa57ca47dacb4ad4f5a257001a3457c=1585982413',
  'accept-language' => 'zh-CN,zh;q=0.9',
  'accept-encoding' => 'gzip, deflate',
  'referer' => 'http://hqlyapp.jinzhifm.com/index/index',
  'accept' => 'text/html,application/xhtml+xml,application/xml;q=0.9,image/webp,image/apng,*/*;q=0.8,application/signed-exchange;v=b3;q=0.9',
  'user-agent' => 'Mozilla/5.0 (iPhone; CPU iPhone OS 11_0 like Mac OS X) AppleWebKit/604.1.38 (KHTML, like Gecko) Version/11.0 Mobile/15A372 Safari/604.1',
  'upgrade-insecure-requests' => '1',
  'cache-control' => 'max-age=0',
  'connection' => 'keep-alive',
  'host' => 'hqlyapp.jinzhifm.com',
  'content-type' => '',
  'content-length' => '',
)
[ info ] [ PARAM ] array (
  'demandId' => '881',
)
[ info ] [ DB ] INIT mysql
[ info ] [ LANG ] ../application/common/lang/zh-cn.php
[ info ] [ VIEW ] /www/wwwroot/rent.niuguagua.com/application/index/view/examine/see_demand.html [ array (
  0 => 'username',
  1 => 'userrole',
  2 => 'userStatus',
  3 => 'checkText',
  4 => 'noticeStatus',
  5 => 'pos',
  6 => 'demondInfo',
  7 => 'examineInfo',
  8 => 'role',
) ]
[ sql ] [ DB ] CONNECT:[ UseTime:0.000426s ] mysql:host=127.0.0.1;port=3306;dbname=rent;charset=utf8
[ sql ] [ SQL ] SHOW COLUMNS FROM `ecshecom_user` [ RunTime:0.001207s ]
[ sql ] [ SQL ] SELECT `u`.`username`,`u`.`status`,`u`.`check_email_c`,`u`.`level`,`u`.`email`,`u`.`invit_1`,`u`.`country`,`u`.`moble`,`r`.`role_id` FROM `ecshecom_user` `u` INNER JOIN `ecshecom_user_role` `r` ON `u`.`role_id`=`r`.`id` WHERE  `u`.`id` = '47' LIMIT 1 [ RunTime:0.000311s ]
[ sql ] [ SQL ] SHOW COLUMNS FROM `ecshecom_user_notice` [ RunTime:0.000814s ]
[ sql ] [ SQL ] SELECT * FROM `ecshecom_user_notice` WHERE  `user_id` = 47  AND `status` = 0 LIMIT 1 [ RunTime:0.000227s ]
[ sql ] [ SQL ] SHOW COLUMNS FROM `ecshecom_apple` [ RunTime:0.000818s ]
[ sql ] [ SQL ] SELECT `d`.*,`a`.`created_at`,a.updated_at as apple_updated_at,a.created_at as apple_created_at,a.contract_type as apple_contract_type,a.process_type as apple_process_type,a.is_soft_first as apple_is_soft_first,a.is_public_rental as apple_is_public_rental,a.status as apple_status FROM `ecshecom_apple` `a` INNER JOIN `ecshecom_apple_details` `d` ON `a`.`id`=`d`.`apple_id` WHERE  `a`.`id` = '881' ORDER BY `d`.`created_at` DESC LIMIT 1 [ RunTime:0.000649s ]
[ sql ] [ SQL ] SHOW COLUMNS FROM `ecshecom_examine` [ RunTime:0.001367s ]
[ sql ] [ SQL ] SELECT * FROM `ecshecom_examine` WHERE  `apple_id` = 881 ORDER BY `created_at` DESC LIMIT 1 [ RunTime:0.000427s ]
---------------------------------------------------------------
[ 2020-04-04T14:40:26+08:00 ] 49.83.235.185 GET hqlyapp.jinzhifm.com/wap/css/bootstrap.css.map
[运行时间：0.059379s] [吞吐率：16.84req/s] [内存消耗：2,342.20kb] [文件加载：92]
[ info ] [ LANG ] /www/wwwroot/rent.niuguagua.com/framework/lang/zh-cn.php
[ info ] [ ROUTE ] array (
)
[ info ] [ HEADER ] array (
  'cookie' => 'PHPSESSID=3fbtsgn7qonb3q6too2o353g43; Hm_lvt_eaa57ca47dacb4ad4f5a257001a3457c=1585612854,1585681006,1585700563,1585982389; Hm_lpvt_eaa57ca47dacb4ad4f5a257001a3457c=1585982413',
  'accept-language' => 'zh-CN,zh;q=0.9',
  'accept-encoding' => 'gzip, deflate',
  'user-agent' => 'Mozilla/5.0 (iPhone; CPU iPhone OS 11_0 like Mac OS X) AppleWebKit/604.1.38 (KHTML, like Gecko) Version/11.0 Mobile/15A372 Safari/604.1',
  'connection' => 'keep-alive',
  'host' => 'hqlyapp.jinzhifm.com',
  'content-type' => '',
  'content-length' => '',
)
[ info ] [ PARAM ] array (
)
---------------------------------------------------------------
[ 2020-04-04T14:40:26+08:00 ] 49.83.235.185 GET hqlyapp.jinzhifm.com/wap/js/bootstrap.min.js.map
[运行时间：0.056510s] [吞吐率：17.70req/s] [内存消耗：2,342.20kb] [文件加载：92]
[ info ] [ LANG ] /www/wwwroot/rent.niuguagua.com/framework/lang/zh-cn.php
[ info ] [ ROUTE ] array (
)
[ info ] [ HEADER ] array (
  'cookie' => 'PHPSESSID=3fbtsgn7qonb3q6too2o353g43; Hm_lvt_eaa57ca47dacb4ad4f5a257001a3457c=1585612854,1585681006,1585700563,1585982389; Hm_lpvt_eaa57ca47dacb4ad4f5a257001a3457c=1585982413',
  'accept-language' => 'zh-CN,zh;q=0.9',
  'accept-encoding' => 'gzip, deflate',
  'user-agent' => 'Mozilla/5.0 (iPhone; CPU iPhone OS 11_0 like Mac OS X) AppleWebKit/604.1.38 (KHTML, like Gecko) Version/11.0 Mobile/15A372 Safari/604.1',
  'connection' => 'keep-alive',
  'host' => 'hqlyapp.jinzhifm.com',
  'content-type' => '',
  'content-length' => '',
)
[ info ] [ PARAM ] array (
)
---------------------------------------------------------------
[ 2020-04-04T14:41:18+08:00 ] 61.129.6.151 GET hqlyapp.jinzhifm.com/Examine/seeDemand?demandId=881
[运行时间：0.039084s] [吞吐率：25.59req/s] [内存消耗：2,671.92kb] [文件加载：96]
[ info ] [ LANG ] /www/wwwroot/rent.niuguagua.com/framework/lang/zh-cn.php
[ info ] [ ROUTE ] array (
)
[ info ] [ HEADER ] array (
  'connection' => 'keep-alive',
  'host' => 'hqlyapp.jinzhifm.com',
  'accept-language' => 'zh-CN,zh;q=0.8,en-US;q=0.6,en;q=0.4',
  'referer' => 'http://hqlyapp.jinzhifm.com/index/index',
  'accept' => '*/*',
  'user-agent' => 'Mozilla/5.0 (Windows NT 6.1; WOW64; Trident/7.0; SLCC2; .NET CLR 2.0.50727; .NET CLR 3.5.30729; .NET CLR 3.0.30729; Media Center PC 6.0; .NET4.0C; .NET4.0E; InfoPath.3; rv:11.0) like Gecko',
  'content-type' => '',
  'content-length' => '',
)
[ info ] [ PARAM ] array (
  'demandId' => '881',
)
---------------------------------------------------------------
[ 2020-04-04T14:42:05+08:00 ] 101.89.239.120 GET hqlyapp.jinzhifm.com/
[运行时间：0.042402s] [吞吐率：23.58req/s] [内存消耗：2,518.70kb] [文件加载：96]
[ info ] [ LANG ] /www/wwwroot/rent.niuguagua.com/framework/lang/zh-cn.php
[ info ] [ ROUTE ] array (
)
[ info ] [ HEADER ] array (
  'connection' => 'keep-alive',
  'host' => 'hqlyapp.jinzhifm.com',
  'accept-language' => 'zh-CN,zh;q=0.8,en-US;q=0.6,en;q=0.4',
  'accept' => '*/*',
  'user-agent' => 'Mozilla/5.0 (Windows NT 6.1; WOW64; Trident/7.0; SLCC2; .NET CLR 2.0.50727; .NET CLR 3.5.30729; .NET CLR 3.0.30729; Media Center PC 6.0; .NET4.0C; .NET4.0E; InfoPath.3; rv:11.0) like Gecko',
  'content-type' => '',
  'content-length' => '',
)
[ info ] [ PARAM ] array (
)
---------------------------------------------------------------
[ 2020-04-04T14:42:13+08:00 ] 61.129.6.227 GET hqlyapp.jinzhifm.com/login/login
[运行时间：0.047419s] [吞吐率：21.09req/s] [内存消耗：3,342.04kb] [文件加载：102]
[ info ] [ LANG ] /www/wwwroot/rent.niuguagua.com/framework/lang/zh-cn.php
[ info ] [ ROUTE ] array (
)
[ info ] [ HEADER ] array (
  'connection' => 'keep-alive',
  'host' => 'hqlyapp.jinzhifm.com',
  'accept-language' => 'zh-CN,zh;q=0.8,en-US;q=0.6,en;q=0.4',
  'accept' => '*/*',
  'user-agent' => 'Mozilla/5.0 (Windows NT 6.1; WOW64) AppleWebKit/537.36 (KHTML, like Gecko) Chrome/56.0.2924.87 Safari/537.36',
  'content-type' => '',
  'content-length' => '',
)
[ info ] [ PARAM ] array (
)
[ info ] [ DB ] INIT mysql
[ info ] [ LANG ] ../application/common/lang/zh-cn.php
[ info ] [ VIEW ] /www/wwwroot/rent.niuguagua.com/application/index/view/login/login.html [ array (
) ]
---------------------------------------------------------------
[ 2020-04-04T14:42:28+08:00 ] 101.89.29.92 GET hqlyapp.jinzhifm.com/index/index
[运行时间：0.039367s] [吞吐率：25.40req/s] [内存消耗：2,519.38kb] [文件加载：96]
[ info ] [ LANG ] /www/wwwroot/rent.niuguagua.com/framework/lang/zh-cn.php
[ info ] [ ROUTE ] array (
)
[ info ] [ HEADER ] array (
  'connection' => 'keep-alive',
  'host' => 'hqlyapp.jinzhifm.com',
  'accept-language' => 'zh-CN,zh;q=0.8,en-US;q=0.6,en;q=0.4',
  'referer' => 'http://hqlyapp.jinzhifm.com/login/login',
  'accept' => '*/*',
  'user-agent' => 'Mozilla/5.0 (Windows NT 6.1; WOW64) AppleWebKit/537.36 (KHTML, like Gecko) Chrome/45.0.2454.101 Safari/537.36',
  'content-type' => '',
  'content-length' => '',
)
[ info ] [ PARAM ] array (
)
---------------------------------------------------------------
[ 2020-04-04T14:42:33+08:00 ] 61.151.178.180 GET hqlyapp.jinzhifm.com/wap/css/bootstrap.css.map
[运行时间：0.038372s] [吞吐率：26.06req/s] [内存消耗：2,341.60kb] [文件加载：92]
[ info ] [ LANG ] /www/wwwroot/rent.niuguagua.com/framework/lang/zh-cn.php
[ info ] [ ROUTE ] array (
)
[ info ] [ HEADER ] array (
  'connection' => 'keep-alive',
  'host' => 'hqlyapp.jinzhifm.com',
  'accept-language' => 'zh-CN,zh;q=0.8,en-US;q=0.6,en;q=0.4',
  'accept' => '*/*',
  'user-agent' => 'Mozilla/5.0 (Windows NT 6.1; WOW64) AppleWebKit/537.36 (KHTML, like Gecko) Chrome/45.0.2454.101 Safari/537.36',
  'content-type' => '',
  'content-length' => '',
)
[ info ] [ PARAM ] array (
)
---------------------------------------------------------------
[ 2020-04-04T16:35:24+08:00 ] 106.14.7.174 GET hqlyma.jinzhifm.com/
[运行时间：0.038096s] [吞吐率：26.25req/s] [内存消耗：2,489.07kb] [文件加载：98]
[ info ] [ ROUTE ] array (
)
[ info ] [ HEADER ] array (
  'accept-encoding' => 'gzip',
  'connection' => 'Keep-Alive',
  'host' => 'hqlyma.jinzhifm.com',
  'user-agent' => 'Mozilla/5.0 (X11; Ubuntu; Linux x86_64; rv:36.0) Gecko/20100101 Firefox/36.0',
  'content-type' => '',
  'content-length' => '',
)
[ info ] [ PARAM ] array (
)
[ info ] [ BEHAVIOR ] Run app\admin\behavior\AdminLog->run @app_end [ RunTime:0.000235s ]
---------------------------------------------------------------
[ 2020-04-04T16:35:24+08:00 ] 106.14.7.174 GET hqlyma.jinzhifm.com/login/login
[运行时间：0.059378s] [吞吐率：16.84req/s] [内存消耗：3,559.38kb] [文件加载：113]
[ info ] [ ROUTE ] array (
)
[ info ] [ HEADER ] array (
  'accept-encoding' => 'gzip',
  'connection' => 'Keep-Alive',
  'host' => 'hqlyma.jinzhifm.com',
  'user-agent' => 'Mozilla/5.0 (X11; Ubuntu; Linux x86_64; rv:36.0) Gecko/20100101 Firefox/36.0',
  'content-type' => '',
  'content-length' => '',
)
[ info ] [ PARAM ] array (
)
[ info ] [ DB ] INIT mysql
[ info ] [ VIEW ] /www/wwwroot/rent.niuguagua.com/application/admin/view/login/login.html [ array (
  0 => 'captcha',
) ]
[ info ] [ BEHAVIOR ] Run app\admin\behavior\AdminLog->run @app_end [ RunTime:0.000273s ]
---------------------------------------------------------------
[ 2020-04-04T16:35:25+08:00 ] 106.14.7.174 GET hqlyma.jinzhifm.com/captcha
[运行时间：0.032219s] [吞吐率：31.04req/s] [内存消耗：1,952.66kb] [文件加载：80]
[ info ] [ ROUTE ] array (
  'rule' => 'captcha/<id?>',
  'route' => '\\think\\captcha\\CaptchaController@index',
  'option' => 
  array (
    'merge_rule_regex' => false,
  ),
  'var' => 
  array (
  ),
)
[ info ] [ HEADER ] array (
  'accept-encoding' => 'gzip',
  'connection' => 'Keep-Alive',
  'host' => 'hqlyma.jinzhifm.com',
  'user-agent' => 'Mozilla/5.0 (X11; Ubuntu; Linux x86_64; rv:36.0) Gecko/20100101 Firefox/36.0',
  'content-type' => '',
  'content-length' => '',
)
[ info ] [ PARAM ] array (
)
---------------------------------------------------------------
[ 2020-04-04T17:35:21+08:00 ] 47.100.207.215 GET hqlyapp.jinzhifm.com/
[运行时间：0.038554s] [吞吐率：25.94req/s] [内存消耗：2,496.63kb] [文件加载：95]
[ info ] [ ROUTE ] array (
)
[ info ] [ HEADER ] array (
  'accept-encoding' => 'gzip',
  'connection' => 'Keep-Alive',
  'host' => 'hqlyapp.jinzhifm.com',
  'user-agent' => 'Mozilla/5.0 (X11; Ubuntu; Linux x86_64; rv:36.0) Gecko/20100101 Firefox/36.0',
  'content-type' => '',
  'content-length' => '',
)
[ info ] [ PARAM ] array (
)
---------------------------------------------------------------
[ 2020-04-04T17:35:21+08:00 ] 47.100.207.215 GET hqlyapp.jinzhifm.com/login/login
[运行时间：0.052796s] [吞吐率：18.94req/s] [内存消耗：3,328.34kb] [文件加载：101]
[ info ] [ ROUTE ] array (
)
[ info ] [ HEADER ] array (
  'accept-encoding' => 'gzip',
  'connection' => 'Keep-Alive',
  'host' => 'hqlyapp.jinzhifm.com',
  'user-agent' => 'Mozilla/5.0 (X11; Ubuntu; Linux x86_64; rv:36.0) Gecko/20100101 Firefox/36.0',
  'content-type' => '',
  'content-length' => '',
)
[ info ] [ PARAM ] array (
)
[ info ] [ DB ] INIT mysql
[ info ] [ LANG ] ../application/common/lang/zh-cn.php
[ info ] [ VIEW ] /www/wwwroot/rent.niuguagua.com/application/index/view/login/login.html [ array (
) ]
---------------------------------------------------------------
[ 2020-04-04T17:35:22+08:00 ] 47.100.207.215 GET hqlyapp.jinzhifm.com/index/index
[运行时间：0.038399s] [吞吐率：26.04req/s] [内存消耗：2,497.41kb] [文件加载：95]
[ info ] [ ROUTE ] array (
)
[ info ] [ HEADER ] array (
  'accept-encoding' => 'gzip',
  'connection' => 'Keep-Alive',
  'host' => 'hqlyapp.jinzhifm.com',
  'user-agent' => 'Mozilla/5.0 (X11; Ubuntu; Linux x86_64; rv:36.0) Gecko/20100101 Firefox/36.0',
  'content-type' => '',
  'content-length' => '',
)
[ info ] [ PARAM ] array (
)
---------------------------------------------------------------
[ 2020-04-04T17:35:22+08:00 ] 47.100.207.215 GET hqlyapp.jinzhifm.com/login/firstlogin
[运行时间：0.044851s] [吞吐率：22.30req/s] [内存消耗：3,326.52kb] [文件加载：101]
[ info ] [ ROUTE ] array (
)
[ info ] [ HEADER ] array (
  'accept-encoding' => 'gzip',
  'connection' => 'Keep-Alive',
  'host' => 'hqlyapp.jinzhifm.com',
  'user-agent' => 'Mozilla/5.0 (X11; Ubuntu; Linux x86_64; rv:36.0) Gecko/20100101 Firefox/36.0',
  'content-type' => '',
  'content-length' => '',
)
[ info ] [ PARAM ] array (
)
[ info ] [ DB ] INIT mysql
[ info ] [ LANG ] ../application/common/lang/zh-cn.php
---------------------------------------------------------------
[ 2020-04-04T17:35:22+08:00 ] 47.100.207.215 GET hqlyapp.jinzhifm.com/login/login
[运行时间：0.045846s] [吞吐率：21.81req/s] [内存消耗：3,328.34kb] [文件加载：101]
[ info ] [ ROUTE ] array (
)
[ info ] [ HEADER ] array (
  'accept-encoding' => 'gzip',
  'connection' => 'Keep-Alive',
  'host' => 'hqlyapp.jinzhifm.com',
  'user-agent' => 'Mozilla/5.0 (X11; Ubuntu; Linux x86_64; rv:36.0) Gecko/20100101 Firefox/36.0',
  'content-type' => '',
  'content-length' => '',
)
[ info ] [ PARAM ] array (
)
[ info ] [ DB ] INIT mysql
[ info ] [ LANG ] ../application/common/lang/zh-cn.php
[ info ] [ VIEW ] /www/wwwroot/rent.niuguagua.com/application/index/view/login/login.html [ array (
) ]
---------------------------------------------------------------
[ 2020-04-04T17:35:22+08:00 ] 47.100.207.215 GET hqlyapp.jinzhifm.com/login/login
[运行时间：0.050728s] [吞吐率：19.71req/s] [内存消耗：3,328.34kb] [文件加载：101]
[ info ] [ ROUTE ] array (
)
[ info ] [ HEADER ] array (
  'accept-encoding' => 'gzip',
  'connection' => 'Keep-Alive',
  'host' => 'hqlyapp.jinzhifm.com',
  'user-agent' => 'Mozilla/5.0 (X11; Ubuntu; Linux x86_64; rv:36.0) Gecko/20100101 Firefox/36.0',
  'content-type' => '',
  'content-length' => '',
)
[ info ] [ PARAM ] array (
)
[ info ] [ DB ] INIT mysql
[ info ] [ LANG ] ../application/common/lang/zh-cn.php
[ info ] [ VIEW ] /www/wwwroot/rent.niuguagua.com/application/index/view/login/login.html [ array (
) ]
