---------------------------------------------------------------
[ 2020-04-05T13:37:20+08:00 ] 47.101.199.215 GET hqlyapp.jinzhifm.com/
[运行时间：0.037609s] [吞吐率：26.59req/s] [内存消耗：2,496.62kb] [文件加载：95]
[ info ] [ ROUTE ] array (
)
[ info ] [ HEADER ] array (
  'accept-encoding' => 'gzip',
  'connection' => 'Keep-Alive',
  'host' => 'hqlyapp.jinzhifm.com',
  'user-agent' => 'Mozilla/5.0 (X11; Ubuntu; Linux x86_64; rv:36.0) Gecko/20100101 Firefox/36.0',
  'content-type' => '',
  'content-length' => '',
)
[ info ] [ PARAM ] array (
)
---------------------------------------------------------------
[ 2020-04-05T13:37:20+08:00 ] 47.101.199.215 GET hqlyapp.jinzhifm.com/login/login
[运行时间：0.051768s] [吞吐率：19.32req/s] [内存消耗：3,328.34kb] [文件加载：101]
[ info ] [ ROUTE ] array (
)
[ info ] [ HEADER ] array (
  'accept-encoding' => 'gzip',
  'connection' => 'Keep-Alive',
  'host' => 'hqlyapp.jinzhifm.com',
  'user-agent' => 'Mozilla/5.0 (X11; Ubuntu; Linux x86_64; rv:36.0) Gecko/20100101 Firefox/36.0',
  'content-type' => '',
  'content-length' => '',
)
[ info ] [ PARAM ] array (
)
[ info ] [ DB ] INIT mysql
[ info ] [ LANG ] ../application/common/lang/zh-cn.php
[ info ] [ VIEW ] /www/wwwroot/rent.niuguagua.com/application/index/view/login/login.html [ array (
) ]
---------------------------------------------------------------
[ 2020-04-05T13:37:21+08:00 ] 47.101.199.215 GET hqlyapp.jinzhifm.com/login/firstlogin
[运行时间：0.050044s] [吞吐率：19.98req/s] [内存消耗：3,326.52kb] [文件加载：101]
[ info ] [ ROUTE ] array (
)
[ info ] [ HEADER ] array (
  'accept-encoding' => 'gzip',
  'connection' => 'Keep-Alive',
  'host' => 'hqlyapp.jinzhifm.com',
  'user-agent' => 'Mozilla/5.0 (X11; Ubuntu; Linux x86_64; rv:36.0) Gecko/20100101 Firefox/36.0',
  'content-type' => '',
  'content-length' => '',
)
[ info ] [ PARAM ] array (
)
[ info ] [ DB ] INIT mysql
[ info ] [ LANG ] ../application/common/lang/zh-cn.php
---------------------------------------------------------------
[ 2020-04-05T13:37:21+08:00 ] 47.101.199.215 GET hqlyapp.jinzhifm.com/index/index
[运行时间：0.037492s] [吞吐率：26.67req/s] [内存消耗：2,497.41kb] [文件加载：95]
[ info ] [ ROUTE ] array (
)
[ info ] [ HEADER ] array (
  'accept-encoding' => 'gzip',
  'connection' => 'Keep-Alive',
  'host' => 'hqlyapp.jinzhifm.com',
  'user-agent' => 'Mozilla/5.0 (X11; Ubuntu; Linux x86_64; rv:36.0) Gecko/20100101 Firefox/36.0',
  'content-type' => '',
  'content-length' => '',
)
[ info ] [ PARAM ] array (
)
---------------------------------------------------------------
[ 2020-04-05T13:37:21+08:00 ] 47.101.199.215 GET hqlyapp.jinzhifm.com/login/login
[运行时间：0.045788s] [吞吐率：21.84req/s] [内存消耗：3,328.34kb] [文件加载：101]
[ info ] [ ROUTE ] array (
)
[ info ] [ HEADER ] array (
  'accept-encoding' => 'gzip',
  'connection' => 'Keep-Alive',
  'host' => 'hqlyapp.jinzhifm.com',
  'user-agent' => 'Mozilla/5.0 (X11; Ubuntu; Linux x86_64; rv:36.0) Gecko/20100101 Firefox/36.0',
  'content-type' => '',
  'content-length' => '',
)
[ info ] [ PARAM ] array (
)
[ info ] [ DB ] INIT mysql
[ info ] [ LANG ] ../application/common/lang/zh-cn.php
[ info ] [ VIEW ] /www/wwwroot/rent.niuguagua.com/application/index/view/login/login.html [ array (
) ]
---------------------------------------------------------------
[ 2020-04-05T13:37:21+08:00 ] 47.101.199.215 GET hqlyapp.jinzhifm.com/login/login
[运行时间：0.045835s] [吞吐率：21.82req/s] [内存消耗：3,328.34kb] [文件加载：101]
[ info ] [ ROUTE ] array (
)
[ info ] [ HEADER ] array (
  'accept-encoding' => 'gzip',
  'connection' => 'Keep-Alive',
  'host' => 'hqlyapp.jinzhifm.com',
  'user-agent' => 'Mozilla/5.0 (X11; Ubuntu; Linux x86_64; rv:36.0) Gecko/20100101 Firefox/36.0',
  'content-type' => '',
  'content-length' => '',
)
[ info ] [ PARAM ] array (
)
[ info ] [ DB ] INIT mysql
[ info ] [ LANG ] ../application/common/lang/zh-cn.php
[ info ] [ VIEW ] /www/wwwroot/rent.niuguagua.com/application/index/view/login/login.html [ array (
) ]
---------------------------------------------------------------
[ 2020-04-05T14:59:17+08:00 ] 47.101.203.216 GET hqlyma.jinzhifm.com/
[运行时间：0.043794s] [吞吐率：22.83req/s] [内存消耗：2,489.07kb] [文件加载：98]
[ info ] [ ROUTE ] array (
)
[ info ] [ HEADER ] array (
  'accept-encoding' => 'gzip',
  'connection' => 'Keep-Alive',
  'host' => 'hqlyma.jinzhifm.com',
  'user-agent' => 'Mozilla/5.0 (X11; Ubuntu; Linux x86_64; rv:36.0) Gecko/20100101 Firefox/36.0',
  'content-type' => '',
  'content-length' => '',
)
[ info ] [ PARAM ] array (
)
[ info ] [ BEHAVIOR ] Run app\admin\behavior\AdminLog->run @app_end [ RunTime:0.000266s ]
---------------------------------------------------------------
[ 2020-04-05T14:59:17+08:00 ] 47.101.203.216 GET hqlyma.jinzhifm.com/login/login
[运行时间：0.053464s] [吞吐率：18.70req/s] [内存消耗：3,559.38kb] [文件加载：113]
[ info ] [ ROUTE ] array (
)
[ info ] [ HEADER ] array (
  'accept-encoding' => 'gzip',
  'connection' => 'Keep-Alive',
  'host' => 'hqlyma.jinzhifm.com',
  'user-agent' => 'Mozilla/5.0 (X11; Ubuntu; Linux x86_64; rv:36.0) Gecko/20100101 Firefox/36.0',
  'content-type' => '',
  'content-length' => '',
)
[ info ] [ PARAM ] array (
)
[ info ] [ DB ] INIT mysql
[ info ] [ VIEW ] /www/wwwroot/rent.niuguagua.com/application/admin/view/login/login.html [ array (
  0 => 'captcha',
) ]
[ info ] [ BEHAVIOR ] Run app\admin\behavior\AdminLog->run @app_end [ RunTime:0.000266s ]
---------------------------------------------------------------
[ 2020-04-05T14:59:18+08:00 ] 47.101.203.216 GET hqlyma.jinzhifm.com/captcha
[运行时间：0.031908s] [吞吐率：31.34req/s] [内存消耗：1,952.66kb] [文件加载：80]
[ info ] [ ROUTE ] array (
  'rule' => 'captcha/<id?>',
  'route' => '\\think\\captcha\\CaptchaController@index',
  'option' => 
  array (
    'merge_rule_regex' => false,
  ),
  'var' => 
  array (
  ),
)
[ info ] [ HEADER ] array (
  'accept-encoding' => 'gzip',
  'connection' => 'Keep-Alive',
  'host' => 'hqlyma.jinzhifm.com',
  'user-agent' => 'Mozilla/5.0 (X11; Ubuntu; Linux x86_64; rv:36.0) Gecko/20100101 Firefox/36.0',
  'content-type' => '',
  'content-length' => '',
)
[ info ] [ PARAM ] array (
)
---------------------------------------------------------------
[ 2020-04-05T20:47:23+08:00 ] 49.83.235.185 GET hqlyapp.jinzhifm.com/
[运行时间：0.042256s] [吞吐率：23.67req/s] [内存消耗：2,519.48kb] [文件加载：96]
[ info ] [ LANG ] /www/wwwroot/rent.niuguagua.com/framework/lang/zh-cn.php
[ info ] [ ROUTE ] array (
)
[ info ] [ HEADER ] array (
  'accept-language' => 'zh-CN,zh;q=0.9',
  'accept-encoding' => 'gzip, deflate',
  'accept' => 'text/html,application/xhtml+xml,application/xml;q=0.9,image/webp,image/apng,*/*;q=0.8',
  'user-agent' => 'Mozilla/5.0 (Windows NT 10.0; WOW64) AppleWebKit/537.36 (KHTML, like Gecko) Chrome/65.0.3314.0 Safari/537.36 SE 2.X MetaSr 1.0',
  'upgrade-insecure-requests' => '1',
  'connection' => 'keep-alive',
  'host' => 'hqlyapp.jinzhifm.com',
  'content-type' => '',
  'content-length' => '',
)
[ info ] [ PARAM ] array (
)
---------------------------------------------------------------
[ 2020-04-05T20:47:23+08:00 ] 49.83.235.185 GET hqlyapp.jinzhifm.com/login/login
[运行时间：0.046720s] [吞吐率：21.40req/s] [内存消耗：3,343.00kb] [文件加载：102]
[ info ] [ LANG ] /www/wwwroot/rent.niuguagua.com/framework/lang/zh-cn.php
[ info ] [ ROUTE ] array (
)
[ info ] [ HEADER ] array (
  'cookie' => 'PHPSESSID=10jmpcqji3tbgjo226tkjoq5f9',
  'accept-language' => 'zh-CN,zh;q=0.9',
  'accept-encoding' => 'gzip, deflate',
  'accept' => 'text/html,application/xhtml+xml,application/xml;q=0.9,image/webp,image/apng,*/*;q=0.8',
  'user-agent' => 'Mozilla/5.0 (Windows NT 10.0; WOW64) AppleWebKit/537.36 (KHTML, like Gecko) Chrome/65.0.3314.0 Safari/537.36 SE 2.X MetaSr 1.0',
  'upgrade-insecure-requests' => '1',
  'connection' => 'keep-alive',
  'host' => 'hqlyapp.jinzhifm.com',
  'content-type' => '',
  'content-length' => '',
)
[ info ] [ PARAM ] array (
)
[ info ] [ DB ] INIT mysql
[ info ] [ LANG ] ../application/common/lang/zh-cn.php
[ info ] [ VIEW ] /www/wwwroot/rent.niuguagua.com/application/index/view/login/login.html [ array (
) ]
