---------------------------------------------------------------
[ 2020-04-06T09:21:15+08:00 ] 49.83.235.185 GET hqlyapp.jinzhifm.com/
[运行时间：0.043464s] [吞吐率：23.01req/s] [内存消耗：2,520.24kb] [文件加载：96]
[ info ] [ LANG ] /www/wwwroot/rent.niuguagua.com/framework/lang/zh-cn.php
[ info ] [ ROUTE ] array (
)
[ info ] [ HEADER ] array (
  'cookie' => 'PHPSESSID=10jmpcqji3tbgjo226tkjoq5f9',
  'accept-language' => 'zh-CN,zh;q=0.9',
  'accept-encoding' => 'gzip, deflate',
  'accept' => 'text/html,application/xhtml+xml,application/xml;q=0.9,image/webp,image/apng,*/*;q=0.8',
  'user-agent' => 'Mozilla/5.0 (Windows NT 10.0; WOW64) AppleWebKit/537.36 (KHTML, like Gecko) Chrome/65.0.3314.0 Safari/537.36 SE 2.X MetaSr 1.0',
  'upgrade-insecure-requests' => '1',
  'connection' => 'keep-alive',
  'host' => 'hqlyapp.jinzhifm.com',
  'content-type' => '',
  'content-length' => '',
)
[ info ] [ PARAM ] array (
)
---------------------------------------------------------------
[ 2020-04-06T09:21:15+08:00 ] 49.83.235.185 GET hqlyapp.jinzhifm.com/login/login
[运行时间：0.046978s] [吞吐率：21.29req/s] [内存消耗：3,343.16kb] [文件加载：102]
[ info ] [ LANG ] /www/wwwroot/rent.niuguagua.com/framework/lang/zh-cn.php
[ info ] [ ROUTE ] array (
)
[ info ] [ HEADER ] array (
  'cookie' => 'PHPSESSID=10jmpcqji3tbgjo226tkjoq5f9',
  'accept-language' => 'zh-CN,zh;q=0.9',
  'accept-encoding' => 'gzip, deflate',
  'accept' => 'text/html,application/xhtml+xml,application/xml;q=0.9,image/webp,image/apng,*/*;q=0.8',
  'user-agent' => 'Mozilla/5.0 (Windows NT 10.0; WOW64) AppleWebKit/537.36 (KHTML, like Gecko) Chrome/65.0.3314.0 Safari/537.36 SE 2.X MetaSr 1.0',
  'upgrade-insecure-requests' => '1',
  'connection' => 'keep-alive',
  'host' => 'hqlyapp.jinzhifm.com',
  'content-type' => '',
  'content-length' => '',
)
[ info ] [ PARAM ] array (
)
[ info ] [ DB ] INIT mysql
[ info ] [ LANG ] ../application/common/lang/zh-cn.php
[ info ] [ VIEW ] /www/wwwroot/rent.niuguagua.com/application/index/view/login/login.html [ array (
) ]
---------------------------------------------------------------
[ 2020-04-06T11:16:57+08:00 ] 47.101.201.234 GET hqlyma.jinzhifm.com/
[运行时间：0.039157s] [吞吐率：25.54req/s] [内存消耗：2,489.07kb] [文件加载：98]
[ info ] [ ROUTE ] array (
)
[ info ] [ HEADER ] array (
  'accept-encoding' => 'gzip',
  'connection' => 'Keep-Alive',
  'host' => 'hqlyma.jinzhifm.com',
  'user-agent' => 'Mozilla/5.0 (X11; Ubuntu; Linux x86_64; rv:36.0) Gecko/20100101 Firefox/36.0',
  'content-type' => '',
  'content-length' => '',
)
[ info ] [ PARAM ] array (
)
[ info ] [ BEHAVIOR ] Run app\admin\behavior\AdminLog->run @app_end [ RunTime:0.000252s ]
---------------------------------------------------------------
[ 2020-04-06T11:16:57+08:00 ] 47.101.201.234 GET hqlyma.jinzhifm.com/login/login
[运行时间：0.052405s] [吞吐率：19.08req/s] [内存消耗：3,559.38kb] [文件加载：113]
[ info ] [ ROUTE ] array (
)
[ info ] [ HEADER ] array (
  'accept-encoding' => 'gzip',
  'connection' => 'Keep-Alive',
  'host' => 'hqlyma.jinzhifm.com',
  'user-agent' => 'Mozilla/5.0 (X11; Ubuntu; Linux x86_64; rv:36.0) Gecko/20100101 Firefox/36.0',
  'content-type' => '',
  'content-length' => '',
)
[ info ] [ PARAM ] array (
)
[ info ] [ DB ] INIT mysql
[ info ] [ VIEW ] /www/wwwroot/rent.niuguagua.com/application/admin/view/login/login.html [ array (
  0 => 'captcha',
) ]
[ info ] [ BEHAVIOR ] Run app\admin\behavior\AdminLog->run @app_end [ RunTime:0.000245s ]
---------------------------------------------------------------
[ 2020-04-06T11:16:58+08:00 ] 47.101.201.234 GET hqlyma.jinzhifm.com/captcha
[运行时间：0.031837s] [吞吐率：31.41req/s] [内存消耗：1,952.66kb] [文件加载：80]
[ info ] [ ROUTE ] array (
  'rule' => 'captcha/<id?>',
  'route' => '\\think\\captcha\\CaptchaController@index',
  'option' => 
  array (
    'merge_rule_regex' => false,
  ),
  'var' => 
  array (
  ),
)
[ info ] [ HEADER ] array (
  'accept-encoding' => 'gzip',
  'connection' => 'Keep-Alive',
  'host' => 'hqlyma.jinzhifm.com',
  'user-agent' => 'Mozilla/5.0 (X11; Ubuntu; Linux x86_64; rv:36.0) Gecko/20100101 Firefox/36.0',
  'content-type' => '',
  'content-length' => '',
)
[ info ] [ PARAM ] array (
)
---------------------------------------------------------------
[ 2020-04-06T14:53:32+08:00 ] 47.101.199.176 GET hqlyapp.jinzhifm.com/
[运行时间：0.036926s] [吞吐率：27.08req/s] [内存消耗：2,496.63kb] [文件加载：95]
[ info ] [ ROUTE ] array (
)
[ info ] [ HEADER ] array (
  'accept-encoding' => 'gzip',
  'connection' => 'Keep-Alive',
  'host' => 'hqlyapp.jinzhifm.com',
  'user-agent' => 'Mozilla/5.0 (X11; Ubuntu; Linux x86_64; rv:36.0) Gecko/20100101 Firefox/36.0',
  'content-type' => '',
  'content-length' => '',
)
[ info ] [ PARAM ] array (
)
---------------------------------------------------------------
[ 2020-04-06T14:53:32+08:00 ] 47.101.199.176 GET hqlyapp.jinzhifm.com/login/login
[运行时间：0.045507s] [吞吐率：21.97req/s] [内存消耗：3,328.34kb] [文件加载：101]
[ info ] [ ROUTE ] array (
)
[ info ] [ HEADER ] array (
  'accept-encoding' => 'gzip',
  'connection' => 'Keep-Alive',
  'host' => 'hqlyapp.jinzhifm.com',
  'user-agent' => 'Mozilla/5.0 (X11; Ubuntu; Linux x86_64; rv:36.0) Gecko/20100101 Firefox/36.0',
  'content-type' => '',
  'content-length' => '',
)
[ info ] [ PARAM ] array (
)
[ info ] [ DB ] INIT mysql
[ info ] [ LANG ] ../application/common/lang/zh-cn.php
[ info ] [ VIEW ] /www/wwwroot/rent.niuguagua.com/application/index/view/login/login.html [ array (
) ]
---------------------------------------------------------------
[ 2020-04-06T14:53:33+08:00 ] 47.101.199.176 GET hqlyapp.jinzhifm.com/login/firstlogin
[运行时间：0.058494s] [吞吐率：17.10req/s] [内存消耗：3,326.52kb] [文件加载：101]
[ info ] [ ROUTE ] array (
)
[ info ] [ HEADER ] array (
  'accept-encoding' => 'gzip',
  'connection' => 'Keep-Alive',
  'host' => 'hqlyapp.jinzhifm.com',
  'user-agent' => 'Mozilla/5.0 (X11; Ubuntu; Linux x86_64; rv:36.0) Gecko/20100101 Firefox/36.0',
  'content-type' => '',
  'content-length' => '',
)
[ info ] [ PARAM ] array (
)
[ info ] [ DB ] INIT mysql
[ info ] [ LANG ] ../application/common/lang/zh-cn.php
---------------------------------------------------------------
[ 2020-04-06T14:53:33+08:00 ] 47.101.199.176 GET hqlyapp.jinzhifm.com/index/index
[运行时间：0.050393s] [吞吐率：19.84req/s] [内存消耗：2,497.41kb] [文件加载：95]
[ info ] [ ROUTE ] array (
)
[ info ] [ HEADER ] array (
  'accept-encoding' => 'gzip',
  'connection' => 'Keep-Alive',
  'host' => 'hqlyapp.jinzhifm.com',
  'user-agent' => 'Mozilla/5.0 (X11; Ubuntu; Linux x86_64; rv:36.0) Gecko/20100101 Firefox/36.0',
  'content-type' => '',
  'content-length' => '',
)
[ info ] [ PARAM ] array (
)
---------------------------------------------------------------
[ 2020-04-06T14:53:34+08:00 ] 47.101.199.176 GET hqlyapp.jinzhifm.com/login/login
[运行时间：0.063040s] [吞吐率：15.86req/s] [内存消耗：3,328.34kb] [文件加载：101]
[ info ] [ ROUTE ] array (
)
[ info ] [ HEADER ] array (
  'accept-encoding' => 'gzip',
  'connection' => 'Keep-Alive',
  'host' => 'hqlyapp.jinzhifm.com',
  'user-agent' => 'Mozilla/5.0 (X11; Ubuntu; Linux x86_64; rv:36.0) Gecko/20100101 Firefox/36.0',
  'content-type' => '',
  'content-length' => '',
)
[ info ] [ PARAM ] array (
)
[ info ] [ DB ] INIT mysql
[ info ] [ LANG ] ../application/common/lang/zh-cn.php
[ info ] [ VIEW ] /www/wwwroot/rent.niuguagua.com/application/index/view/login/login.html [ array (
) ]
---------------------------------------------------------------
[ 2020-04-06T14:53:34+08:00 ] 47.101.199.176 GET hqlyapp.jinzhifm.com/login/login
[运行时间：0.063225s] [吞吐率：15.82req/s] [内存消耗：3,328.34kb] [文件加载：101]
[ info ] [ ROUTE ] array (
)
[ info ] [ HEADER ] array (
  'accept-encoding' => 'gzip',
  'connection' => 'Keep-Alive',
  'host' => 'hqlyapp.jinzhifm.com',
  'user-agent' => 'Mozilla/5.0 (X11; Ubuntu; Linux x86_64; rv:36.0) Gecko/20100101 Firefox/36.0',
  'content-type' => '',
  'content-length' => '',
)
[ info ] [ PARAM ] array (
)
[ info ] [ DB ] INIT mysql
[ info ] [ LANG ] ../application/common/lang/zh-cn.php
[ info ] [ VIEW ] /www/wwwroot/rent.niuguagua.com/application/index/view/login/login.html [ array (
) ]
---------------------------------------------------------------
[ 2020-04-06T15:40:12+08:00 ] 183.136.190.62 GET hqlyapp.jinzhifm.com/
[运行时间：0.038763s] [吞吐率：25.80req/s] [内存消耗：2,519.09kb] [文件加载：96]
[ info ] [ LANG ] /www/wwwroot/rent.niuguagua.com/framework/lang/zh-cn.php
[ info ] [ ROUTE ] array (
)
[ info ] [ HEADER ] array (
  'connection' => 'close',
  'cache-control' => 'max-age=0',
  'accept-language' => 'zh-CN,zh;q=0.8',
  'accept-encoding' => '',
  'accept' => 'text/html,application/xhtml+xml,application/xml;q=0.9,image/webp,*/*;q=0.8',
  'user-agent' => 'Mozilla/5.0 (Windows NT 6.1) AppleWebKit/537.36 (KHTML, like Gecko) Chrome/35.0.1916.153 Safari/537.36',
  'host' => 'hqlyapp.jinzhifm.com',
  'content-type' => '',
  'content-length' => '',
)
[ info ] [ PARAM ] array (
)
---------------------------------------------------------------
[ 2020-04-06T16:11:05+08:00 ] 183.136.190.62 GET hqlyma.jinzhifm.com/
[运行时间：0.038755s] [吞吐率：25.80req/s] [内存消耗：2,511.53kb] [文件加载：99]
[ info ] [ LANG ] /www/wwwroot/rent.niuguagua.com/framework/lang/zh-cn.php
[ info ] [ ROUTE ] array (
)
[ info ] [ HEADER ] array (
  'connection' => 'close',
  'cache-control' => 'max-age=0',
  'accept-language' => 'zh-CN,zh;q=0.8',
  'accept-encoding' => '',
  'accept' => 'text/html,application/xhtml+xml,application/xml;q=0.9,image/webp,*/*;q=0.8',
  'user-agent' => 'Mozilla/5.0 (Windows NT 6.1) AppleWebKit/537.36 (KHTML, like Gecko) Chrome/35.0.1916.153 Safari/537.36',
  'host' => 'hqlyma.jinzhifm.com',
  'content-type' => '',
  'content-length' => '',
)
[ info ] [ PARAM ] array (
)
[ info ] [ BEHAVIOR ] Run app\admin\behavior\AdminLog->run @app_end [ RunTime:0.000255s ]
---------------------------------------------------------------
[ 2020-04-06T17:49:57+08:00 ] 47.101.58.149 GET hqlyma.jinzhifm.com/
[运行时间：0.039315s] [吞吐率：25.44req/s] [内存消耗：2,489.01kb] [文件加载：98]
[ info ] [ ROUTE ] array (
)
[ info ] [ HEADER ] array (
  'accept-encoding' => 'gzip',
  'connection' => 'Keep-Alive',
  'host' => 'hqlyma.jinzhifm.com',
  'user-agent' => 'Mozilla/5.0 firefox(windows nt/Windows NT;)Firefox',
  'content-type' => '',
  'content-length' => '',
)
[ info ] [ PARAM ] array (
)
[ info ] [ BEHAVIOR ] Run app\admin\behavior\AdminLog->run @app_end [ RunTime:0.000265s ]
---------------------------------------------------------------
[ 2020-04-06T17:49:57+08:00 ] 47.101.58.149 GET hqlyma.jinzhifm.com/login/login
[运行时间：0.051398s] [吞吐率：19.46req/s] [内存消耗：3,559.38kb] [文件加载：113]
[ info ] [ ROUTE ] array (
)
[ info ] [ HEADER ] array (
  'accept-encoding' => 'gzip',
  'connection' => 'Keep-Alive',
  'host' => 'hqlyma.jinzhifm.com',
  'user-agent' => 'Mozilla/5.0 firefox(windows nt/Windows NT;)Firefox',
  'content-type' => '',
  'content-length' => '',
)
[ info ] [ PARAM ] array (
)
[ info ] [ DB ] INIT mysql
[ info ] [ VIEW ] /www/wwwroot/rent.niuguagua.com/application/admin/view/login/login.html [ array (
  0 => 'captcha',
) ]
[ info ] [ BEHAVIOR ] Run app\admin\behavior\AdminLog->run @app_end [ RunTime:0.000256s ]
---------------------------------------------------------------
[ 2020-04-06T17:49:59+08:00 ] 47.101.58.149 GET hqlyma.jinzhifm.com/captcha
[运行时间：0.032159s] [吞吐率：31.10req/s] [内存消耗：1,952.66kb] [文件加载：80]
[ info ] [ ROUTE ] array (
  'rule' => 'captcha/<id?>',
  'route' => '\\think\\captcha\\CaptchaController@index',
  'option' => 
  array (
    'merge_rule_regex' => false,
  ),
  'var' => 
  array (
  ),
)
[ info ] [ HEADER ] array (
  'accept-encoding' => 'gzip',
  'connection' => 'Keep-Alive',
  'host' => 'hqlyma.jinzhifm.com',
  'user-agent' => 'Mozilla/5.0 firefox(windows nt/Windows NT;)Firefox',
  'content-type' => '',
  'content-length' => '',
)
[ info ] [ PARAM ] array (
)
---------------------------------------------------------------
[ 2020-04-06T21:48:45+08:00 ] 49.83.235.185 GET hqlyapp.jinzhifm.com/
[运行时间：0.041811s] [吞吐率：23.92req/s] [内存消耗：2,519.34kb] [文件加载：96]
[ info ] [ LANG ] /www/wwwroot/rent.niuguagua.com/framework/lang/zh-cn.php
[ info ] [ ROUTE ] array (
)
[ info ] [ HEADER ] array (
  'cookie' => 'PHPSESSID=10jmpcqji3tbgjo226tkjoq5f9',
  'accept-language' => 'zh-CN,zh;q=0.9',
  'accept-encoding' => 'gzip, deflate',
  'accept' => 'text/html,application/xhtml+xml,application/xml;q=0.9,image/webp,image/apng,*/*;q=0.8',
  'user-agent' => 'Mozilla/5.0 (Windows NT 10.0; WOW64) AppleWebKit/537.36 (KHTML, like Gecko) Chrome/65.0.3314.0 Safari/537.36 SE 2.X MetaSr 1.0',
  'upgrade-insecure-requests' => '1',
  'connection' => 'keep-alive',
  'host' => 'hqlyapp.jinzhifm.com',
  'content-type' => '',
  'content-length' => '',
)
[ info ] [ PARAM ] array (
)
---------------------------------------------------------------
[ 2020-04-06T21:48:45+08:00 ] 49.83.235.185 GET hqlyapp.jinzhifm.com/login/login
[运行时间：0.051777s] [吞吐率：19.31req/s] [内存消耗：3,343.00kb] [文件加载：102]
[ info ] [ LANG ] /www/wwwroot/rent.niuguagua.com/framework/lang/zh-cn.php
[ info ] [ ROUTE ] array (
)
[ info ] [ HEADER ] array (
  'cookie' => 'PHPSESSID=10jmpcqji3tbgjo226tkjoq5f9',
  'accept-language' => 'zh-CN,zh;q=0.9',
  'accept-encoding' => 'gzip, deflate',
  'accept' => 'text/html,application/xhtml+xml,application/xml;q=0.9,image/webp,image/apng,*/*;q=0.8',
  'user-agent' => 'Mozilla/5.0 (Windows NT 10.0; WOW64) AppleWebKit/537.36 (KHTML, like Gecko) Chrome/65.0.3314.0 Safari/537.36 SE 2.X MetaSr 1.0',
  'upgrade-insecure-requests' => '1',
  'connection' => 'keep-alive',
  'host' => 'hqlyapp.jinzhifm.com',
  'content-type' => '',
  'content-length' => '',
)
[ info ] [ PARAM ] array (
)
[ info ] [ DB ] INIT mysql
[ info ] [ LANG ] ../application/common/lang/zh-cn.php
[ info ] [ VIEW ] /www/wwwroot/rent.niuguagua.com/application/index/view/login/login.html [ array (
) ]
