---------------------------------------------------------------
[ 2020-04-08T04:07:11+08:00 ] 183.136.190.62 GET hqlyapp.jinzhifm.com/
[运行时间：0.043226s] [吞吐率：23.13req/s] [内存消耗：2,519.08kb] [文件加载：96]
[ info ] [ LANG ] /www/wwwroot/rent.niuguagua.com/framework/lang/zh-cn.php
[ info ] [ ROUTE ] array (
)
[ info ] [ HEADER ] array (
  'connection' => 'close',
  'cache-control' => 'max-age=0',
  'accept-language' => 'zh-CN,zh;q=0.8',
  'accept-encoding' => '',
  'accept' => 'text/html,application/xhtml+xml,application/xml;q=0.9,image/webp,*/*;q=0.8',
  'user-agent' => 'Mozilla/5.0 (Windows NT 6.1) AppleWebKit/537.36 (KHTML, like Gecko) Chrome/35.0.1916.153 Safari/537.36',
  'host' => 'hqlyapp.jinzhifm.com',
  'content-type' => '',
  'content-length' => '',
)
[ info ] [ PARAM ] array (
)
---------------------------------------------------------------
[ 2020-04-08T05:40:50+08:00 ] 183.136.190.62 GET hqlyma.jinzhifm.com/
[运行时间：0.041992s] [吞吐率：23.81req/s] [内存消耗：2,511.53kb] [文件加载：99]
[ info ] [ LANG ] /www/wwwroot/rent.niuguagua.com/framework/lang/zh-cn.php
[ info ] [ ROUTE ] array (
)
[ info ] [ HEADER ] array (
  'connection' => 'close',
  'cache-control' => 'max-age=0',
  'accept-language' => 'zh-CN,zh;q=0.8',
  'accept-encoding' => '',
  'accept' => 'text/html,application/xhtml+xml,application/xml;q=0.9,image/webp,*/*;q=0.8',
  'user-agent' => 'Mozilla/5.0 (Windows NT 6.1) AppleWebKit/537.36 (KHTML, like Gecko) Chrome/35.0.1916.153 Safari/537.36',
  'host' => 'hqlyma.jinzhifm.com',
  'content-type' => '',
  'content-length' => '',
)
[ info ] [ PARAM ] array (
)
[ info ] [ BEHAVIOR ] Run app\admin\behavior\AdminLog->run @app_end [ RunTime:0.000251s ]
---------------------------------------------------------------
[ 2020-04-08T06:38:11+08:00 ] 139.224.9.12 GET hqlyma.jinzhifm.com/
[运行时间：0.041393s] [吞吐率：24.16req/s] [内存消耗：2,489.01kb] [文件加载：98]
[ info ] [ ROUTE ] array (
)
[ info ] [ HEADER ] array (
  'accept-encoding' => 'gzip',
  'connection' => 'Keep-Alive',
  'host' => 'hqlyma.jinzhifm.com',
  'user-agent' => 'Mozilla/5.0 chrome(windows nt/Windows NT;)Chrome',
  'content-type' => '',
  'content-length' => '',
)
[ info ] [ PARAM ] array (
)
[ info ] [ BEHAVIOR ] Run app\admin\behavior\AdminLog->run @app_end [ RunTime:0.000240s ]
---------------------------------------------------------------
[ 2020-04-08T06:38:11+08:00 ] 139.224.9.12 GET hqlyma.jinzhifm.com/login/login
[运行时间：0.051574s] [吞吐率：19.39req/s] [内存消耗：3,559.38kb] [文件加载：113]
[ info ] [ ROUTE ] array (
)
[ info ] [ HEADER ] array (
  'accept-encoding' => 'gzip',
  'connection' => 'Keep-Alive',
  'host' => 'hqlyma.jinzhifm.com',
  'user-agent' => 'Mozilla/5.0 chrome(windows nt/Windows NT;)Chrome',
  'content-type' => '',
  'content-length' => '',
)
[ info ] [ PARAM ] array (
)
[ info ] [ DB ] INIT mysql
[ info ] [ VIEW ] /www/wwwroot/rent.niuguagua.com/application/admin/view/login/login.html [ array (
  0 => 'captcha',
) ]
[ info ] [ BEHAVIOR ] Run app\admin\behavior\AdminLog->run @app_end [ RunTime:0.000259s ]
---------------------------------------------------------------
[ 2020-04-08T06:38:13+08:00 ] 139.224.9.12 GET hqlyma.jinzhifm.com/captcha
[运行时间：0.032377s] [吞吐率：30.89req/s] [内存消耗：1,952.66kb] [文件加载：80]
[ info ] [ ROUTE ] array (
  'rule' => 'captcha/<id?>',
  'route' => '\\think\\captcha\\CaptchaController@index',
  'option' => 
  array (
    'merge_rule_regex' => false,
  ),
  'var' => 
  array (
  ),
)
[ info ] [ HEADER ] array (
  'accept-encoding' => 'gzip',
  'connection' => 'Keep-Alive',
  'host' => 'hqlyma.jinzhifm.com',
  'user-agent' => 'Mozilla/5.0 chrome(windows nt/Windows NT;)Chrome',
  'content-type' => '',
  'content-length' => '',
)
[ info ] [ PARAM ] array (
)
---------------------------------------------------------------
[ 2020-04-08T08:25:22+08:00 ] 47.101.189.183 GET hqlyapp.jinzhifm.com/
[运行时间：0.037697s] [吞吐率：26.53req/s] [内存消耗：2,496.63kb] [文件加载：95]
[ info ] [ ROUTE ] array (
)
[ info ] [ HEADER ] array (
  'accept-encoding' => 'gzip',
  'connection' => 'Keep-Alive',
  'host' => 'hqlyapp.jinzhifm.com',
  'user-agent' => 'Mozilla/5.0 (X11; Ubuntu; Linux x86_64; rv:36.0) Gecko/20100101 Firefox/36.0',
  'content-type' => '',
  'content-length' => '',
)
[ info ] [ PARAM ] array (
)
---------------------------------------------------------------
[ 2020-04-08T08:25:23+08:00 ] 47.101.189.183 GET hqlyapp.jinzhifm.com/login/login
[运行时间：0.045997s] [吞吐率：21.74req/s] [内存消耗：3,328.34kb] [文件加载：101]
[ info ] [ ROUTE ] array (
)
[ info ] [ HEADER ] array (
  'accept-encoding' => 'gzip',
  'connection' => 'Keep-Alive',
  'host' => 'hqlyapp.jinzhifm.com',
  'user-agent' => 'Mozilla/5.0 (X11; Ubuntu; Linux x86_64; rv:36.0) Gecko/20100101 Firefox/36.0',
  'content-type' => '',
  'content-length' => '',
)
[ info ] [ PARAM ] array (
)
[ info ] [ DB ] INIT mysql
[ info ] [ LANG ] ../application/common/lang/zh-cn.php
[ info ] [ VIEW ] /www/wwwroot/rent.niuguagua.com/application/index/view/login/login.html [ array (
) ]
---------------------------------------------------------------
[ 2020-04-08T08:25:23+08:00 ] 47.101.189.183 GET hqlyapp.jinzhifm.com/index/index
[运行时间：0.036644s] [吞吐率：27.29req/s] [内存消耗：2,497.41kb] [文件加载：95]
[ info ] [ ROUTE ] array (
)
[ info ] [ HEADER ] array (
  'accept-encoding' => 'gzip',
  'connection' => 'Keep-Alive',
  'host' => 'hqlyapp.jinzhifm.com',
  'user-agent' => 'Mozilla/5.0 (X11; Ubuntu; Linux x86_64; rv:36.0) Gecko/20100101 Firefox/36.0',
  'content-type' => '',
  'content-length' => '',
)
[ info ] [ PARAM ] array (
)
---------------------------------------------------------------
[ 2020-04-08T08:25:23+08:00 ] 47.101.189.183 GET hqlyapp.jinzhifm.com/login/firstlogin
[运行时间：0.045392s] [吞吐率：22.03req/s] [内存消耗：3,326.52kb] [文件加载：101]
[ info ] [ ROUTE ] array (
)
[ info ] [ HEADER ] array (
  'accept-encoding' => 'gzip',
  'connection' => 'Keep-Alive',
  'host' => 'hqlyapp.jinzhifm.com',
  'user-agent' => 'Mozilla/5.0 (X11; Ubuntu; Linux x86_64; rv:36.0) Gecko/20100101 Firefox/36.0',
  'content-type' => '',
  'content-length' => '',
)
[ info ] [ PARAM ] array (
)
[ info ] [ DB ] INIT mysql
[ info ] [ LANG ] ../application/common/lang/zh-cn.php
---------------------------------------------------------------
[ 2020-04-08T08:25:24+08:00 ] 47.101.189.183 GET hqlyapp.jinzhifm.com/login/login
[运行时间：0.045923s] [吞吐率：21.78req/s] [内存消耗：3,328.34kb] [文件加载：101]
[ info ] [ ROUTE ] array (
)
[ info ] [ HEADER ] array (
  'accept-encoding' => 'gzip',
  'connection' => 'Keep-Alive',
  'host' => 'hqlyapp.jinzhifm.com',
  'user-agent' => 'Mozilla/5.0 (X11; Ubuntu; Linux x86_64; rv:36.0) Gecko/20100101 Firefox/36.0',
  'content-type' => '',
  'content-length' => '',
)
[ info ] [ PARAM ] array (
)
[ info ] [ DB ] INIT mysql
[ info ] [ LANG ] ../application/common/lang/zh-cn.php
[ info ] [ VIEW ] /www/wwwroot/rent.niuguagua.com/application/index/view/login/login.html [ array (
) ]
---------------------------------------------------------------
[ 2020-04-08T08:25:24+08:00 ] 47.101.189.183 GET hqlyapp.jinzhifm.com/login/login
[运行时间：0.046220s] [吞吐率：21.64req/s] [内存消耗：3,328.34kb] [文件加载：101]
[ info ] [ ROUTE ] array (
)
[ info ] [ HEADER ] array (
  'accept-encoding' => 'gzip',
  'connection' => 'Keep-Alive',
  'host' => 'hqlyapp.jinzhifm.com',
  'user-agent' => 'Mozilla/5.0 (X11; Ubuntu; Linux x86_64; rv:36.0) Gecko/20100101 Firefox/36.0',
  'content-type' => '',
  'content-length' => '',
)
[ info ] [ PARAM ] array (
)
[ info ] [ DB ] INIT mysql
[ info ] [ LANG ] ../application/common/lang/zh-cn.php
[ info ] [ VIEW ] /www/wwwroot/rent.niuguagua.com/application/index/view/login/login.html [ array (
) ]
---------------------------------------------------------------
[ 2020-04-08T09:46:36+08:00 ] 27.115.74.70 GET hqlyapp.jinzhifm.com/
[运行时间：0.038632s] [吞吐率：25.89req/s] [内存消耗：2,519.13kb] [文件加载：96]
[ info ] [ LANG ] /www/wwwroot/rent.niuguagua.com/framework/lang/zh-cn.php
[ info ] [ ROUTE ] array (
)
[ info ] [ HEADER ] array (
  'upgrade-insecure-requests' => '1',
  'accept-language' => 'zh-CN,zh;q=0.9',
  'accept-encoding' => 'gzip, deflate',
  'accept' => 'text/html,application/xhtml+xml,application/xml;q=0.9,image/webp,image/apng,*/*;q=0.8,application/signed-exchange;v=b3',
  'user-agent' => 'Mozilla/5.0 (Windows NT 10.0; Win64; x64) AppleWebKit/537.36 (KHTML, like Gecko) Chrome/78.0.3904.108 Safari/537.36',
  'host' => 'hqlyapp.jinzhifm.com',
  'content-type' => '',
  'content-length' => '',
)
[ info ] [ PARAM ] array (
)
---------------------------------------------------------------
[ 2020-04-08T09:46:36+08:00 ] 27.115.74.70 GET hqlyapp.jinzhifm.com/login/login
[运行时间：0.051714s] [吞吐率：19.34req/s] [内存消耗：3,342.96kb] [文件加载：102]
[ info ] [ LANG ] /www/wwwroot/rent.niuguagua.com/framework/lang/zh-cn.php
[ info ] [ ROUTE ] array (
)
[ info ] [ HEADER ] array (
  'upgrade-insecure-requests' => '1',
  'cookie' => 'PHPSESSID=018qjeed48j4es13r04j1j8t4k',
  'accept-language' => 'zh-CN,zh;q=0.9',
  'accept-encoding' => 'gzip, deflate',
  'accept' => 'text/html,application/xhtml+xml,application/xml;q=0.9,image/webp,image/apng,*/*;q=0.8,application/signed-exchange;v=b3',
  'user-agent' => 'Mozilla/5.0 (Windows NT 10.0; Win64; x64) AppleWebKit/537.36 (KHTML, like Gecko) Chrome/78.0.3904.108 Safari/537.36',
  'host' => 'hqlyapp.jinzhifm.com',
  'content-type' => '',
  'content-length' => '',
)
[ info ] [ PARAM ] array (
)
[ info ] [ DB ] INIT mysql
[ info ] [ LANG ] ../application/common/lang/zh-cn.php
[ info ] [ VIEW ] /www/wwwroot/rent.niuguagua.com/application/index/view/login/login.html [ array (
) ]
---------------------------------------------------------------
[ 2020-04-08T09:46:51+08:00 ] 27.115.74.70 POST hqlyapp.jinzhifm.com/login/loginsubmit
[运行时间：0.043432s] [吞吐率：23.02req/s] [内存消耗：3,227.70kb] [文件加载：99]
[ info ] [ LANG ] /www/wwwroot/rent.niuguagua.com/framework/lang/zh-cn.php
[ info ] [ ROUTE ] array (
)
[ info ] [ HEADER ] array (
  'x-requested-with' => 'XMLHttpRequest',
  'referer' => 'http://hqlyapp.jinzhifm.com/login/login',
  'origin' => 'http://hqlyapp.jinzhifm.com',
  'cookie' => 'PHPSESSID=018qjeed48j4es13r04j1j8t4k',
  'content-type' => 'application/x-www-form-urlencoded; charset=UTF-8',
  'accept-language' => 'zh-CN,zh;q=0.9',
  'accept-encoding' => 'gzip, deflate',
  'accept' => '*/*',
  'content-length' => '82',
  'user-agent' => 'Mozilla/5.0 (Windows NT 10.0; Win64; x64) AppleWebKit/537.36 (KHTML, like Gecko) Chrome/78.0.3904.108 Safari/537.36',
  'host' => 'hqlyapp.jinzhifm.com',
)
[ info ] [ PARAM ] array (
  'token' => 'e43d7be91a4479707b5746579f771d79',
  'name' => 'admin',
  'password' => 'anttrade2019',
  'lang' => 'zh-ch',
)
[ info ] [ DB ] INIT mysql
[ info ] [ LANG ] ../application/common/lang/zh-cn.php
---------------------------------------------------------------
[ 2020-04-08T09:46:54+08:00 ] 27.115.74.70 GET hqlyapp.jinzhifm.com/login/login
[运行时间：0.047306s] [吞吐率：21.14req/s] [内存消耗：3,343.45kb] [文件加载：102]
[ info ] [ LANG ] /www/wwwroot/rent.niuguagua.com/framework/lang/zh-cn.php
[ info ] [ ROUTE ] array (
)
[ info ] [ HEADER ] array (
  'upgrade-insecure-requests' => '1',
  'referer' => 'http://hqlyapp.jinzhifm.com/login/login',
  'cookie' => 'PHPSESSID=018qjeed48j4es13r04j1j8t4k',
  'cache-control' => 'max-age=0',
  'accept-language' => 'zh-CN,zh;q=0.9',
  'accept-encoding' => 'gzip, deflate',
  'accept' => 'text/html,application/xhtml+xml,application/xml;q=0.9,image/webp,image/apng,*/*;q=0.8,application/signed-exchange;v=b3',
  'user-agent' => 'Mozilla/5.0 (Windows NT 10.0; Win64; x64) AppleWebKit/537.36 (KHTML, like Gecko) Chrome/78.0.3904.108 Safari/537.36',
  'host' => 'hqlyapp.jinzhifm.com',
  'content-type' => '',
  'content-length' => '',
)
[ info ] [ PARAM ] array (
)
[ info ] [ DB ] INIT mysql
[ info ] [ LANG ] ../application/common/lang/zh-cn.php
[ info ] [ VIEW ] /www/wwwroot/rent.niuguagua.com/application/index/view/login/login.html [ array (
) ]
---------------------------------------------------------------
[ 2020-04-08T09:47:04+08:00 ] 27.115.74.70 GET hqlyma.jinzhifm.com/
[运行时间：0.038784s] [吞吐率：25.78req/s] [内存消耗：2,511.45kb] [文件加载：99]
[ info ] [ LANG ] /www/wwwroot/rent.niuguagua.com/framework/lang/zh-cn.php
[ info ] [ ROUTE ] array (
)
[ info ] [ HEADER ] array (
  'upgrade-insecure-requests' => '1',
  'accept-language' => 'zh-CN,zh;q=0.9',
  'accept-encoding' => 'gzip, deflate',
  'accept' => 'text/html,application/xhtml+xml,application/xml;q=0.9,image/webp,image/apng,*/*;q=0.8,application/signed-exchange;v=b3',
  'user-agent' => 'Mozilla/5.0 (Windows NT 10.0; Win64; x64) AppleWebKit/537.36 (KHTML, like Gecko) Chrome/78.0.3904.108 Safari/537.36',
  'host' => 'hqlyma.jinzhifm.com',
  'content-type' => '',
  'content-length' => '',
)
[ info ] [ PARAM ] array (
)
[ info ] [ BEHAVIOR ] Run app\admin\behavior\AdminLog->run @app_end [ RunTime:0.000242s ]
---------------------------------------------------------------
[ 2020-04-08T09:47:05+08:00 ] 27.115.74.70 GET hqlyma.jinzhifm.com/login/login
[运行时间：0.052585s] [吞吐率：19.02req/s] [内存消耗：3,582.06kb] [文件加载：114]
[ info ] [ LANG ] /www/wwwroot/rent.niuguagua.com/framework/lang/zh-cn.php
[ info ] [ ROUTE ] array (
)
[ info ] [ HEADER ] array (
  'upgrade-insecure-requests' => '1',
  'cookie' => 'PHPSESSID=8ekmi27aklknumlm99elvna51k',
  'accept-language' => 'zh-CN,zh;q=0.9',
  'accept-encoding' => 'gzip, deflate',
  'accept' => 'text/html,application/xhtml+xml,application/xml;q=0.9,image/webp,image/apng,*/*;q=0.8,application/signed-exchange;v=b3',
  'user-agent' => 'Mozilla/5.0 (Windows NT 10.0; Win64; x64) AppleWebKit/537.36 (KHTML, like Gecko) Chrome/78.0.3904.108 Safari/537.36',
  'host' => 'hqlyma.jinzhifm.com',
  'content-type' => '',
  'content-length' => '',
)
[ info ] [ PARAM ] array (
)
[ info ] [ DB ] INIT mysql
[ info ] [ VIEW ] /www/wwwroot/rent.niuguagua.com/application/admin/view/login/login.html [ array (
  0 => 'captcha',
) ]
[ info ] [ BEHAVIOR ] Run app\admin\behavior\AdminLog->run @app_end [ RunTime:0.000240s ]
---------------------------------------------------------------
[ 2020-04-08T09:47:05+08:00 ] 27.115.74.70 GET hqlyma.jinzhifm.com/captcha
[运行时间：0.031169s] [吞吐率：32.08req/s] [内存消耗：1,975.20kb] [文件加载：81]
[ info ] [ LANG ] /www/wwwroot/rent.niuguagua.com/framework/lang/zh-cn.php
[ info ] [ ROUTE ] array (
  'rule' => 'captcha/<id?>',
  'route' => '\\think\\captcha\\CaptchaController@index',
  'option' => 
  array (
    'merge_rule_regex' => false,
  ),
  'var' => 
  array (
  ),
)
[ info ] [ HEADER ] array (
  'referer' => 'http://hqlyma.jinzhifm.com/login/login',
  'cookie' => 'PHPSESSID=8ekmi27aklknumlm99elvna51k',
  'accept-language' => 'zh-CN,zh;q=0.9',
  'accept-encoding' => 'gzip, deflate',
  'accept' => 'image/webp,image/apng,image/*,*/*;q=0.8',
  'user-agent' => 'Mozilla/5.0 (Windows NT 10.0; Win64; x64) AppleWebKit/537.36 (KHTML, like Gecko) Chrome/78.0.3904.108 Safari/537.36',
  'host' => 'hqlyma.jinzhifm.com',
  'content-type' => '',
  'content-length' => '',
)
[ info ] [ PARAM ] array (
)
---------------------------------------------------------------
[ 2020-04-08T09:47:13+08:00 ] 27.115.74.70 GET hqlyma.jinzhifm.com/login/updatecaptcha?t=1586310432535
[运行时间：0.051712s] [吞吐率：19.34req/s] [内存消耗：3,576.12kb] [文件加载：111]
[ info ] [ LANG ] /www/wwwroot/rent.niuguagua.com/framework/lang/zh-cn.php
[ info ] [ ROUTE ] array (
)
[ info ] [ HEADER ] array (
  'referer' => 'http://hqlyma.jinzhifm.com/login/login',
  'cookie' => 'PHPSESSID=8ekmi27aklknumlm99elvna51k',
  'accept-language' => 'zh-CN,zh;q=0.9',
  'accept-encoding' => 'gzip, deflate',
  'accept' => 'image/webp,image/apng,image/*,*/*;q=0.8',
  'user-agent' => 'Mozilla/5.0 (Windows NT 10.0; Win64; x64) AppleWebKit/537.36 (KHTML, like Gecko) Chrome/78.0.3904.108 Safari/537.36',
  'host' => 'hqlyma.jinzhifm.com',
  'content-type' => '',
  'content-length' => '',
)
[ info ] [ PARAM ] array (
  't' => '1586310432535',
)
[ info ] [ DB ] INIT mysql
[ info ] [ BEHAVIOR ] Run app\admin\behavior\AdminLog->run @app_end [ RunTime:0.000246s ]
---------------------------------------------------------------
[ 2020-04-08T09:47:19+08:00 ] 27.115.74.70 POST hqlyma.jinzhifm.com/login/login
[运行时间：0.059799s] [吞吐率：16.72req/s] [内存消耗：3,757.47kb] [文件加载：116]
[ info ] [ LANG ] /www/wwwroot/rent.niuguagua.com/framework/lang/zh-cn.php
[ info ] [ ROUTE ] array (
)
[ info ] [ HEADER ] array (
  'x-requested-with' => 'XMLHttpRequest',
  'referer' => 'http://hqlyma.jinzhifm.com/login/login',
  'origin' => 'http://hqlyma.jinzhifm.com',
  'cookie' => 'PHPSESSID=8ekmi27aklknumlm99elvna51k',
  'content-type' => 'application/x-www-form-urlencoded; charset=UTF-8',
  'accept-language' => 'zh-CN,zh;q=0.9',
  'accept-encoding' => 'gzip, deflate',
  'accept' => 'application/json, text/javascript, */*; q=0.01',
  'content-length' => '102',
  'user-agent' => 'Mozilla/5.0 (Windows NT 10.0; Win64; x64) AppleWebKit/537.36 (KHTML, like Gecko) Chrome/78.0.3904.108 Safari/537.36',
  'host' => 'hqlyma.jinzhifm.com',
)
[ info ] [ PARAM ] array (
  'data' => 
  array (
    'username' => 'admin',
    'password' => 'anttrade2019',
    'vercode' => 'fdrfk',
    'remember' => 'on',
  ),
)
[ info ] [ DB ] INIT mysql
[ info ] [ BEHAVIOR ] Run app\admin\behavior\AdminLog->run @app_end [ RunTime:0.002506s ]
[ sql ] [ DB ] CONNECT:[ UseTime:0.000422s ] mysql:host=127.0.0.1;port=3306;dbname=rent;charset=utf8
[ sql ] [ SQL ] SHOW COLUMNS FROM `ecshecom_admin` [ RunTime:0.001050s ]
[ sql ] [ SQL ] SELECT * FROM `ecshecom_admin` WHERE  `username` = 'admin' LIMIT 1 [ RunTime:0.000333s ]
[ sql ] [ SQL ] UPDATE `ecshecom_admin`  SET `last_login_time` = 1586310439 , `last_login_ip` = 460540486  WHERE  `id` = 1 [ RunTime:0.000321s ]
[ sql ] [ SQL ] SELECT `username` FROM `ecshecom_admin` WHERE  `id` = 1 LIMIT 1 [ RunTime:0.000265s ]
[ sql ] [ SQL ] SHOW COLUMNS FROM `ecshecom_admin_log` [ RunTime:0.000836s ]
[ sql ] [ SQL ] INSERT INTO `ecshecom_admin_log` (`admin_id` , `username` , `module` , `action` , `param` , `title` , `content` , `ip` , `user_agent` , `create_time`) VALUES (1 , 'admin' , 'admin' , '/login/login' , '{\"data\":{\"username\":\"admin\",\"password\":\"anttrade2019\",\"vercode\":\"fdrfk\",\"remember\":\"on\"}}' , '登录' , '' , 460540486 , 'Mozilla/5.0 (Windows NT 10.0; Win64; x64) AppleWebKit/537.36 (KHTML, like Gecko) Chrome/78.0.3904.108 Safari/537.36' , 1586310439) [ RunTime:0.000318s ]
---------------------------------------------------------------
[ 2020-04-08T09:47:21+08:00 ] 27.115.74.70 GET hqlyma.jinzhifm.com/index/index
[运行时间：0.071452s] [吞吐率：14.00req/s] [内存消耗：3,851.66kb] [文件加载：120]
[ info ] [ LANG ] /www/wwwroot/rent.niuguagua.com/framework/lang/zh-cn.php
[ info ] [ ROUTE ] array (
)
[ info ] [ HEADER ] array (
  'upgrade-insecure-requests' => '1',
  'referer' => 'http://hqlyma.jinzhifm.com/login/login',
  'cookie' => 'PHPSESSID=8ekmi27aklknumlm99elvna51k; keep_login=1%7C1586314039%7C2554abf83414d5583a5c7795924d5b13',
  'accept-language' => 'zh-CN,zh;q=0.9',
  'accept-encoding' => 'gzip, deflate',
  'accept' => 'text/html,application/xhtml+xml,application/xml;q=0.9,image/webp,image/apng,*/*;q=0.8,application/signed-exchange;v=b3',
  'user-agent' => 'Mozilla/5.0 (Windows NT 10.0; Win64; x64) AppleWebKit/537.36 (KHTML, like Gecko) Chrome/78.0.3904.108 Safari/537.36',
  'host' => 'hqlyma.jinzhifm.com',
  'content-type' => '',
  'content-length' => '',
)
[ info ] [ PARAM ] array (
)
[ info ] [ DB ] INIT mysql
[ info ] [ VIEW ] /www/wwwroot/rent.niuguagua.com/application/admin/view/index/index.html [ array (
  0 => 'menu',
  1 => 'nav',
  2 => 'adminRole',
  3 => 'group',
  4 => 'admin',
) ]
[ info ] [ BEHAVIOR ] Run app\admin\behavior\AdminLog->run @app_end [ RunTime:0.003180s ]
[ sql ] [ DB ] CONNECT:[ UseTime:0.000438s ] mysql:host=127.0.0.1;port=3306;dbname=rent;charset=utf8
[ sql ] [ SQL ] SHOW COLUMNS FROM `ecshecom_setting` [ RunTime:0.000929s ]
[ sql ] [ SQL ] SELECT `key`,`value` FROM `ecshecom_setting` [ RunTime:0.000192s ]
[ sql ] [ SQL ] SHOW COLUMNS FROM `ecshecom_admin_auth_group` [ RunTime:0.000816s ]
[ sql ] [ SQL ] SELECT `id`,`title` FROM `ecshecom_admin_auth_group` WHERE  `status` = 1 [ RunTime:0.000252s ]
[ sql ] [ SQL ] SELECT `rules` FROM `ecshecom_admin_auth_group` WHERE  `id` = 1 LIMIT 1 [ RunTime:0.000180s ]
[ sql ] [ SQL ] SHOW COLUMNS FROM `ecshecom_admin_auth_rule` [ RunTime:0.000811s ]
[ sql ] [ SQL ] SELECT * FROM `ecshecom_admin_auth_rule` WHERE  `is_menu` = 1  AND `is_show` = 1  AND `status` = 1  AND `module` <> 'admin' ORDER BY `sort` ASC [ RunTime:0.000290s ]
[ sql ] [ SQL ] SELECT * FROM `ecshecom_admin_auth_rule` WHERE  `name` = 'admin/index/index'  AND `status` = 1 LIMIT 1 [ RunTime:0.000266s ]
[ sql ] [ SQL ] SHOW COLUMNS FROM `ecshecom_admin` [ RunTime:0.000856s ]
[ sql ] [ SQL ] SELECT `username` FROM `ecshecom_admin` WHERE  `id` = 1 LIMIT 1 [ RunTime:0.000175s ]
[ sql ] [ SQL ] SHOW COLUMNS FROM `ecshecom_admin_log` [ RunTime:0.000696s ]
[ sql ] [ SQL ] INSERT INTO `ecshecom_admin_log` (`admin_id` , `username` , `module` , `action` , `param` , `title` , `content` , `ip` , `user_agent` , `create_time`) VALUES (1 , 'admin' , 'admin' , '/index/index' , '' , '后台首页' , '' , 460540486 , 'Mozilla/5.0 (Windows NT 10.0; Win64; x64) AppleWebKit/537.36 (KHTML, like Gecko) Chrome/78.0.3904.108 Safari/537.36' , 1586310441) [ RunTime:0.000314s ]
---------------------------------------------------------------
[ 2020-04-08T09:47:21+08:00 ] 27.115.74.70 GET hqlyma.jinzhifm.com/index/console
[运行时间：0.063839s] [吞吐率：15.66req/s] [内存消耗：3,806.98kb] [文件加载：118]
[ info ] [ LANG ] /www/wwwroot/rent.niuguagua.com/framework/lang/zh-cn.php
[ info ] [ ROUTE ] array (
)
[ info ] [ HEADER ] array (
  'upgrade-insecure-requests' => '1',
  'referer' => 'http://hqlyma.jinzhifm.com/index/index',
  'cookie' => 'PHPSESSID=8ekmi27aklknumlm99elvna51k; keep_login=1%7C1586314039%7C2554abf83414d5583a5c7795924d5b13',
  'accept-language' => 'zh-CN,zh;q=0.9',
  'accept-encoding' => 'gzip, deflate',
  'accept' => 'text/html,application/xhtml+xml,application/xml;q=0.9,image/webp,image/apng,*/*;q=0.8,application/signed-exchange;v=b3',
  'user-agent' => 'Mozilla/5.0 (Windows NT 10.0; Win64; x64) AppleWebKit/537.36 (KHTML, like Gecko) Chrome/78.0.3904.108 Safari/537.36',
  'host' => 'hqlyma.jinzhifm.com',
  'content-type' => '',
  'content-length' => '',
)
[ info ] [ PARAM ] array (
)
[ info ] [ DB ] INIT mysql
[ info ] [ VIEW ] /www/wwwroot/rent.niuguagua.com/application/admin/view/index/console.html [ array (
  0 => 'menu',
  1 => 'nav',
  2 => 'adminRole',
  3 => 'group',
  4 => 'admin',
  5 => 'allUsers',
  6 => 'messages',
) ]
[ info ] [ BEHAVIOR ] Run app\admin\behavior\AdminLog->run @app_end [ RunTime:0.003034s ]
[ sql ] [ DB ] CONNECT:[ UseTime:0.000410s ] mysql:host=127.0.0.1;port=3306;dbname=rent;charset=utf8
[ sql ] [ SQL ] SHOW COLUMNS FROM `ecshecom_setting` [ RunTime:0.000911s ]
[ sql ] [ SQL ] SELECT `key`,`value` FROM `ecshecom_setting` [ RunTime:0.000189s ]
[ sql ] [ SQL ] SHOW COLUMNS FROM `ecshecom_admin_auth_group` [ RunTime:0.000789s ]
[ sql ] [ SQL ] SELECT `id`,`title` FROM `ecshecom_admin_auth_group` WHERE  `status` = 1 [ RunTime:0.000198s ]
[ sql ] [ SQL ] SELECT `rules` FROM `ecshecom_admin_auth_group` WHERE  `id` = 1 LIMIT 1 [ RunTime:0.000155s ]
[ sql ] [ SQL ] SHOW COLUMNS FROM `ecshecom_admin_auth_rule` [ RunTime:0.000748s ]
[ sql ] [ SQL ] SELECT * FROM `ecshecom_admin_auth_rule` WHERE  `is_menu` = 1  AND `is_show` = 1  AND `status` = 1  AND `module` <> 'admin' ORDER BY `sort` ASC [ RunTime:0.000277s ]
[ sql ] [ SQL ] SELECT * FROM `ecshecom_admin_auth_rule` WHERE  `name` = 'admin/index/console'  AND `status` = 1 LIMIT 1 [ RunTime:0.000250s ]
[ sql ] [ SQL ] SHOW COLUMNS FROM `ecshecom_user` [ RunTime:0.000911s ]
[ sql ] [ SQL ] SELECT COUNT(*) AS tp_count FROM `ecshecom_user` LIMIT 1 [ RunTime:0.000233s ]
[ sql ] [ SQL ] SHOW COLUMNS FROM `ecshecom_activity` [ RunTime:0.000657s ]
[ sql ] [ SQL ] SELECT COUNT(*) AS tp_count FROM `ecshecom_activity` LIMIT 1 [ RunTime:0.000150s ]
[ sql ] [ SQL ] SHOW COLUMNS FROM `ecshecom_admin` [ RunTime:0.000768s ]
[ sql ] [ SQL ] SELECT `username` FROM `ecshecom_admin` WHERE  `id` = 1 LIMIT 1 [ RunTime:0.000178s ]
[ sql ] [ SQL ] SHOW COLUMNS FROM `ecshecom_admin_log` [ RunTime:0.000673s ]
[ sql ] [ SQL ] INSERT INTO `ecshecom_admin_log` (`admin_id` , `username` , `module` , `action` , `param` , `title` , `content` , `ip` , `user_agent` , `create_time`) VALUES (1 , 'admin' , 'admin' , '/index/console' , '' , '仪表盘' , '' , 460540486 , 'Mozilla/5.0 (Windows NT 10.0; Win64; x64) AppleWebKit/537.36 (KHTML, like Gecko) Chrome/78.0.3904.108 Safari/537.36' , 1586310441) [ RunTime:0.000287s ]
---------------------------------------------------------------
[ 2020-04-08T09:49:41+08:00 ] 27.115.74.70 GET hqlyma.jinzhifm.com/apply/lst
[运行时间：0.063723s] [吞吐率：15.69req/s] [内存消耗：3,876.53kb] [文件加载：122]
[ info ] [ LANG ] /www/wwwroot/rent.niuguagua.com/framework/lang/zh-cn.php
[ info ] [ ROUTE ] array (
)
[ info ] [ HEADER ] array (
  'upgrade-insecure-requests' => '1',
  'referer' => 'http://hqlyma.jinzhifm.com/index/index',
  'cookie' => 'PHPSESSID=8ekmi27aklknumlm99elvna51k; keep_login=1%7C1586314039%7C2554abf83414d5583a5c7795924d5b13',
  'accept-language' => 'zh-CN,zh;q=0.9',
  'accept-encoding' => 'gzip, deflate',
  'accept' => 'text/html,application/xhtml+xml,application/xml;q=0.9,image/webp,image/apng,*/*;q=0.8,application/signed-exchange;v=b3',
  'user-agent' => 'Mozilla/5.0 (Windows NT 10.0; Win64; x64) AppleWebKit/537.36 (KHTML, like Gecko) Chrome/78.0.3904.108 Safari/537.36',
  'host' => 'hqlyma.jinzhifm.com',
  'content-type' => '',
  'content-length' => '',
)
[ info ] [ PARAM ] array (
)
[ info ] [ DB ] INIT mysql
[ info ] [ VIEW ] /www/wwwroot/rent.niuguagua.com/application/admin/view/apply/lst.html [ array (
  0 => 'menu',
  1 => 'nav',
  2 => 'adminRole',
  3 => 'group',
  4 => 'admin',
) ]
[ info ] [ BEHAVIOR ] Run app\admin\behavior\AdminLog->run @app_end [ RunTime:0.003858s ]
[ sql ] [ DB ] CONNECT:[ UseTime:0.000416s ] mysql:host=127.0.0.1;port=3306;dbname=rent;charset=utf8
[ sql ] [ SQL ] SHOW COLUMNS FROM `ecshecom_setting` [ RunTime:0.000992s ]
[ sql ] [ SQL ] SELECT `key`,`value` FROM `ecshecom_setting` [ RunTime:0.000201s ]
[ sql ] [ SQL ] SHOW COLUMNS FROM `ecshecom_admin_auth_group` [ RunTime:0.000868s ]
[ sql ] [ SQL ] SELECT `id`,`title` FROM `ecshecom_admin_auth_group` WHERE  `status` = 1 [ RunTime:0.000203s ]
[ sql ] [ SQL ] SELECT `rules` FROM `ecshecom_admin_auth_group` WHERE  `id` = 1 LIMIT 1 [ RunTime:0.000160s ]
[ sql ] [ SQL ] SHOW COLUMNS FROM `ecshecom_admin_auth_rule` [ RunTime:0.000803s ]
[ sql ] [ SQL ] SELECT * FROM `ecshecom_admin_auth_rule` WHERE  `is_menu` = 1  AND `is_show` = 1  AND `status` = 1  AND `module` <> 'admin' ORDER BY `sort` ASC [ RunTime:0.000368s ]
[ sql ] [ SQL ] SELECT * FROM `ecshecom_admin_auth_rule` WHERE  `name` = 'admin/apply/lst'  AND `status` = 1 LIMIT 1 [ RunTime:0.000304s ]
[ sql ] [ SQL ] SHOW COLUMNS FROM `ecshecom_admin` [ RunTime:0.000845s ]
[ sql ] [ SQL ] SELECT `username` FROM `ecshecom_admin` WHERE  `id` = 1 LIMIT 1 [ RunTime:0.000180s ]
[ sql ] [ SQL ] SHOW COLUMNS FROM `ecshecom_admin_log` [ RunTime:0.000820s ]
[ sql ] [ SQL ] INSERT INTO `ecshecom_admin_log` (`admin_id` , `username` , `module` , `action` , `param` , `title` , `content` , `ip` , `user_agent` , `create_time`) VALUES (1 , 'admin' , 'admin' , '/apply/lst' , '' , '申请列表' , '' , 460540486 , 'Mozilla/5.0 (Windows NT 10.0; Win64; x64) AppleWebKit/537.36 (KHTML, like Gecko) Chrome/78.0.3904.108 Safari/537.36' , 1586310581) [ RunTime:0.000317s ]
---------------------------------------------------------------
[ 2020-04-08T09:49:42+08:00 ] 27.115.74.70 GET hqlyma.jinzhifm.com/apply/lst?page=1&limit=20
[运行时间：0.083140s] [吞吐率：12.03req/s] [内存消耗：3,883.34kb] [文件加载：120]
[ info ] [ LANG ] /www/wwwroot/rent.niuguagua.com/framework/lang/zh-cn.php
[ info ] [ ROUTE ] array (
)
[ info ] [ HEADER ] array (
  'x-requested-with' => 'XMLHttpRequest',
  'referer' => 'http://hqlyma.jinzhifm.com/apply/lst',
  'cookie' => 'PHPSESSID=8ekmi27aklknumlm99elvna51k; keep_login=1%7C1586314039%7C2554abf83414d5583a5c7795924d5b13',
  'accept-language' => 'zh-CN,zh;q=0.9',
  'accept-encoding' => 'gzip, deflate',
  'accept' => 'application/json, text/javascript, */*; q=0.01',
  'user-agent' => 'Mozilla/5.0 (Windows NT 10.0; Win64; x64) AppleWebKit/537.36 (KHTML, like Gecko) Chrome/78.0.3904.108 Safari/537.36',
  'host' => 'hqlyma.jinzhifm.com',
  'content-type' => '',
  'content-length' => '',
)
[ info ] [ PARAM ] array (
  'page' => '1',
  'limit' => '20',
)
[ info ] [ DB ] INIT mysql
[ info ] [ BEHAVIOR ] Run app\admin\behavior\AdminLog->run @app_end [ RunTime:0.003671s ]
[ sql ] [ DB ] CONNECT:[ UseTime:0.000307s ] mysql:host=127.0.0.1;port=3306;dbname=rent;charset=utf8
[ sql ] [ SQL ] SHOW COLUMNS FROM `ecshecom_setting` [ RunTime:0.000905s ]
[ sql ] [ SQL ] SELECT `key`,`value` FROM `ecshecom_setting` [ RunTime:0.000192s ]
[ sql ] [ SQL ] SHOW COLUMNS FROM `ecshecom_admin_auth_group` [ RunTime:0.000798s ]
[ sql ] [ SQL ] SELECT `id`,`title` FROM `ecshecom_admin_auth_group` WHERE  `status` = 1 [ RunTime:0.000211s ]
[ sql ] [ SQL ] SELECT `rules` FROM `ecshecom_admin_auth_group` WHERE  `id` = 1 LIMIT 1 [ RunTime:0.000155s ]
[ sql ] [ SQL ] SHOW COLUMNS FROM `ecshecom_admin_auth_rule` [ RunTime:0.000772s ]
[ sql ] [ SQL ] SELECT * FROM `ecshecom_admin_auth_rule` WHERE  `is_menu` = 1  AND `is_show` = 1  AND `status` = 1  AND `module` <> 'admin' ORDER BY `sort` ASC [ RunTime:0.000278s ]
[ sql ] [ SQL ] SELECT * FROM `ecshecom_admin_auth_rule` WHERE  `name` = 'admin/apply/lst'  AND `status` = 1 LIMIT 1 [ RunTime:0.000262s ]
[ sql ] [ SQL ] SHOW COLUMNS FROM `ecshecom_apple` [ RunTime:0.000731s ]
[ sql ] [ SQL ] SELECT * FROM `ecshecom_apple` ORDER BY `id` DESC LIMIT 0,20 [ RunTime:0.000299s ]
[ sql ] [ SQL ] SELECT COUNT(*) AS tp_count FROM `ecshecom_apple` LIMIT 1 [ RunTime:0.000236s ]
[ sql ] [ SQL ] SHOW COLUMNS FROM `ecshecom_apple_details` [ RunTime:0.001267s ]
[ sql ] [ SQL ] SELECT `house_name` FROM `ecshecom_apple_details` WHERE  `apple_id` = 904 ORDER BY `created_at` DESC LIMIT 1 [ RunTime:0.000297s ]
[ sql ] [ SQL ] SHOW COLUMNS FROM `ecshecom_user` [ RunTime:0.001038s ]
[ sql ] [ SQL ] SELECT `username` FROM `ecshecom_user` WHERE  `id` = 47 LIMIT 1 [ RunTime:0.000289s ]
[ sql ] [ SQL ] SELECT `house_name` FROM `ecshecom_apple_details` WHERE  `apple_id` = 903 ORDER BY `created_at` DESC LIMIT 1 [ RunTime:0.000310s ]
[ sql ] [ SQL ] SELECT `username` FROM `ecshecom_user` WHERE  `id` = 47 LIMIT 1 [ RunTime:0.000169s ]
[ sql ] [ SQL ] SELECT `house_name` FROM `ecshecom_apple_details` WHERE  `apple_id` = 902 ORDER BY `created_at` DESC LIMIT 1 [ RunTime:0.000294s ]
[ sql ] [ SQL ] SELECT `username` FROM `ecshecom_user` WHERE  `id` = 47 LIMIT 1 [ RunTime:0.000155s ]
[ sql ] [ SQL ] SELECT `house_name` FROM `ecshecom_apple_details` WHERE  `apple_id` = 901 ORDER BY `created_at` DESC LIMIT 1 [ RunTime:0.000255s ]
[ sql ] [ SQL ] SELECT `username` FROM `ecshecom_user` WHERE  `id` = 47 LIMIT 1 [ RunTime:0.000162s ]
[ sql ] [ SQL ] SELECT `house_name` FROM `ecshecom_apple_details` WHERE  `apple_id` = 900 ORDER BY `created_at` DESC LIMIT 1 [ RunTime:0.000247s ]
[ sql ] [ SQL ] SELECT `username` FROM `ecshecom_user` WHERE  `id` = 47 LIMIT 1 [ RunTime:0.000156s ]
[ sql ] [ SQL ] SELECT `house_name` FROM `ecshecom_apple_details` WHERE  `apple_id` = 899 ORDER BY `created_at` DESC LIMIT 1 [ RunTime:0.000261s ]
[ sql ] [ SQL ] SELECT `username` FROM `ecshecom_user` WHERE  `id` = 47 LIMIT 1 [ RunTime:0.000161s ]
[ sql ] [ SQL ] SELECT `house_name` FROM `ecshecom_apple_details` WHERE  `apple_id` = 898 ORDER BY `created_at` DESC LIMIT 1 [ RunTime:0.000247s ]
[ sql ] [ SQL ] SELECT `username` FROM `ecshecom_user` WHERE  `id` = 59 LIMIT 1 [ RunTime:0.000212s ]
[ sql ] [ SQL ] SELECT `house_name` FROM `ecshecom_apple_details` WHERE  `apple_id` = 897 ORDER BY `created_at` DESC LIMIT 1 [ RunTime:0.000270s ]
[ sql ] [ SQL ] SELECT `username` FROM `ecshecom_user` WHERE  `id` = 59 LIMIT 1 [ RunTime:0.000155s ]
[ sql ] [ SQL ] SELECT `house_name` FROM `ecshecom_apple_details` WHERE  `apple_id` = 896 ORDER BY `created_at` DESC LIMIT 1 [ RunTime:0.000247s ]
[ sql ] [ SQL ] SELECT `username` FROM `ecshecom_user` WHERE  `id` = 59 LIMIT 1 [ RunTime:0.000155s ]
[ sql ] [ SQL ] SELECT `house_name` FROM `ecshecom_apple_details` WHERE  `apple_id` = 895 ORDER BY `created_at` DESC LIMIT 1 [ RunTime:0.000277s ]
[ sql ] [ SQL ] SELECT `username` FROM `ecshecom_user` WHERE  `id` = 59 LIMIT 1 [ RunTime:0.000153s ]
[ sql ] [ SQL ] SELECT `house_name` FROM `ecshecom_apple_details` WHERE  `apple_id` = 894 ORDER BY `created_at` DESC LIMIT 1 [ RunTime:0.000247s ]
[ sql ] [ SQL ] SELECT `username` FROM `ecshecom_user` WHERE  `id` = 59 LIMIT 1 [ RunTime:0.000160s ]
[ sql ] [ SQL ] SELECT `house_name` FROM `ecshecom_apple_details` WHERE  `apple_id` = 893 ORDER BY `created_at` DESC LIMIT 1 [ RunTime:0.000252s ]
[ sql ] [ SQL ] SELECT `username` FROM `ecshecom_user` WHERE  `id` = 47 LIMIT 1 [ RunTime:0.000156s ]
[ sql ] [ SQL ] SELECT `house_name` FROM `ecshecom_apple_details` WHERE  `apple_id` = 892 ORDER BY `created_at` DESC LIMIT 1 [ RunTime:0.000242s ]
[ sql ] [ SQL ] SELECT `username` FROM `ecshecom_user` WHERE  `id` = 47 LIMIT 1 [ RunTime:0.000187s ]
[ sql ] [ SQL ] SELECT `house_name` FROM `ecshecom_apple_details` WHERE  `apple_id` = 891 ORDER BY `created_at` DESC LIMIT 1 [ RunTime:0.000253s ]
[ sql ] [ SQL ] SELECT `username` FROM `ecshecom_user` WHERE  `id` = 47 LIMIT 1 [ RunTime:0.000169s ]
[ sql ] [ SQL ] SELECT `house_name` FROM `ecshecom_apple_details` WHERE  `apple_id` = 890 ORDER BY `created_at` DESC LIMIT 1 [ RunTime:0.000257s ]
[ sql ] [ SQL ] SELECT `username` FROM `ecshecom_user` WHERE  `id` = 47 LIMIT 1 [ RunTime:0.000156s ]
[ sql ] [ SQL ] SELECT `house_name` FROM `ecshecom_apple_details` WHERE  `apple_id` = 889 ORDER BY `created_at` DESC LIMIT 1 [ RunTime:0.000270s ]
[ sql ] [ SQL ] SELECT `username` FROM `ecshecom_user` WHERE  `id` = 47 LIMIT 1 [ RunTime:0.000153s ]
[ sql ] [ SQL ] SELECT `house_name` FROM `ecshecom_apple_details` WHERE  `apple_id` = 888 ORDER BY `created_at` DESC LIMIT 1 [ RunTime:0.000268s ]
[ sql ] [ SQL ] SELECT `username` FROM `ecshecom_user` WHERE  `id` = 47 LIMIT 1 [ RunTime:0.000164s ]
[ sql ] [ SQL ] SELECT `house_name` FROM `ecshecom_apple_details` WHERE  `apple_id` = 887 ORDER BY `created_at` DESC LIMIT 1 [ RunTime:0.000249s ]
[ sql ] [ SQL ] SELECT `username` FROM `ecshecom_user` WHERE  `id` = 47 LIMIT 1 [ RunTime:0.000165s ]
[ sql ] [ SQL ] SELECT `house_name` FROM `ecshecom_apple_details` WHERE  `apple_id` = 886 ORDER BY `created_at` DESC LIMIT 1 [ RunTime:0.000272s ]
[ sql ] [ SQL ] SELECT `username` FROM `ecshecom_user` WHERE  `id` = 47 LIMIT 1 [ RunTime:0.000157s ]
[ sql ] [ SQL ] SELECT `house_name` FROM `ecshecom_apple_details` WHERE  `apple_id` = 885 ORDER BY `created_at` DESC LIMIT 1 [ RunTime:0.000263s ]
[ sql ] [ SQL ] SELECT `username` FROM `ecshecom_user` WHERE  `id` = 49 LIMIT 1 [ RunTime:0.000213s ]
[ sql ] [ SQL ] SHOW COLUMNS FROM `ecshecom_admin` [ RunTime:0.000842s ]
[ sql ] [ SQL ] SELECT `username` FROM `ecshecom_admin` WHERE  `id` = 1 LIMIT 1 [ RunTime:0.000187s ]
[ sql ] [ SQL ] SHOW COLUMNS FROM `ecshecom_admin_log` [ RunTime:0.000698s ]
[ sql ] [ SQL ] INSERT INTO `ecshecom_admin_log` (`admin_id` , `username` , `module` , `action` , `param` , `title` , `content` , `ip` , `user_agent` , `create_time`) VALUES (1 , 'admin' , 'admin' , '/apply/lst' , '{\"page\":\"1\",\"limit\":\"20\"}' , '获取租赁申请列表' , '' , 460540486 , 'Mozilla/5.0 (Windows NT 10.0; Win64; x64) AppleWebKit/537.36 (KHTML, like Gecko) Chrome/78.0.3904.108 Safari/537.36' , 1586310582) [ RunTime:0.000286s ]
---------------------------------------------------------------
[ 2020-04-08T09:49:48+08:00 ] 27.115.74.70 GET hqlyma.jinzhifm.com/Apply/userAccount?id=904
[运行时间：0.063561s] [吞吐率：15.73req/s] [内存消耗：3,846.95kb] [文件加载：120]
[ info ] [ LANG ] /www/wwwroot/rent.niuguagua.com/framework/lang/zh-cn.php
[ info ] [ ROUTE ] array (
)
[ info ] [ HEADER ] array (
  'upgrade-insecure-requests' => '1',
  'referer' => 'http://hqlyma.jinzhifm.com/index/index',
  'cookie' => 'PHPSESSID=8ekmi27aklknumlm99elvna51k; keep_login=1%7C1586314039%7C2554abf83414d5583a5c7795924d5b13',
  'accept-language' => 'zh-CN,zh;q=0.9',
  'accept-encoding' => 'gzip, deflate',
  'accept' => 'text/html,application/xhtml+xml,application/xml;q=0.9,image/webp,image/apng,*/*;q=0.8,application/signed-exchange;v=b3',
  'user-agent' => 'Mozilla/5.0 (Windows NT 10.0; Win64; x64) AppleWebKit/537.36 (KHTML, like Gecko) Chrome/78.0.3904.108 Safari/537.36',
  'host' => 'hqlyma.jinzhifm.com',
  'content-type' => '',
  'content-length' => '',
)
[ info ] [ PARAM ] array (
  'id' => '904',
)
[ info ] [ DB ] INIT mysql
[ info ] [ VIEW ] /www/wwwroot/rent.niuguagua.com/application/admin/view/apply/user_account.html [ array (
  0 => 'menu',
  1 => 'nav',
  2 => 'adminRole',
  3 => 'group',
  4 => 'admin',
  5 => 'demondInfo',
) ]
[ info ] [ BEHAVIOR ] Run app\admin\behavior\AdminLog->run @app_end [ RunTime:0.003786s ]
[ sql ] [ DB ] CONNECT:[ UseTime:0.000323s ] mysql:host=127.0.0.1;port=3306;dbname=rent;charset=utf8
[ sql ] [ SQL ] SHOW COLUMNS FROM `ecshecom_setting` [ RunTime:0.000937s ]
[ sql ] [ SQL ] SELECT `key`,`value` FROM `ecshecom_setting` [ RunTime:0.000223s ]
[ sql ] [ SQL ] SHOW COLUMNS FROM `ecshecom_admin_auth_group` [ RunTime:0.000807s ]
[ sql ] [ SQL ] SELECT `id`,`title` FROM `ecshecom_admin_auth_group` WHERE  `status` = 1 [ RunTime:0.000197s ]
[ sql ] [ SQL ] SELECT `rules` FROM `ecshecom_admin_auth_group` WHERE  `id` = 1 LIMIT 1 [ RunTime:0.000151s ]
[ sql ] [ SQL ] SHOW COLUMNS FROM `ecshecom_admin_auth_rule` [ RunTime:0.000772s ]
[ sql ] [ SQL ] SELECT * FROM `ecshecom_admin_auth_rule` WHERE  `is_menu` = 1  AND `is_show` = 1  AND `status` = 1  AND `module` <> 'admin' ORDER BY `sort` ASC [ RunTime:0.000279s ]
[ sql ] [ SQL ] SELECT * FROM `ecshecom_admin_auth_rule` WHERE  `name` = 'admin/apply/useraccount'  AND `status` = 1 LIMIT 1 [ RunTime:0.000264s ]
[ sql ] [ SQL ] SHOW COLUMNS FROM `ecshecom_apple` [ RunTime:0.000687s ]
[ sql ] [ SQL ] SELECT `d`.*,`a`.`created_at`,a.updated_at as apple_updated_at,a.created_at as apple_created_at,a.contract_type as apple_contract_type,a.process_type as apple_process_type,a.is_soft_first as apple_is_soft_first,a.is_public_rental as apple_is_public_rental,a.status as apple_status FROM `ecshecom_apple` `a` INNER JOIN `ecshecom_apple_details` `d` ON `a`.`id`=`d`.`apple_id` WHERE  `a`.`id` = '904' ORDER BY `d`.`created_at` DESC LIMIT 1 [ RunTime:0.000595s ]
[ sql ] [ SQL ] SHOW COLUMNS FROM `ecshecom_admin` [ RunTime:0.000767s ]
[ sql ] [ SQL ] SELECT `username` FROM `ecshecom_admin` WHERE  `id` = 1 LIMIT 1 [ RunTime:0.000157s ]
[ sql ] [ SQL ] SHOW COLUMNS FROM `ecshecom_admin_log` [ RunTime:0.000683s ]
[ sql ] [ SQL ] INSERT INTO `ecshecom_admin_log` (`admin_id` , `username` , `module` , `action` , `param` , `title` , `content` , `ip` , `user_agent` , `create_time`) VALUES (1 , 'admin' , 'admin' , '/Apply/userAccount' , '{\"id\":\"904\"}' , '' , '' , 460540486 , 'Mozilla/5.0 (Windows NT 10.0; Win64; x64) AppleWebKit/537.36 (KHTML, like Gecko) Chrome/78.0.3904.108 Safari/537.36' , 1586310588) [ RunTime:0.000284s ]
---------------------------------------------------------------
[ 2020-04-08T09:49:52+08:00 ] 27.115.74.70 GET hqlyma.jinzhifm.com/sms/index
[运行时间：0.064530s] [吞吐率：15.50req/s] [内存消耗：3,838.84kb] [文件加载：120]
[ info ] [ LANG ] /www/wwwroot/rent.niuguagua.com/framework/lang/zh-cn.php
[ info ] [ ROUTE ] array (
)
[ info ] [ HEADER ] array (
  'upgrade-insecure-requests' => '1',
  'referer' => 'http://hqlyma.jinzhifm.com/index/index',
  'cookie' => 'PHPSESSID=8ekmi27aklknumlm99elvna51k; keep_login=1%7C1586314039%7C2554abf83414d5583a5c7795924d5b13',
  'accept-language' => 'zh-CN,zh;q=0.9',
  'accept-encoding' => 'gzip, deflate',
  'accept' => 'text/html,application/xhtml+xml,application/xml;q=0.9,image/webp,image/apng,*/*;q=0.8,application/signed-exchange;v=b3',
  'user-agent' => 'Mozilla/5.0 (Windows NT 10.0; Win64; x64) AppleWebKit/537.36 (KHTML, like Gecko) Chrome/78.0.3904.108 Safari/537.36',
  'host' => 'hqlyma.jinzhifm.com',
  'content-type' => '',
  'content-length' => '',
)
[ info ] [ PARAM ] array (
)
[ info ] [ DB ] INIT mysql
[ info ] [ VIEW ] /www/wwwroot/rent.niuguagua.com/application/admin/view/sms/sms_list.html [ array (
  0 => 'menu',
  1 => 'nav',
  2 => 'adminRole',
  3 => 'group',
  4 => 'admin',
) ]
[ info ] [ BEHAVIOR ] Run app\admin\behavior\AdminLog->run @app_end [ RunTime:0.004023s ]
[ sql ] [ DB ] CONNECT:[ UseTime:0.000421s ] mysql:host=127.0.0.1;port=3306;dbname=rent;charset=utf8
[ sql ] [ SQL ] SHOW COLUMNS FROM `ecshecom_setting` [ RunTime:0.000997s ]
[ sql ] [ SQL ] SELECT `key`,`value` FROM `ecshecom_setting` [ RunTime:0.000262s ]
[ sql ] [ SQL ] SHOW COLUMNS FROM `ecshecom_admin_auth_group` [ RunTime:0.000874s ]
[ sql ] [ SQL ] SELECT `id`,`title` FROM `ecshecom_admin_auth_group` WHERE  `status` = 1 [ RunTime:0.000203s ]
[ sql ] [ SQL ] SELECT `rules` FROM `ecshecom_admin_auth_group` WHERE  `id` = 1 LIMIT 1 [ RunTime:0.000175s ]
[ sql ] [ SQL ] SHOW COLUMNS FROM `ecshecom_admin_auth_rule` [ RunTime:0.000878s ]
[ sql ] [ SQL ] SELECT * FROM `ecshecom_admin_auth_rule` WHERE  `is_menu` = 1  AND `is_show` = 1  AND `status` = 1  AND `module` <> 'admin' ORDER BY `sort` ASC [ RunTime:0.000324s ]
[ sql ] [ SQL ] SELECT * FROM `ecshecom_admin_auth_rule` WHERE  `name` = 'admin/sms/index'  AND `status` = 1 LIMIT 1 [ RunTime:0.000269s ]
[ sql ] [ SQL ] SHOW COLUMNS FROM `ecshecom_admin` [ RunTime:0.000885s ]
[ sql ] [ SQL ] SELECT `username` FROM `ecshecom_admin` WHERE  `id` = 1 LIMIT 1 [ RunTime:0.000172s ]
[ sql ] [ SQL ] SHOW COLUMNS FROM `ecshecom_admin_log` [ RunTime:0.000741s ]
[ sql ] [ SQL ] INSERT INTO `ecshecom_admin_log` (`admin_id` , `username` , `module` , `action` , `param` , `title` , `content` , `ip` , `user_agent` , `create_time`) VALUES (1 , 'admin' , 'admin' , '/sms/index' , '' , '' , '' , 460540486 , 'Mozilla/5.0 (Windows NT 10.0; Win64; x64) AppleWebKit/537.36 (KHTML, like Gecko) Chrome/78.0.3904.108 Safari/537.36' , 1586310592) [ RunTime:0.000321s ]
---------------------------------------------------------------
[ 2020-04-08T09:49:53+08:00 ] 27.115.74.70 GET hqlyma.jinzhifm.com/sms/index?page=1&limit=20
[运行时间：0.065169s] [吞吐率：15.34req/s] [内存消耗：3,792.16kb] [文件加载：118]
[ info ] [ LANG ] /www/wwwroot/rent.niuguagua.com/framework/lang/zh-cn.php
[ info ] [ ROUTE ] array (
)
[ info ] [ HEADER ] array (
  'x-requested-with' => 'XMLHttpRequest',
  'referer' => 'http://hqlyma.jinzhifm.com/sms/index',
  'cookie' => 'PHPSESSID=8ekmi27aklknumlm99elvna51k; keep_login=1%7C1586314039%7C2554abf83414d5583a5c7795924d5b13',
  'accept-language' => 'zh-CN,zh;q=0.9',
  'accept-encoding' => 'gzip, deflate',
  'accept' => 'application/json, text/javascript, */*; q=0.01',
  'user-agent' => 'Mozilla/5.0 (Windows NT 10.0; Win64; x64) AppleWebKit/537.36 (KHTML, like Gecko) Chrome/78.0.3904.108 Safari/537.36',
  'host' => 'hqlyma.jinzhifm.com',
  'content-type' => '',
  'content-length' => '',
)
[ info ] [ PARAM ] array (
  'page' => '1',
  'limit' => '20',
)
[ info ] [ DB ] INIT mysql
[ info ] [ BEHAVIOR ] Run app\admin\behavior\AdminLog->run @app_end [ RunTime:0.004096s ]
[ sql ] [ DB ] CONNECT:[ UseTime:0.000440s ] mysql:host=127.0.0.1;port=3306;dbname=rent;charset=utf8
[ sql ] [ SQL ] SHOW COLUMNS FROM `ecshecom_setting` [ RunTime:0.001228s ]
[ sql ] [ SQL ] SELECT `key`,`value` FROM `ecshecom_setting` [ RunTime:0.000245s ]
[ sql ] [ SQL ] SHOW COLUMNS FROM `ecshecom_admin_auth_group` [ RunTime:0.001115s ]
[ sql ] [ SQL ] SELECT `id`,`title` FROM `ecshecom_admin_auth_group` WHERE  `status` = 1 [ RunTime:0.000248s ]
[ sql ] [ SQL ] SELECT `rules` FROM `ecshecom_admin_auth_group` WHERE  `id` = 1 LIMIT 1 [ RunTime:0.000192s ]
[ sql ] [ SQL ] SHOW COLUMNS FROM `ecshecom_admin_auth_rule` [ RunTime:0.001123s ]
[ sql ] [ SQL ] SELECT * FROM `ecshecom_admin_auth_rule` WHERE  `is_menu` = 1  AND `is_show` = 1  AND `status` = 1  AND `module` <> 'admin' ORDER BY `sort` ASC [ RunTime:0.000351s ]
[ sql ] [ SQL ] SELECT * FROM `ecshecom_admin_auth_rule` WHERE  `name` = 'admin/sms/index'  AND `status` = 1 LIMIT 1 [ RunTime:0.000334s ]
[ sql ] [ SQL ] SHOW COLUMNS FROM `ecshecom_sms_logs` [ RunTime:0.001005s ]
[ sql ] [ SQL ] SELECT * FROM `ecshecom_sms_logs` WHERE  `id` <> 0  AND `is_show` = 1 ORDER BY `id` DESC LIMIT 0,20 [ RunTime:0.000513s ]
[ sql ] [ SQL ] SELECT COUNT(*) AS tp_count FROM `ecshecom_sms_logs` WHERE  `id` <> 0  AND `is_show` = 1  AND `id` <> 0  AND `is_show` = 1 ORDER BY `id` DESC LIMIT 1 [ RunTime:0.000430s ]
[ sql ] [ SQL ] SHOW COLUMNS FROM `ecshecom_admin` [ RunTime:0.000958s ]
[ sql ] [ SQL ] SELECT `username` FROM `ecshecom_admin` WHERE  `id` = 1 LIMIT 1 [ RunTime:0.000176s ]
[ sql ] [ SQL ] SHOW COLUMNS FROM `ecshecom_admin_log` [ RunTime:0.000719s ]
[ sql ] [ SQL ] INSERT INTO `ecshecom_admin_log` (`admin_id` , `username` , `module` , `action` , `param` , `title` , `content` , `ip` , `user_agent` , `create_time`) VALUES (1 , 'admin' , 'admin' , '/sms/index' , '{\"page\":\"1\",\"limit\":\"20\"}' , '' , '' , 460540486 , 'Mozilla/5.0 (Windows NT 10.0; Win64; x64) AppleWebKit/537.36 (KHTML, like Gecko) Chrome/78.0.3904.108 Safari/537.36' , 1586310593) [ RunTime:0.000326s ]
---------------------------------------------------------------
[ 2020-04-08T09:50:00+08:00 ] 27.115.74.70 GET hqlyma.jinzhifm.com/usernotice/index
[运行时间：0.063618s] [吞吐率：15.72req/s] [内存消耗：3,880.38kb] [文件加载：122]
[ info ] [ LANG ] /www/wwwroot/rent.niuguagua.com/framework/lang/zh-cn.php
[ info ] [ ROUTE ] array (
)
[ info ] [ HEADER ] array (
  'upgrade-insecure-requests' => '1',
  'referer' => 'http://hqlyma.jinzhifm.com/index/index',
  'cookie' => 'PHPSESSID=8ekmi27aklknumlm99elvna51k; keep_login=1%7C1586314039%7C2554abf83414d5583a5c7795924d5b13',
  'accept-language' => 'zh-CN,zh;q=0.9',
  'accept-encoding' => 'gzip, deflate',
  'accept' => 'text/html,application/xhtml+xml,application/xml;q=0.9,image/webp,image/apng,*/*;q=0.8,application/signed-exchange;v=b3',
  'user-agent' => 'Mozilla/5.0 (Windows NT 10.0; Win64; x64) AppleWebKit/537.36 (KHTML, like Gecko) Chrome/78.0.3904.108 Safari/537.36',
  'host' => 'hqlyma.jinzhifm.com',
  'content-type' => '',
  'content-length' => '',
)
[ info ] [ PARAM ] array (
)
[ info ] [ DB ] INIT mysql
[ info ] [ LANG ] ../application/common/lang/zh-tw.php
[ info ] [ VIEW ] /www/wwwroot/rent.niuguagua.com/application/admin/view/usernotice/sms_list.html [ array (
  0 => 'menu',
  1 => 'nav',
  2 => 'adminRole',
  3 => 'group',
  4 => 'admin',
) ]
[ info ] [ BEHAVIOR ] Run app\admin\behavior\AdminLog->run @app_end [ RunTime:0.003857s ]
[ sql ] [ DB ] CONNECT:[ UseTime:0.000399s ] mysql:host=127.0.0.1;port=3306;dbname=rent;charset=utf8
[ sql ] [ SQL ] SHOW COLUMNS FROM `ecshecom_setting` [ RunTime:0.000932s ]
[ sql ] [ SQL ] SELECT `key`,`value` FROM `ecshecom_setting` [ RunTime:0.000201s ]
[ sql ] [ SQL ] SHOW COLUMNS FROM `ecshecom_admin_auth_group` [ RunTime:0.000836s ]
[ sql ] [ SQL ] SELECT `id`,`title` FROM `ecshecom_admin_auth_group` WHERE  `status` = 1 [ RunTime:0.000199s ]
[ sql ] [ SQL ] SELECT `rules` FROM `ecshecom_admin_auth_group` WHERE  `id` = 1 LIMIT 1 [ RunTime:0.000151s ]
[ sql ] [ SQL ] SHOW COLUMNS FROM `ecshecom_admin_auth_rule` [ RunTime:0.000760s ]
[ sql ] [ SQL ] SELECT * FROM `ecshecom_admin_auth_rule` WHERE  `is_menu` = 1  AND `is_show` = 1  AND `status` = 1  AND `module` <> 'admin' ORDER BY `sort` ASC [ RunTime:0.000281s ]
[ sql ] [ SQL ] SELECT * FROM `ecshecom_admin_auth_rule` WHERE  `name` = 'admin/usernotice/index'  AND `status` = 1 LIMIT 1 [ RunTime:0.000281s ]
[ sql ] [ SQL ] SHOW COLUMNS FROM `ecshecom_admin` [ RunTime:0.000807s ]
[ sql ] [ SQL ] SELECT `username` FROM `ecshecom_admin` WHERE  `id` = 1 LIMIT 1 [ RunTime:0.000169s ]
[ sql ] [ SQL ] SHOW COLUMNS FROM `ecshecom_admin_log` [ RunTime:0.000693s ]
[ sql ] [ SQL ] INSERT INTO `ecshecom_admin_log` (`admin_id` , `username` , `module` , `action` , `param` , `title` , `content` , `ip` , `user_agent` , `create_time`) VALUES (1 , 'admin' , 'admin' , '/usernotice/index' , '' , '' , '' , 460540486 , 'Mozilla/5.0 (Windows NT 10.0; Win64; x64) AppleWebKit/537.36 (KHTML, like Gecko) Chrome/78.0.3904.108 Safari/537.36' , 1586310600) [ RunTime:0.000310s ]
---------------------------------------------------------------
[ 2020-04-08T09:50:01+08:00 ] 27.115.74.70 GET hqlyma.jinzhifm.com/usernotice/index?page=1&limit=20
[运行时间：0.064208s] [吞吐率：15.57req/s] [内存消耗：3,834.76kb] [文件加载：120]
[ info ] [ LANG ] /www/wwwroot/rent.niuguagua.com/framework/lang/zh-cn.php
[ info ] [ ROUTE ] array (
)
[ info ] [ HEADER ] array (
  'x-requested-with' => 'XMLHttpRequest',
  'referer' => 'http://hqlyma.jinzhifm.com/usernotice/index',
  'cookie' => 'PHPSESSID=8ekmi27aklknumlm99elvna51k; keep_login=1%7C1586314039%7C2554abf83414d5583a5c7795924d5b13',
  'accept-language' => 'zh-CN,zh;q=0.9',
  'accept-encoding' => 'gzip, deflate',
  'accept' => 'application/json, text/javascript, */*; q=0.01',
  'user-agent' => 'Mozilla/5.0 (Windows NT 10.0; Win64; x64) AppleWebKit/537.36 (KHTML, like Gecko) Chrome/78.0.3904.108 Safari/537.36',
  'host' => 'hqlyma.jinzhifm.com',
  'content-type' => '',
  'content-length' => '',
)
[ info ] [ PARAM ] array (
  'page' => '1',
  'limit' => '20',
)
[ info ] [ DB ] INIT mysql
[ info ] [ LANG ] ../application/common/lang/zh-tw.php
[ info ] [ BEHAVIOR ] Run app\admin\behavior\AdminLog->run @app_end [ RunTime:0.003946s ]
[ sql ] [ DB ] CONNECT:[ UseTime:0.000431s ] mysql:host=127.0.0.1;port=3306;dbname=rent;charset=utf8
[ sql ] [ SQL ] SHOW COLUMNS FROM `ecshecom_setting` [ RunTime:0.000895s ]
[ sql ] [ SQL ] SELECT `key`,`value` FROM `ecshecom_setting` [ RunTime:0.000196s ]
[ sql ] [ SQL ] SHOW COLUMNS FROM `ecshecom_admin_auth_group` [ RunTime:0.000829s ]
[ sql ] [ SQL ] SELECT `id`,`title` FROM `ecshecom_admin_auth_group` WHERE  `status` = 1 [ RunTime:0.000209s ]
[ sql ] [ SQL ] SELECT `rules` FROM `ecshecom_admin_auth_group` WHERE  `id` = 1 LIMIT 1 [ RunTime:0.000158s ]
[ sql ] [ SQL ] SHOW COLUMNS FROM `ecshecom_admin_auth_rule` [ RunTime:0.000806s ]
[ sql ] [ SQL ] SELECT * FROM `ecshecom_admin_auth_rule` WHERE  `is_menu` = 1  AND `is_show` = 1  AND `status` = 1  AND `module` <> 'admin' ORDER BY `sort` ASC [ RunTime:0.000283s ]
[ sql ] [ SQL ] SELECT * FROM `ecshecom_admin_auth_rule` WHERE  `name` = 'admin/usernotice/index'  AND `status` = 1 LIMIT 1 [ RunTime:0.000259s ]
[ sql ] [ SQL ] SHOW COLUMNS FROM `ecshecom_user_notice` [ RunTime:0.000743s ]
[ sql ] [ SQL ] SELECT `n`.*,`u`.`username` FROM `ecshecom_user_notice` `n` INNER JOIN `ecshecom_user` `u` ON `n`.`user_id`=`u`.`id` ORDER BY `n`.`created_at` DESC LIMIT 0,20 [ RunTime:0.000722s ]
[ sql ] [ SQL ] SELECT COUNT(*) AS tp_count FROM `ecshecom_user_notice` `n` INNER JOIN `ecshecom_user` `u` ON `n`.`user_id`=`u`.`id` ORDER BY `n`.`created_at` DESC LIMIT 1 [ RunTime:0.000570s ]
[ sql ] [ SQL ] SHOW COLUMNS FROM `ecshecom_admin` [ RunTime:0.000846s ]
[ sql ] [ SQL ] SELECT `username` FROM `ecshecom_admin` WHERE  `id` = 1 LIMIT 1 [ RunTime:0.000165s ]
[ sql ] [ SQL ] SHOW COLUMNS FROM `ecshecom_admin_log` [ RunTime:0.000733s ]
[ sql ] [ SQL ] INSERT INTO `ecshecom_admin_log` (`admin_id` , `username` , `module` , `action` , `param` , `title` , `content` , `ip` , `user_agent` , `create_time`) VALUES (1 , 'admin' , 'admin' , '/usernotice/index' , '{\"page\":\"1\",\"limit\":\"20\"}' , '' , '' , 460540486 , 'Mozilla/5.0 (Windows NT 10.0; Win64; x64) AppleWebKit/537.36 (KHTML, like Gecko) Chrome/78.0.3904.108 Safari/537.36' , 1586310601) [ RunTime:0.000303s ]
---------------------------------------------------------------
[ 2020-04-08T09:50:07+08:00 ] 27.115.74.70 GET hqlyma.jinzhifm.com/system/setting
[运行时间：0.108937s] [吞吐率：9.18req/s] [内存消耗：4,045.52kb] [文件加载：125]
[ info ] [ LANG ] /www/wwwroot/rent.niuguagua.com/framework/lang/zh-cn.php
[ info ] [ ROUTE ] array (
)
[ info ] [ HEADER ] array (
  'upgrade-insecure-requests' => '1',
  'referer' => 'http://hqlyma.jinzhifm.com/index/index',
  'cookie' => 'PHPSESSID=8ekmi27aklknumlm99elvna51k; keep_login=1%7C1586314039%7C2554abf83414d5583a5c7795924d5b13',
  'accept-language' => 'zh-CN,zh;q=0.9',
  'accept-encoding' => 'gzip, deflate',
  'accept' => 'text/html,application/xhtml+xml,application/xml;q=0.9,image/webp,image/apng,*/*;q=0.8,application/signed-exchange;v=b3',
  'user-agent' => 'Mozilla/5.0 (Windows NT 10.0; Win64; x64) AppleWebKit/537.36 (KHTML, like Gecko) Chrome/78.0.3904.108 Safari/537.36',
  'host' => 'hqlyma.jinzhifm.com',
  'content-type' => '',
  'content-length' => '',
)
[ info ] [ PARAM ] array (
)
[ info ] [ DB ] INIT mysql
[ info ] [ VIEW ] /www/wwwroot/rent.niuguagua.com/application/admin/view/system/setting.html [ array (
  0 => 'menu',
  1 => 'nav',
  2 => 'adminRole',
  3 => 'group',
  4 => 'admin',
  5 => 'config',
) ]
[ info ] [ BEHAVIOR ] Run app\admin\behavior\AdminLog->run @app_end [ RunTime:0.004460s ]
[ sql ] [ DB ] CONNECT:[ UseTime:0.000469s ] mysql:host=127.0.0.1;port=3306;dbname=rent;charset=utf8
[ sql ] [ SQL ] SHOW COLUMNS FROM `ecshecom_setting` [ RunTime:0.001053s ]
[ sql ] [ SQL ] SELECT `key`,`value` FROM `ecshecom_setting` [ RunTime:0.000239s ]
[ sql ] [ SQL ] SHOW COLUMNS FROM `ecshecom_admin_auth_group` [ RunTime:0.000912s ]
[ sql ] [ SQL ] SELECT `id`,`title` FROM `ecshecom_admin_auth_group` WHERE  `status` = 1 [ RunTime:0.000266s ]
[ sql ] [ SQL ] SELECT `rules` FROM `ecshecom_admin_auth_group` WHERE  `id` = 1 LIMIT 1 [ RunTime:0.000190s ]
[ sql ] [ SQL ] SHOW COLUMNS FROM `ecshecom_admin_auth_rule` [ RunTime:0.000888s ]
[ sql ] [ SQL ] SELECT * FROM `ecshecom_admin_auth_rule` WHERE  `is_menu` = 1  AND `is_show` = 1  AND `status` = 1  AND `module` <> 'admin' ORDER BY `sort` ASC [ RunTime:0.000331s ]
[ sql ] [ SQL ] SELECT * FROM `ecshecom_admin_auth_rule` WHERE  `name` = 'admin/system/setting'  AND `status` = 1 LIMIT 1 [ RunTime:0.000350s ]
[ sql ] [ SQL ] SHOW COLUMNS FROM `ecshecom_common_config` [ RunTime:0.000845s ]
[ sql ] [ SQL ] SELECT `name`,`value` FROM `ecshecom_common_config` WHERE  `module` = 'admin'  AND `controller` = 'System' LIMIT 999 [ RunTime:0.000360s ]
[ sql ] [ SQL ] SHOW COLUMNS FROM `ecshecom_admin` [ RunTime:0.001111s ]
[ sql ] [ SQL ] SELECT `username` FROM `ecshecom_admin` WHERE  `id` = 1 LIMIT 1 [ RunTime:0.000214s ]
[ sql ] [ SQL ] SHOW COLUMNS FROM `ecshecom_admin_log` [ RunTime:0.000754s ]
[ sql ] [ SQL ] INSERT INTO `ecshecom_admin_log` (`admin_id` , `username` , `module` , `action` , `param` , `title` , `content` , `ip` , `user_agent` , `create_time`) VALUES (1 , 'admin' , 'admin' , '/system/setting' , '' , '' , '' , 460540486 , 'Mozilla/5.0 (Windows NT 10.0; Win64; x64) AppleWebKit/537.36 (KHTML, like Gecko) Chrome/78.0.3904.108 Safari/537.36' , 1586310607) [ RunTime:0.000313s ]
---------------------------------------------------------------
[ 2020-04-08T09:50:09+08:00 ] 27.115.74.70 GET hqlyma.jinzhifm.com/user/registerconfig
[运行时间：0.071725s] [吞吐率：13.94req/s] [内存消耗：4,307.50kb] [文件加载：134]
[ info ] [ LANG ] /www/wwwroot/rent.niuguagua.com/framework/lang/zh-cn.php
[ info ] [ ROUTE ] array (
)
[ info ] [ HEADER ] array (
  'upgrade-insecure-requests' => '1',
  'referer' => 'http://hqlyma.jinzhifm.com/index/index',
  'cookie' => 'PHPSESSID=8ekmi27aklknumlm99elvna51k; keep_login=1%7C1586314039%7C2554abf83414d5583a5c7795924d5b13',
  'accept-language' => 'zh-CN,zh;q=0.9',
  'accept-encoding' => 'gzip, deflate',
  'accept' => 'text/html,application/xhtml+xml,application/xml;q=0.9,image/webp,image/apng,*/*;q=0.8,application/signed-exchange;v=b3',
  'user-agent' => 'Mozilla/5.0 (Windows NT 10.0; Win64; x64) AppleWebKit/537.36 (KHTML, like Gecko) Chrome/78.0.3904.108 Safari/537.36',
  'host' => 'hqlyma.jinzhifm.com',
  'content-type' => '',
  'content-length' => '',
)
[ info ] [ PARAM ] array (
)
[ info ] [ DB ] INIT mysql
[ info ] [ VIEW ] /www/wwwroot/rent.niuguagua.com/application/admin/view/user/register_config.html [ array (
  0 => 'menu',
  1 => 'nav',
  2 => 'adminRole',
  3 => 'group',
  4 => 'admin',
  5 => 'config',
) ]
[ info ] [ BEHAVIOR ] Run app\admin\behavior\AdminLog->run @app_end [ RunTime:0.003927s ]
[ sql ] [ DB ] CONNECT:[ UseTime:0.000406s ] mysql:host=127.0.0.1;port=3306;dbname=rent;charset=utf8
[ sql ] [ SQL ] SHOW COLUMNS FROM `ecshecom_setting` [ RunTime:0.000928s ]
[ sql ] [ SQL ] SELECT `key`,`value` FROM `ecshecom_setting` [ RunTime:0.000190s ]
[ sql ] [ SQL ] SHOW COLUMNS FROM `ecshecom_admin_auth_group` [ RunTime:0.000806s ]
[ sql ] [ SQL ] SELECT `id`,`title` FROM `ecshecom_admin_auth_group` WHERE  `status` = 1 [ RunTime:0.000192s ]
[ sql ] [ SQL ] SELECT `rules` FROM `ecshecom_admin_auth_group` WHERE  `id` = 1 LIMIT 1 [ RunTime:0.000148s ]
[ sql ] [ SQL ] SHOW COLUMNS FROM `ecshecom_admin_auth_rule` [ RunTime:0.000723s ]
[ sql ] [ SQL ] SELECT * FROM `ecshecom_admin_auth_rule` WHERE  `is_menu` = 1  AND `is_show` = 1  AND `status` = 1  AND `module` <> 'admin' ORDER BY `sort` ASC [ RunTime:0.000293s ]
[ sql ] [ SQL ] SELECT * FROM `ecshecom_admin_auth_rule` WHERE  `name` = 'admin/user/registerconfig'  AND `status` = 1 LIMIT 1 [ RunTime:0.000309s ]
[ sql ] [ SQL ] SHOW COLUMNS FROM `ecshecom_common_config` [ RunTime:0.000821s ]
[ sql ] [ SQL ] SELECT `name`,`value` FROM `ecshecom_common_config` WHERE  `module` = 'admin'  AND `controller` = 'User' LIMIT 999 [ RunTime:0.000218s ]
[ sql ] [ SQL ] SHOW COLUMNS FROM `ecshecom_admin` [ RunTime:0.000830s ]
[ sql ] [ SQL ] SELECT `username` FROM `ecshecom_admin` WHERE  `id` = 1 LIMIT 1 [ RunTime:0.000166s ]
[ sql ] [ SQL ] SHOW COLUMNS FROM `ecshecom_admin_log` [ RunTime:0.000756s ]
[ sql ] [ SQL ] INSERT INTO `ecshecom_admin_log` (`admin_id` , `username` , `module` , `action` , `param` , `title` , `content` , `ip` , `user_agent` , `create_time`) VALUES (1 , 'admin' , 'admin' , '/user/registerconfig' , '' , '' , '' , 460540486 , 'Mozilla/5.0 (Windows NT 10.0; Win64; x64) AppleWebKit/537.36 (KHTML, like Gecko) Chrome/78.0.3904.108 Safari/537.36' , 1586310609) [ RunTime:0.000305s ]
---------------------------------------------------------------
[ 2020-04-08T10:29:32+08:00 ] 49.83.235.185 GET hqlyapp.jinzhifm.com/
[运行时间：0.039397s] [吞吐率：25.38req/s] [内存消耗：2,519.34kb] [文件加载：96]
[ info ] [ LANG ] /www/wwwroot/rent.niuguagua.com/framework/lang/zh-cn.php
[ info ] [ ROUTE ] array (
)
[ info ] [ HEADER ] array (
  'cookie' => 'PHPSESSID=10jmpcqji3tbgjo226tkjoq5f9',
  'accept-language' => 'zh-CN,zh;q=0.9',
  'accept-encoding' => 'gzip, deflate',
  'accept' => 'text/html,application/xhtml+xml,application/xml;q=0.9,image/webp,image/apng,*/*;q=0.8',
  'user-agent' => 'Mozilla/5.0 (Windows NT 10.0; WOW64) AppleWebKit/537.36 (KHTML, like Gecko) Chrome/65.0.3314.0 Safari/537.36 SE 2.X MetaSr 1.0',
  'upgrade-insecure-requests' => '1',
  'connection' => 'keep-alive',
  'host' => 'hqlyapp.jinzhifm.com',
  'content-type' => '',
  'content-length' => '',
)
[ info ] [ PARAM ] array (
)
---------------------------------------------------------------
[ 2020-04-08T10:29:33+08:00 ] 49.83.235.185 GET hqlyapp.jinzhifm.com/login/login
[运行时间：0.045318s] [吞吐率：22.07req/s] [内存消耗：3,343.00kb] [文件加载：102]
[ info ] [ LANG ] /www/wwwroot/rent.niuguagua.com/framework/lang/zh-cn.php
[ info ] [ ROUTE ] array (
)
[ info ] [ HEADER ] array (
  'cookie' => 'PHPSESSID=10jmpcqji3tbgjo226tkjoq5f9',
  'accept-language' => 'zh-CN,zh;q=0.9',
  'accept-encoding' => 'gzip, deflate',
  'accept' => 'text/html,application/xhtml+xml,application/xml;q=0.9,image/webp,image/apng,*/*;q=0.8',
  'user-agent' => 'Mozilla/5.0 (Windows NT 10.0; WOW64) AppleWebKit/537.36 (KHTML, like Gecko) Chrome/65.0.3314.0 Safari/537.36 SE 2.X MetaSr 1.0',
  'upgrade-insecure-requests' => '1',
  'connection' => 'keep-alive',
  'host' => 'hqlyapp.jinzhifm.com',
  'content-type' => '',
  'content-length' => '',
)
[ info ] [ PARAM ] array (
)
[ info ] [ DB ] INIT mysql
[ info ] [ LANG ] ../application/common/lang/zh-cn.php
[ info ] [ VIEW ] /www/wwwroot/rent.niuguagua.com/application/index/view/login/login.html [ array (
) ]
---------------------------------------------------------------
[ 2020-04-08T12:15:38+08:00 ] 47.101.194.146 GET hqlyma.jinzhifm.com/
[运行时间：0.038421s] [吞吐率：26.03req/s] [内存消耗：2,489.07kb] [文件加载：98]
[ info ] [ ROUTE ] array (
)
[ info ] [ HEADER ] array (
  'accept-encoding' => 'gzip',
  'connection' => 'Keep-Alive',
  'host' => 'hqlyma.jinzhifm.com',
  'user-agent' => 'Mozilla/5.0 (X11; Ubuntu; Linux x86_64; rv:36.0) Gecko/20100101 Firefox/36.0',
  'content-type' => '',
  'content-length' => '',
)
[ info ] [ PARAM ] array (
)
[ info ] [ BEHAVIOR ] Run app\admin\behavior\AdminLog->run @app_end [ RunTime:0.000237s ]
---------------------------------------------------------------
[ 2020-04-08T12:15:38+08:00 ] 47.101.194.146 GET hqlyma.jinzhifm.com/login/login
[运行时间：0.053241s] [吞吐率：18.78req/s] [内存消耗：3,559.38kb] [文件加载：113]
[ info ] [ ROUTE ] array (
)
[ info ] [ HEADER ] array (
  'accept-encoding' => 'gzip',
  'connection' => 'Keep-Alive',
  'host' => 'hqlyma.jinzhifm.com',
  'user-agent' => 'Mozilla/5.0 (X11; Ubuntu; Linux x86_64; rv:36.0) Gecko/20100101 Firefox/36.0',
  'content-type' => '',
  'content-length' => '',
)
[ info ] [ PARAM ] array (
)
[ info ] [ DB ] INIT mysql
[ info ] [ VIEW ] /www/wwwroot/rent.niuguagua.com/application/admin/view/login/login.html [ array (
  0 => 'captcha',
) ]
[ info ] [ BEHAVIOR ] Run app\admin\behavior\AdminLog->run @app_end [ RunTime:0.000262s ]
---------------------------------------------------------------
[ 2020-04-08T12:15:39+08:00 ] 47.101.194.146 GET hqlyma.jinzhifm.com/captcha
[运行时间：0.031283s] [吞吐率：31.97req/s] [内存消耗：1,952.66kb] [文件加载：80]
[ info ] [ ROUTE ] array (
  'rule' => 'captcha/<id?>',
  'route' => '\\think\\captcha\\CaptchaController@index',
  'option' => 
  array (
    'merge_rule_regex' => false,
  ),
  'var' => 
  array (
  ),
)
[ info ] [ HEADER ] array (
  'accept-encoding' => 'gzip',
  'connection' => 'Keep-Alive',
  'host' => 'hqlyma.jinzhifm.com',
  'user-agent' => 'Mozilla/5.0 (X11; Ubuntu; Linux x86_64; rv:36.0) Gecko/20100101 Firefox/36.0',
  'content-type' => '',
  'content-length' => '',
)
[ info ] [ PARAM ] array (
)
---------------------------------------------------------------
[ 2020-04-08T13:16:22+08:00 ] 49.83.235.185 GET hqlyapp.jinzhifm.com/
[运行时间：0.041017s] [吞吐率：24.38req/s] [内存消耗：2,519.75kb] [文件加载：96]
[ info ] [ LANG ] /www/wwwroot/rent.niuguagua.com/framework/lang/zh-cn.php
[ info ] [ ROUTE ] array (
)
[ info ] [ HEADER ] array (
  'cookie' => 'PHPSESSID=mvr0bdvmi4dcujja8oo0qihb93; Hm_lvt_eaa57ca47dacb4ad4f5a257001a3457c=1585681006,1585700563,1585982389,1586266345',
  'accept-language' => 'zh-CN,zh;q=0.9',
  'accept-encoding' => 'gzip, deflate',
  'purpose' => 'prefetch',
  'accept' => 'text/html,application/xhtml+xml,application/xml;q=0.9,image/webp,image/apng,*/*;q=0.8,application/signed-exchange;v=b3;q=0.9',
  'user-agent' => 'Mozilla/5.0 (Windows NT 10.0; WOW64) AppleWebKit/537.36 (KHTML, like Gecko) Chrome/80.0.3970.5 Safari/537.36',
  'upgrade-insecure-requests' => '1',
  'connection' => 'keep-alive',
  'host' => 'hqlyapp.jinzhifm.com',
  'content-type' => '',
  'content-length' => '',
)
[ info ] [ PARAM ] array (
)
---------------------------------------------------------------
[ 2020-04-08T13:16:23+08:00 ] 49.83.235.185 GET hqlyapp.jinzhifm.com/login/login
[运行时间：0.050661s] [吞吐率：19.74req/s] [内存消耗：3,343.53kb] [文件加载：102]
[ info ] [ LANG ] /www/wwwroot/rent.niuguagua.com/framework/lang/zh-cn.php
[ info ] [ ROUTE ] array (
)
[ info ] [ HEADER ] array (
  'cookie' => 'PHPSESSID=mvr0bdvmi4dcujja8oo0qihb93; Hm_lvt_eaa57ca47dacb4ad4f5a257001a3457c=1585681006,1585700563,1585982389,1586266345',
  'accept-language' => 'zh-CN,zh;q=0.9',
  'accept-encoding' => 'gzip, deflate',
  'purpose' => 'prefetch',
  'accept' => 'text/html,application/xhtml+xml,application/xml;q=0.9,image/webp,image/apng,*/*;q=0.8,application/signed-exchange;v=b3;q=0.9',
  'user-agent' => 'Mozilla/5.0 (Windows NT 10.0; WOW64) AppleWebKit/537.36 (KHTML, like Gecko) Chrome/80.0.3970.5 Safari/537.36',
  'upgrade-insecure-requests' => '1',
  'connection' => 'keep-alive',
  'host' => 'hqlyapp.jinzhifm.com',
  'content-type' => '',
  'content-length' => '',
)
[ info ] [ PARAM ] array (
)
[ info ] [ DB ] INIT mysql
[ info ] [ LANG ] ../application/common/lang/zh-cn.php
[ info ] [ VIEW ] /www/wwwroot/rent.niuguagua.com/application/index/view/login/login.html [ array (
) ]
---------------------------------------------------------------
[ 2020-04-08T13:16:23+08:00 ] 49.83.235.185 GET hqlyapp.jinzhifm.com/login/login
[运行时间：0.051095s] [吞吐率：19.57req/s] [内存消耗：3,343.66kb] [文件加载：102]
[ info ] [ LANG ] /www/wwwroot/rent.niuguagua.com/framework/lang/zh-cn.php
[ info ] [ ROUTE ] array (
)
[ info ] [ HEADER ] array (
  'cookie' => 'PHPSESSID=mvr0bdvmi4dcujja8oo0qihb93; Hm_lvt_eaa57ca47dacb4ad4f5a257001a3457c=1585681006,1585700563,1585982389,1586266345',
  'accept-language' => 'zh-CN,zh;q=0.9',
  'accept-encoding' => 'gzip, deflate',
  'accept' => 'text/html,application/xhtml+xml,application/xml;q=0.9,image/webp,image/apng,*/*;q=0.8,application/signed-exchange;v=b3;q=0.9',
  'user-agent' => 'Mozilla/5.0 (Windows NT 10.0; WOW64) AppleWebKit/537.36 (KHTML, like Gecko) Chrome/80.0.3970.5 Safari/537.36',
  'upgrade-insecure-requests' => '1',
  'connection' => 'keep-alive',
  'host' => 'hqlyapp.jinzhifm.com',
  'content-type' => '',
  'content-length' => '',
)
[ info ] [ PARAM ] array (
)
[ info ] [ DB ] INIT mysql
[ info ] [ LANG ] ../application/common/lang/zh-cn.php
[ info ] [ VIEW ] /www/wwwroot/rent.niuguagua.com/application/index/view/login/login.html [ array (
) ]
---------------------------------------------------------------
[ 2020-04-08T13:16:25+08:00 ] 49.83.235.185 GET hqlyapp.jinzhifm.com/login/forgetloginpwd?lang=
[运行时间：0.046166s] [吞吐率：21.66req/s] [内存消耗：3,326.70kb] [文件加载：101]
[ info ] [ ROUTE ] array (
)
[ info ] [ HEADER ] array (
  'cookie' => 'PHPSESSID=mvr0bdvmi4dcujja8oo0qihb93; Hm_lvt_eaa57ca47dacb4ad4f5a257001a3457c=1585681006,1585700563,1585982389,1586266345',
  'accept-language' => 'zh-CN,zh;q=0.9',
  'accept-encoding' => 'gzip, deflate',
  'referer' => 'http://hqlyapp.jinzhifm.com/login/login',
  'accept' => 'text/html,application/xhtml+xml,application/xml;q=0.9,image/webp,image/apng,*/*;q=0.8,application/signed-exchange;v=b3;q=0.9',
  'user-agent' => 'Mozilla/5.0 (Windows NT 10.0; WOW64) AppleWebKit/537.36 (KHTML, like Gecko) Chrome/80.0.3970.5 Safari/537.36',
  'upgrade-insecure-requests' => '1',
  'connection' => 'keep-alive',
  'host' => 'hqlyapp.jinzhifm.com',
  'content-type' => '',
  'content-length' => '',
)
[ info ] [ PARAM ] array (
  'lang' => '',
)
[ info ] [ DB ] INIT mysql
[ info ] [ LANG ] ../application/common/lang/zh-cn.php
[ info ] [ VIEW ] /www/wwwroot/rent.niuguagua.com/application/index/view/login/forgetloginpwd.html [ array (
) ]
---------------------------------------------------------------
[ 2020-04-08T13:16:28+08:00 ] 49.83.235.185 GET hqlyapp.jinzhifm.com/wap/css/bootstrap.css.map
[运行时间：0.042219s] [吞吐率：23.69req/s] [内存消耗：2,342.20kb] [文件加载：92]
[ info ] [ LANG ] /www/wwwroot/rent.niuguagua.com/framework/lang/zh-cn.php
[ info ] [ ROUTE ] array (
)
[ info ] [ HEADER ] array (
  'cookie' => 'PHPSESSID=mvr0bdvmi4dcujja8oo0qihb93; Hm_lvt_eaa57ca47dacb4ad4f5a257001a3457c=1585681006,1585700563,1585982389,1586266345',
  'accept-language' => 'zh-CN,zh;q=0.9',
  'accept-encoding' => 'gzip, deflate',
  'user-agent' => 'Mozilla/5.0 (Windows NT 10.0; WOW64) AppleWebKit/537.36 (KHTML, like Gecko) Chrome/80.0.3970.5 Safari/537.36',
  'connection' => 'keep-alive',
  'host' => 'hqlyapp.jinzhifm.com',
  'content-type' => '',
  'content-length' => '',
)
[ info ] [ PARAM ] array (
)
---------------------------------------------------------------
[ 2020-04-08T13:16:30+08:00 ] 49.83.235.185 GET hqlyapp.jinzhifm.com/login/forgetloginpwd?lang=
[运行时间：0.051492s] [吞吐率：19.42req/s] [内存消耗：3,326.99kb] [文件加载：101]
[ info ] [ ROUTE ] array (
)
[ info ] [ HEADER ] array (
  'cookie' => 'PHPSESSID=mvr0bdvmi4dcujja8oo0qihb93; Hm_lvt_eaa57ca47dacb4ad4f5a257001a3457c=1585681006,1585700563,1585982389,1586266345',
  'accept-language' => 'zh-CN,zh;q=0.9',
  'accept-encoding' => 'gzip, deflate',
  'referer' => 'http://hqlyapp.jinzhifm.com/login/login',
  'accept' => 'text/html,application/xhtml+xml,application/xml;q=0.9,image/webp,image/apng,*/*;q=0.8,application/signed-exchange;v=b3;q=0.9',
  'user-agent' => 'Mozilla/5.0 (Windows NT 10.0; WOW64) AppleWebKit/537.36 (KHTML, like Gecko) Chrome/80.0.3970.5 Safari/537.36',
  'upgrade-insecure-requests' => '1',
  'cache-control' => 'max-age=0',
  'connection' => 'keep-alive',
  'host' => 'hqlyapp.jinzhifm.com',
  'content-type' => '',
  'content-length' => '',
)
[ info ] [ PARAM ] array (
  'lang' => '',
)
[ info ] [ DB ] INIT mysql
[ info ] [ LANG ] ../application/common/lang/zh-cn.php
[ info ] [ VIEW ] /www/wwwroot/rent.niuguagua.com/application/index/view/login/forgetloginpwd.html [ array (
) ]
---------------------------------------------------------------
[ 2020-04-08T13:16:31+08:00 ] 49.83.235.185 GET hqlyapp.jinzhifm.com/wap/css/bootstrap.css.map
[运行时间：0.038483s] [吞吐率：25.99req/s] [内存消耗：2,342.20kb] [文件加载：92]
[ info ] [ LANG ] /www/wwwroot/rent.niuguagua.com/framework/lang/zh-cn.php
[ info ] [ ROUTE ] array (
)
[ info ] [ HEADER ] array (
  'cookie' => 'PHPSESSID=mvr0bdvmi4dcujja8oo0qihb93; Hm_lvt_eaa57ca47dacb4ad4f5a257001a3457c=1585681006,1585700563,1585982389,1586266345',
  'accept-language' => 'zh-CN,zh;q=0.9',
  'accept-encoding' => 'gzip, deflate',
  'user-agent' => 'Mozilla/5.0 (Windows NT 10.0; WOW64) AppleWebKit/537.36 (KHTML, like Gecko) Chrome/80.0.3970.5 Safari/537.36',
  'connection' => 'keep-alive',
  'host' => 'hqlyapp.jinzhifm.com',
  'content-type' => '',
  'content-length' => '',
)
[ info ] [ PARAM ] array (
)
---------------------------------------------------------------
[ 2020-04-08T13:17:27+08:00 ] 61.129.8.179 GET hqlyapp.jinzhifm.com/login/forgetloginpwd?lang=
[运行时间：0.052944s] [吞吐率：18.89req/s] [内存消耗：3,325.27kb] [文件加载：101]
[ info ] [ ROUTE ] array (
)
[ info ] [ HEADER ] array (
  'connection' => 'keep-alive',
  'host' => 'hqlyapp.jinzhifm.com',
  'accept-language' => 'zh-CN,zh;q=0.8,en-US;q=0.6,en;q=0.4',
  'referer' => 'http://hqlyapp.jinzhifm.com/login/login',
  'accept' => '*/*',
  'user-agent' => 'Mozilla/5.0 (Macintosh; Intel Mac OS X 10_12_4) AppleWebKit/537.36 (KHTML, like Gecko) 			Chrome/55.0.2883.95 Safari/537.36',
  'content-type' => '',
  'content-length' => '',
)
[ info ] [ PARAM ] array (
  'lang' => '',
)
[ info ] [ DB ] INIT mysql
[ info ] [ LANG ] ../application/common/lang/zh-cn.php
[ info ] [ VIEW ] /www/wwwroot/rent.niuguagua.com/application/index/view/login/forgetloginpwd.html [ array (
) ]
